[2026-03-27 08:01:51 UTC] ID:2724530
[Bybit - KAVAUSDT   1MIN Funding del -1.632% alle ore 17:00:00 differenza 24h:  +7.55% PERFEZIONE](https://bullweb.scalpingthebull.com/chart/?symbol=BYBIT:KAVAUSDT.P&timeframe=1)
---
[2026-03-27 08:01:34 UTC] ID:2724529
[Bybit - BRUSDT     5MIN SHIMANO differenza 24h:  -21.79% PERFEZIONE](https://bullweb.scalpingthebull.com/chart/?symbol=BYBIT:BRUSDT.P&timeframe=5)
---
[2026-03-27 08:01:20 UTC] ID:2724528
[Bybit - MONUSDT    1GIORNO differenza 3% su minimo di ieri. Differenza candela giorno precedente: -8.0%](https://bullweb.scalpingthebull.com/chart/?symbol=BYBIT:MONUSDT.P&timeframe=1H)
---
[2026-03-27 08:00:40 UTC] ID:2724527
[Bybit - CYSUSDT    5MIN Incrocio 60 - 223 differenza 24h:  +5.79% PERFEZIONE](https://bullweb.scalpingthebull.com/chart/?symbol=BYBIT:CYSUSDT.P&timeframe=5)
---
[2026-03-27 08:00:36 UTC] ID:2724526
[Bybit - 1000RATSUS 5MIN Maxy Bud tf 5 differenza 24h:  +12.01%](https://bullweb.scalpingthebull.com/chart/?symbol=BYBIT:1000RATSUSDT.P&timeframe=5)
---
[2026-03-27 08:04:34 UTC] ID:2724531
[Bybit - BLUAIUSDT  5MIN  Tre Cime differenza 24h:  +7.9% PERFEZIONE](https://bullweb.scalpingthebull.com/chart/?symbol=BYBIT:BLUAIUSDT.P&timeframe=5)
---
[2026-03-27 08:05:30 UTC] ID:2724532
[Bybit - RIVERUSDT  5MIN SHIMANO differenza 24h:  -22.96% PERFEZIONE](https://bullweb.scalpingthebull.com/chart/?symbol=BYBIT:RIVERUSDT.P&timeframe=5)
---
[2026-03-27 08:05:32 UTC] ID:2724533
[Bybit - AVLUSDT    5MIN Maxy Bud tf 5 differenza 24h:  +5.47%](https://bullweb.scalpingthebull.com/chart/?symbol=BYBIT:AVLUSDT.P&timeframe=5)
---
[2026-03-27 08:05:50 UTC] ID:2724534
[Bybit - KATUSDT    saldi. 24h: -23.54%](https://bullweb.scalpingthebull.com/chart/?symbol=BYBIT:KATUSDT.P&timeframe=1D)
---
[2026-03-27 08:06:42 UTC] ID:2724535
[Bybit - TRIAUSDT   30MIN terzotocco ema60. 24h: -5.69% PERFEZIONE](https://bullweb.scalpingthebull.com/chart/?symbol=BYBIT:TRIAUSDT.P&timeframe=30)
---
[2026-03-27 08:08:31 UTC] ID:2724536
[Bybit - BEATUSDT   5MIN terzotocco ema60. 24h: -13.06% PERFEZIONE](https://bullweb.scalpingthebull.com/chart/?symbol=BYBIT:BEATUSDT.P&timeframe=5)
---
[2026-03-27 08:11:25 UTC] ID:2724537
[Bybit - PLUMEUSDT  1MIN SHIMANO differenza 24h:  +7.13%](https://bullweb.scalpingthebull.com/chart/?symbol=BYBIT:PLUMEUSDT.P&timeframe=1)
---
[2026-03-27 08:11:25 UTC] ID:2724538
[Bybit - PIPPINUSDT 5MIN terzotocco ema60. 24h: -9.61% PERFEZIONE](https://bullweb.scalpingthebull.com/chart/?symbol=BYBIT:PIPPINUSDT.P&timeframe=5)
---
[2026-03-27 08:12:44 UTC] ID:2724539
[Bybit - WHITEWHALE 1MIN Bomba Sismografo differenza 24h:  -47.2% PERFEZIONE](https://bullweb.scalpingthebull.com/chart/?symbol=BYBIT:WHITEWHALEUSDT.P&timeframe=1)
---
[2026-03-27 08:14:31 UTC] ID:2724540
[Bybit - BTRUSDT    1MIN Bomba Sismografo differenza 24h:  -12.7%](https://bullweb.scalpingthebull.com/chart/?symbol=BYBIT:BTRUSDT.P&timeframe=1)
---
[2026-03-27 08:15:43 UTC] ID:2724541
[Bybit - UAIUSDT    5MIN emersione incrocio 60/223. 24h: -5.34% PERFEZIONE](https://bullweb.scalpingthebull.com/chart/?symbol=BYBIT:UAIUSDT.P&timeframe=5)
---
[2026-03-27 08:17:24 UTC] ID:2724542
[Bybit - PIPPINUSDT 1MIN emersione incrocio 60/223. 24h: -6.79% PERFEZIONE](https://bullweb.scalpingthebull.com/chart/?symbol=BYBIT:PIPPINUSDT.P&timeframe=1)
---
[2026-03-27 08:17:32 UTC] ID:2724543
[Bybit - BRUSDT     1MIN Bomba Sismografo differenza 24h:  -21.33% PERFEZIONE](https://bullweb.scalpingthebull.com/chart/?symbol=BYBIT:BRUSDT.P&timeframe=1)
---
[2026-03-27 08:17:48 UTC] ID:2724544
[Bybit - GLMUSDT    5MIN  viagra sopra ema 10. differenza 24h:  +5.21% PERFEZIONE](https://bullweb.scalpingthebull.com/chart/?symbol=BYBIT:GLMUSDT.P&timeframe=5)
---
[2026-03-27 08:20:20 UTC] ID:2724545
[Bybit - OLUSDT     5MIN terzotocco ema60. 24h: -5.56%](https://bullweb.scalpingthebull.com/chart/?symbol=BYBIT:OLUSDT.P&timeframe=5)
---
[2026-03-27 08:20:24 UTC] ID:2724546
[Bybit - PIPPINUSDT 1MIN Bomba differenza 24h:  -2.11% PERFEZIONE](https://bullweb.scalpingthebull.com/chart/?symbol=BYBIT:PIPPINUSDT.P&timeframe=1)
---
[2026-03-27 08:20:31 UTC] ID:2724547
[Bybit - BANKUSDT  1GIORNO differenza 3% su massimo di ieri. Differenza candela giorno precedente: +5.7% PERFEZIONE](https://bullweb.scalpingthebull.com/chart/?symbol=BYBIT:BANKUSDT.P&timeframe=1H)
---
[2026-03-27 08:20:44 UTC] ID:2724548
[Bybit - FHEUSDT    1GIORNO differenza 3% su minimo di ieri. Differenza candela giorno precedente: -9.76% PERFEZIONE](https://bullweb.scalpingthebull.com/chart/?symbol=BYBIT:FHEUSDT.P&timeframe=1H)
---
[2026-03-27 08:21:34 UTC] ID:2724549
[Binance - CUSDC      1MIN Bomba Sismografo differenza 24h:  +45.17%](https://bullweb.scalpingthebull.com/chart/?symbol=BINANCE:CUSDC&timeframe=1)
---
[2026-03-27 08:24:37 UTC] ID:2724550
[Bybit - CYSUSDT    5MIN bud. 24h: +10.44% PERFEZIONE](https://bullweb.scalpingthebull.com/chart/?symbol=BYBIT:CYSUSDT.P&timeframe=5)
---
[2026-03-27 08:25:41 UTC] ID:2724551
[Bybit - FHEUSDT    5MIN emersione incrocio 60/223. 24h: -8.72%](https://bullweb.scalpingthebull.com/chart/?symbol=BYBIT:FHEUSDT.P&timeframe=5)
---
[2026-03-27 08:26:42 UTC] ID:2724552
[Bybit - TOWNSUSDT  1GIORNO doppio tocco. 24h: +5.22% PERFEZIONE](https://bullweb.scalpingthebull.com/chart/?symbol=BYBIT:TOWNSUSDT.P&timeframe=1H)
---
[2026-03-27 08:27:28 UTC] ID:2724553
[Bybit - RIVERUSDT  1MIN Bomba differenza 24h:  -18.25% PERFEZIONE](https://bullweb.scalpingthebull.com/chart/?symbol=BYBIT:RIVERUSDT.P&timeframe=1)
---
[2026-03-27 08:27:32 UTC] ID:2724554
[Bybit - RIVERUSDT  1MIN Bomba Sismografo differenza 24h:  -18.25% PERFEZIONE](https://bullweb.scalpingthebull.com/chart/?symbol=BYBIT:RIVERUSDT.P&timeframe=1)
---
[2026-03-27 08:27:42 UTC] ID:2724555
[Bybit - UAIUSDT    1MIN SHIMANO differenza 24h:  -5.99% PERFEZIONE](https://bullweb.scalpingthebull.com/chart/?symbol=BYBIT:UAIUSDT.P&timeframe=1)
---
[2026-03-27 08:29:31 UTC] ID:2724556
[Bybit - BSBUSDT    1MIN Bomba differenza 24h:  +15.94%](https://bullweb.scalpingthebull.com/chart/?symbol=BYBIT:BSBUSDT.P&timeframe=1)
---
[2026-03-27 08:29:37 UTC] ID:2724557
[Bybit - BSBUSDT    1MIN Bomba Sismografo differenza 24h:  +15.94%](https://bullweb.scalpingthebull.com/chart/?symbol=BYBIT:BSBUSDT.P&timeframe=1)
---
[2026-03-27 08:30:18 UTC] ID:2724558
[Bybit - MONUSDT    5MIN  viagra sotto ema 10. differenza 24h:  -8.36% PERFEZIONE](https://bullweb.scalpingthebull.com/chart/?symbol=BYBIT:MONUSDT.P&timeframe=5)
---
[2026-03-27 08:30:25 UTC] ID:2724559
[Bybit - ARIAUSDT   5MIN Maxy Bud tf 5 differenza 24h:  -5.11%](https://bullweb.scalpingthebull.com/chart/?symbol=BYBIT:ARIAUSDT.P&timeframe=5)
---
[2026-03-27 08:30:46 UTC] ID:2724560
[Bybit - FLUXUSDT   5MIN Maxy Bud tf 5 differenza 24h:  +5.02%](https://bullweb.scalpingthebull.com/chart/?symbol=BYBIT:FLUXUSDT.P&timeframe=5)
---
[2026-03-27 08:31:23 UTC] ID:2724561
[Bybit - 10000QUBIC 5MIN Maxy Bud tf 5 differenza 24h:  +7.67% PERFEZIONE](https://bullweb.scalpingthebull.com/chart/?symbol=BYBIT:10000QUBICUSDT.P&timeframe=5)
---
[2026-03-27 08:31:23 UTC] ID:2724562
[Bybit - PLAYSOUTUS 1MIN Bomba differenza 24h:  -1.84%](https://bullweb.scalpingthebull.com/chart/?symbol=BYBIT:PLAYSOUTUSDT.P&timeframe=1)
---
[2026-03-27 08:31:27 UTC] ID:2724563
[Bybit - PLAYSOUTUS 1MIN Bomba Sismografo differenza 24h:  -1.84%](https://bullweb.scalpingthebull.com/chart/?symbol=BYBIT:PLAYSOUTUSDT.P&timeframe=1)
---
[2026-03-27 08:32:34 UTC] ID:2724564
[Bybit - BSBUSDT    1GIORNO  C'è Fomo differenza 24h:  +14.18%](https://bullweb.scalpingthebull.com/chart/?symbol=BYBIT:BSBUSDT.P&timeframe=1D)
---
[2026-03-27 08:33:35 UTC] ID:2724565
[Bybit - BPUSDT     5MIN Rimbalzo ema 223 tf 5 differenza 24h:  -12.38% PERFEZIONE](https://bullweb.scalpingthebull.com/chart/?symbol=BYBIT:BPUSDT.P&timeframe=5)
---
[2026-03-27 08:36:49 UTC] ID:2724566
[Bybit - LIGHTUSDT  1GIORNO differenza 3% su minimo di ieri. Differenza candela giorno precedente: -10.21% PERFEZIONE](https://bullweb.scalpingthebull.com/chart/?symbol=BYBIT:LIGHTUSDT.P&timeframe=1H)
---
[2026-03-27 08:37:50 UTC] ID:2724567
[Bybit - KNCUSDT    5MIN Rimbalzo ema 60 tf 5 differenza 24h:  +22.01%](https://bullweb.scalpingthebull.com/chart/?symbol=BYBIT:KNCUSDT.P&timeframe=5)
---
[2026-03-27 08:38:36 UTC] ID:2724568
[Bybit - COREUSDT   1GIORNO differenza 3% su minimo di ieri. Differenza candela giorno precedente: -6.67% PERFEZIONE](https://bullweb.scalpingthebull.com/chart/?symbol=BYBIT:COREUSDT.P&timeframe=1H)
---
[2026-03-27 08:38:47 UTC] ID:2724569
[Bybit - XNYUSDT    1MIN Bomba Sismografo differenza 24h:  -3.68% PERFEZIONE](https://bullweb.scalpingthebull.com/chart/?symbol=BYBIT:XNYUSDT.P&timeframe=1)
---
[2026-03-27 08:39:49 UTC] ID:2724570
[Bybit - HUMAUSDT   saldi. 24h: -21.28%](https://bullweb.scalpingthebull.com/chart/?symbol=BYBIT:HUMAUSDT.P&timeframe=1D)
---
[2026-03-27 08:40:28 UTC] ID:2724571
[Bybit - PTBUSDT    1MIN Funding del -1.653% alle ore 10:00:00 differenza 24h:  +4.98%](https://bullweb.scalpingthebull.com/chart/?symbol=BYBIT:PTBUSDT.P&timeframe=1)
---
[2026-03-27 08:40:33 UTC] ID:2724572
[Bybit - RIVERUSDT  5MIN Maxy Bud tf 5 differenza 24h:  -17.43% PERFEZIONE](https://bullweb.scalpingthebull.com/chart/?symbol=BYBIT:RIVERUSDT.P&timeframe=5)
---
[2026-03-27 08:40:47 UTC] ID:2724573
[Bybit - WHITEWHALE 5MIN SHIMANO differenza 24h:  -49.79% PERFEZIONE](https://bullweb.scalpingthebull.com/chart/?symbol=BYBIT:WHITEWHALEUSDT.P&timeframe=5)
---
[2026-03-27 08:40:48 UTC] ID:2724574
[Bybit - VFYUSDT    5MIN Maxy Bud tf 5 differenza 24h:  -7.0%](https://bullweb.scalpingthebull.com/chart/?symbol=BYBIT:VFYUSDT.P&timeframe=5)
---
[2026-03-27 08:40:49 UTC] ID:2724575
[Bybit - XPLUSDT    1GIORNO differenza 3% su minimo di ieri. Differenza candela giorno precedente: -5.21% PERFEZIONE](https://bullweb.scalpingthebull.com/chart/?symbol=BYBIT:XPLUSDT.P&timeframe=1H)
---
[2026-03-27 08:41:22 UTC] ID:2724576
[Bybit - OLUSDT     1GIORNO differenza 3% su minimo di ieri. Differenza candela giorno precedente: -6.95% PERFEZIONE](https://bullweb.scalpingthebull.com/chart/?symbol=BYBIT:OLUSDT.P&timeframe=1H)
---
[2026-03-27 08:41:47 UTC] ID:2724577
[Bybit - HPOS10IUSD 1GIORNO differenza 3% su minimo di ieri. Differenza candela giorno precedente: -5.02%](https://bullweb.scalpingthebull.com/chart/?symbol=BYBIT:HPOS10IUSDT.P&timeframe=1H)
---
[2026-03-27 08:45:31 UTC] ID:2724578
[Bybit - BLUAIUSDT  30MIN terzotocco ema60. 24h: +12.01% PERFEZIONE](https://bullweb.scalpingthebull.com/chart/?symbol=BYBIT:BLUAIUSDT.P&timeframe=30)
---
[2026-03-27 08:48:49 UTC] ID:2724579
[Bybit - GUNUSDT    5MIN  Tre Cime differenza 24h:  -17.46%](https://bullweb.scalpingthebull.com/chart/?symbol=BYBIT:GUNUSDT.P&timeframe=5)
---
[2026-03-27 08:49:16 UTC] ID:2724580
[Bybit - MERLUSDT   1GIORNO differenza 3% su minimo di ieri. Differenza candela giorno precedente: -5.83% PERFEZIONE](https://bullweb.scalpingthebull.com/chart/?symbol=BYBIT:MERLUSDT.P&timeframe=1H)
---
[2026-03-27 08:49:29 UTC] ID:2724581
[Bybit - RIVERUSDT  30MIN terzotocco ema60. 24h: -13.43%](https://bullweb.scalpingthebull.com/chart/?symbol=BYBIT:RIVERUSDT.P&timeframe=30)
---
[2026-03-27 08:51:16 UTC] ID:2724582
[Bybit - MERLUSDT   5MIN terzotocco ema60. 24h: -5.42%](https://bullweb.scalpingthebull.com/chart/?symbol=BYBIT:MERLUSDT.P&timeframe=5)
---
[2026-03-27 08:51:28 UTC] ID:2724583
[Binance - RESOLVUSDC 1MIN Bomba differenza 24h:  +15.32%](https://bullweb.scalpingthebull.com/chart/?symbol=BINANCE:RESOLVUSDC&timeframe=1)
---
[2026-03-27 08:51:28 UTC] ID:2724584
[Bybit - RESOLVUSDT 1MIN Bomba differenza 24h:  +14.28%](https://bullweb.scalpingthebull.com/chart/?symbol=BYBIT:RESOLVUSDT.P&timeframe=1)
---
[2026-03-27 08:51:30 UTC] ID:2724585
[Binance - RESOLVUSDC 1MIN Bomba Sismografo differenza 24h:  +15.32%](https://bullweb.scalpingthebull.com/chart/?symbol=BINANCE:RESOLVUSDC&timeframe=1)
---
[2026-03-27 08:51:31 UTC] ID:2724586
[Bybit - RESOLVUSDT 1MIN Bomba Sismografo differenza 24h:  +14.28%](https://bullweb.scalpingthebull.com/chart/?symbol=BYBIT:RESOLVUSDT.P&timeframe=1)
---
[2026-03-27 08:52:28 UTC] ID:2724587
[Bybit - RAVEUSDT   5MIN terzotocco ema60. 24h: +6.63%](https://bullweb.scalpingthebull.com/chart/?symbol=BYBIT:RAVEUSDT.P&timeframe=5)
---
[2026-03-27 08:52:36 UTC] ID:2724588
[Bybit - CUSDT      1MIN SHIMANO differenza 24h:  +39.17%](https://bullweb.scalpingthebull.com/chart/?symbol=BYBIT:CUSDT.P&timeframe=1)
---
[2026-03-27 08:54:29 UTC] ID:2724589
[Bybit - BLESSUSDT  sta per fare il cambio colore](https://bullweb.scalpingthebull.com/chart/?symbol=BYBIT:BLESSUSDT.P&timeframe=1D)
---
[2026-03-27 08:54:41 UTC] ID:2724590
[Bybit - THEUSDT    5MIN terzotocco ema60. 24h: -5.35%](https://bullweb.scalpingthebull.com/chart/?symbol=BYBIT:THEUSDT.P&timeframe=5)
---
[2026-03-27 08:54:46 UTC] ID:2724591
[Bybit - THEUSDT    1GIORNO differenza 3% su minimo di ieri. Differenza candela giorno precedente: -5.35% PERFEZIONE](https://bullweb.scalpingthebull.com/chart/?symbol=BYBIT:THEUSDT.P&timeframe=1H)
---
[2026-03-27 08:54:52 UTC] ID:2724592
[Bybit - KNCUSDT    30MIN Hammer tf 30 differenza 24h:  +25.05% PERFEZIONE](https://bullweb.scalpingthebull.com/chart/?symbol=BYBIT:KNCUSDT.P&timeframe=30)
---
[2026-03-27 08:56:49 UTC] ID:2724593
[Bybit - HIVEUSDT   5MIN emersione incrocio 60/223. 24h: -5.1% PERFEZIONE](https://bullweb.scalpingthebull.com/chart/?symbol=BYBIT:HIVEUSDT.P&timeframe=5)
---
[2026-03-27 08:57:22 UTC] ID:2724594
[Bybit - 4USDT      5MIN terzotocco ema60. 24h: +5.14% PERFEZIONE](https://bullweb.scalpingthebull.com/chart/?symbol=BYBIT:4USDT.P&timeframe=5)
---
[2026-03-27 08:58:26 UTC] ID:2724595
[Bybit - ANKRUSDT   1GIORNO doppio tocco. 24h: +5.04% PERFEZIONE](https://bullweb.scalpingthebull.com/chart/?symbol=BYBIT:ANKRUSDT.P&timeframe=1H)
---
[2026-03-27 09:01:14 UTC] ID:2724596
[Bybit - MERLUSDT   5MIN emersione incrocio 60/223. 24h: -5.2%](https://bullweb.scalpingthebull.com/chart/?symbol=BYBIT:MERLUSDT.P&timeframe=5)
---
[2026-03-27 09:02:40 UTC] ID:2724597
[Bybit - EDGEUSDT   5MIN terzotocco ema60. 24h: -10.85%](https://bullweb.scalpingthebull.com/chart/?symbol=BYBIT:EDGEUSDT.P&timeframe=5)
---
[2026-03-27 09:05:24 UTC] ID:2724598
[Bybit - NOMUSDT    30MIN  viagra sotto ema 10. differenza 24h:  -13.82% PERFEZIONE](https://bullweb.scalpingthebull.com/chart/?symbol=BYBIT:NOMUSDT.P&timeframe=30)
---
[2026-03-27 09:05:30 UTC] ID:2724599
[Bybit - ANKRUSDT   1MIN Funding del -1.006% alle ore 17:00:00 differenza 24h:  +6.04% PERFEZIONE](https://bullweb.scalpingthebull.com/chart/?symbol=BYBIT:ANKRUSDT.P&timeframe=1)
---
[2026-03-27 09:05:33 UTC] ID:2724600
[Bybit - RESOLVUSDT 5MIN Maxy Bud tf 5 differenza 24h:  +14.13% PERFEZIONE](https://bullweb.scalpingthebull.com/chart/?symbol=BYBIT:RESOLVUSDT.P&timeframe=5)
---
[2026-03-27 09:05:34 UTC] ID:2724601
[Bybit - BRUSDT     5MIN SHIMANO differenza 24h:  -17.67%](https://bullweb.scalpingthebull.com/chart/?symbol=BYBIT:BRUSDT.P&timeframe=5)
---
[2026-03-27 09:05:44 UTC] ID:2724602
[Bybit - UAIUSDT    5MIN terzotocco ema60. 24h: -5.51% PERFEZIONE](https://bullweb.scalpingthebull.com/chart/?symbol=BYBIT:UAIUSDT.P&timeframe=5)
---
[2026-03-27 09:06:30 UTC] ID:2724603
[Bybit - RESOLVUSDT 5MIN bud. 24h: +14.53% PERFEZIONE](https://bullweb.scalpingthebull.com/chart/?symbol=BYBIT:RESOLVUSDT.P&timeframe=5)
---
[2026-03-27 09:06:42 UTC] ID:2724604
[Bybit - UAIUSDT    1MIN Bomba Sismografo differenza 24h:  -4.47% PERFEZIONE](https://bullweb.scalpingthebull.com/chart/?symbol=BYBIT:UAIUSDT.P&timeframe=1)
---
[2026-03-27 09:06:51 UTC] ID:2724605
[Bybit - KAVAUSDT   5MIN bud. 24h: +6.01% PERFEZIONE](https://bullweb.scalpingthebull.com/chart/?symbol=BYBIT:KAVAUSDT.P&timeframe=5)
---
[2026-03-27 09:08:45 UTC] ID:2724606
[Bybit - GIGGLEUSDT 1MIN Bomba differenza 24h:  -1.7%](https://bullweb.scalpingthebull.com/chart/?symbol=BYBIT:GIGGLEUSDT.P&timeframe=1)
---
[2026-03-27 09:08:45 UTC] ID:2724607
[Binance - GIGGLEUSDC 1MIN Bomba differenza 24h:  -1.98%](https://bullweb.scalpingthebull.com/chart/?symbol=BINANCE:GIGGLEUSDC&timeframe=1)
---
[2026-03-27 09:08:49 UTC] ID:2724608
[Binance - GIGGLEUSDC 1MIN Bomba Sismografo differenza 24h:  -1.98%](https://bullweb.scalpingthebull.com/chart/?symbol=BINANCE:GIGGLEUSDC&timeframe=1)
---
[2026-03-27 09:08:50 UTC] ID:2724609
[Bybit - GIGGLEUSDT 1MIN Bomba Sismografo differenza 24h:  -1.7%](https://bullweb.scalpingthebull.com/chart/?symbol=BYBIT:GIGGLEUSDT.P&timeframe=1)
---
[2026-03-27 09:11:15 UTC] ID:2724610
[Bybit - LYNUSDT    1MIN SHIMANO differenza 24h:  -24.57% PERFEZIONE](https://bullweb.scalpingthebull.com/chart/?symbol=BYBIT:LYNUSDT.P&timeframe=1)
---
[2026-03-27 09:11:40 UTC] ID:2724611
[Bybit - DRIFTUSDT  1GIORNO differenza 3% su minimo di ieri. Differenza candela giorno precedente: -5.09%](https://bullweb.scalpingthebull.com/chart/?symbol=BYBIT:DRIFTUSDT.P&timeframe=1H)
---
[2026-03-27 09:11:43 UTC] ID:2724612
[Bybit - ENAUSDT    1GIORNO differenza 3% su minimo di ieri. Differenza candela giorno precedente: -5.47% PERFEZIONE](https://bullweb.scalpingthebull.com/chart/?symbol=BYBIT:ENAUSDT.P&timeframe=1H)
---
[2026-03-27 09:11:49 UTC] ID:2724613
[Bybit - HOOKUSDT   1GIORNO differenza 3% su minimo di ieri. Differenza candela giorno precedente: -20.54% PERFEZIONE](https://bullweb.scalpingthebull.com/chart/?symbol=BYBIT:HOOKUSDT.P&timeframe=1H)
---
[2026-03-27 09:14:22 UTC] ID:2724614
[Bybit - 1000RATSUS 1GIORNO doppio tocco. 24h: +13.19% PERFEZIONE](https://bullweb.scalpingthebull.com/chart/?symbol=BYBIT:1000RATSUSDT.P&timeframe=1H)
---
[2026-03-27 09:14:50 UTC] ID:2724615
[Bybit - KNCUSDT    5MIN Rottura ema 60 tf 5 differenza 24h:  +19.37%](https://bullweb.scalpingthebull.com/chart/?symbol=BYBIT:KNCUSDT.P&timeframe=5)
---
[2026-03-27 09:15:49 UTC] ID:2724616
[Bybit - YBUSDT     5MIN bud. 24h: +6.42%](https://bullweb.scalpingthebull.com/chart/?symbol=BYBIT:YBUSDT.P&timeframe=5)
---
[2026-03-27 09:16:42 UTC] ID:2724617
[Bybit - UBUSDT     1MIN Bomba Sismografo differenza 24h:  -5.89% PERFEZIONE](https://bullweb.scalpingthebull.com/chart/?symbol=BYBIT:UBUSDT.P&timeframe=1)
---
[2026-03-27 09:19:46 UTC] ID:2724618
[Bybit - FOLKSUSDT  5MIN terzotocco ema60. 24h: +14.24% PERFEZIONE](https://bullweb.scalpingthebull.com/chart/?symbol=BYBIT:FOLKSUSDT.P&timeframe=5)
---
[2026-03-27 09:20:30 UTC] ID:2724619
[Bybit - RIVERUSDT  5MIN emersione incrocio 60/223. 24h: -9.26% PERFEZIONE](https://bullweb.scalpingthebull.com/chart/?symbol=BYBIT:RIVERUSDT.P&timeframe=5)
---
[2026-03-27 09:21:29 UTC] ID:2724620
[Bybit - B3USDT     30MIN emersione incrocio 60/223. 24h: +5.48%](https://bullweb.scalpingthebull.com/chart/?symbol=BYBIT:B3USDT.P&timeframe=30)
---
[2026-03-27 09:21:42 UTC] ID:2724621
[Bybit - CUSDT      1MIN Funding del -1.07% alle ore 13:00:00 differenza 24h:  +40.22%](https://bullweb.scalpingthebull.com/chart/?symbol=BYBIT:CUSDT.P&timeframe=1)
---
[2026-03-27 09:25:26 UTC] ID:2724622
[Bybit - 1000RATSUS 5MIN Maxy Bud tf 5 differenza 24h:  +12.43% PERFEZIONE](https://bullweb.scalpingthebull.com/chart/?symbol=BYBIT:1000RATSUSDT.P&timeframe=5)
---
[2026-03-27 09:25:31 UTC] ID:2724623
[Bybit - ROAMUSDT   5MIN SHIMANO differenza 24h:  -5.28% PERFEZIONE](https://bullweb.scalpingthebull.com/chart/?symbol=BYBIT:ROAMUSDT.P&timeframe=5)
---
[2026-03-27 09:25:31 UTC] ID:2724624
[Bybit - BPUSDT     5MIN emersione incrocio 60/223. 24h: -6.44%](https://bullweb.scalpingthebull.com/chart/?symbol=BYBIT:BPUSDT.P&timeframe=5)
---
[2026-03-27 09:26:33 UTC] ID:2724625
[Bybit - ROAMUSDT   5MIN Rimbalzo ema 223 tf 5 differenza 24h:  -5.45% PERFEZIONE](https://bullweb.scalpingthebull.com/chart/?symbol=BYBIT:ROAMUSDT.P&timeframe=5)
---
[2026-03-27 09:26:39 UTC] ID:2724626
[Bybit - STOUSDT    5MIN bud. 24h: +10.13% PERFEZIONE](https://bullweb.scalpingthebull.com/chart/?symbol=BYBIT:STOUSDT.P&timeframe=5)
---
[2026-03-27 09:27:33 UTC] ID:2724627
[Bybit - BOBBOBUSDT 5MIN  Tre Cime differenza 24h:  +11.77%](https://bullweb.scalpingthebull.com/chart/?symbol=BYBIT:BOBBOBUSDT.P&timeframe=5)
---
[2026-03-27 09:29:33 UTC] ID:2724628
[Bybit - PLAYSOUTUS 5MIN Rimbalzo ema 60 tf 5 differenza 24h:  -5.54% PERFEZIONE](https://bullweb.scalpingthebull.com/chart/?symbol=BYBIT:PLAYSOUTUSDT.P&timeframe=5)
---
[2026-03-27 09:30:48 UTC] ID:2724629
[Bybit - YBUSDT     5MIN Maxy Bud tf 5 differenza 24h:  +7.92%](https://bullweb.scalpingthebull.com/chart/?symbol=BYBIT:YBUSDT.P&timeframe=5)
---
[2026-03-27 09:33:17 UTC] ID:2724630
[Bybit - METUSDT   1GIORNO differenza 3% su massimo di ieri. Differenza candela giorno precedente: +5.16% PERFEZIONE](https://bullweb.scalpingthebull.com/chart/?symbol=BYBIT:METUSDT.P&timeframe=1H)
---
[2026-03-27 09:33:21 UTC] ID:2724631
[Bybit - OPNUSDT    1MIN emersione incrocio 60/223. 24h: -5.01% PERFEZIONE](https://bullweb.scalpingthebull.com/chart/?symbol=BYBIT:OPNUSDT.P&timeframe=1)
---
[2026-03-27 09:33:22 UTC] ID:2724632
[Bybit - METUSDT    1GIORNO doppio tocco. 24h: +5.16% PERFEZIONE](https://bullweb.scalpingthebull.com/chart/?symbol=BYBIT:METUSDT.P&timeframe=1H)
---
[2026-03-27 09:33:32 UTC] ID:2724633
[Bybit - RDNTUSDT   5MIN terzotocco ema60. 24h: -5.04% PERFEZIONE](https://bullweb.scalpingthebull.com/chart/?symbol=BYBIT:RDNTUSDT.P&timeframe=5)
---
[2026-03-27 09:36:29 UTC] ID:2724634
[Bybit - BEATUSDT   1MIN SHIMANO differenza 24h:  -7.52%](https://bullweb.scalpingthebull.com/chart/?symbol=BYBIT:BEATUSDT.P&timeframe=1)
---
[2026-03-27 09:37:31 UTC] ID:2724635
[Bybit - B3USDT     5MIN Maxy Bud tf 5 differenza 24h:  +5.4%](https://bullweb.scalpingthebull.com/chart/?symbol=BYBIT:B3USDT.P&timeframe=5)
---
[2026-03-27 09:38:20 UTC] ID:2724636
[Bybit - OPNUSDT    1MIN SHIMANO differenza 24h:  -5.43%](https://bullweb.scalpingthebull.com/chart/?symbol=BYBIT:OPNUSDT.P&timeframe=1)
---
[2026-03-27 09:39:21 UTC] ID:2724637
[Bybit - NTRNUSDT   5MIN terzotocco ema60. 24h: -11.68%](https://bullweb.scalpingthebull.com/chart/?symbol=BYBIT:NTRNUSDT.P&timeframe=5)
---
[2026-03-27 09:40:13 UTC] ID:2724638
[Bybit - LYNUSDT    1MIN emersione incrocio 60/223. 24h: -23.15%](https://bullweb.scalpingthebull.com/chart/?symbol=BYBIT:LYNUSDT.P&timeframe=1)
---
[2026-03-27 09:40:32 UTC] ID:2724639
[Bybit - RIVERUSDT  5MIN Rimbalzo ema 60 tf 5 differenza 24h:  -17.34% PERFEZIONE](https://bullweb.scalpingthebull.com/chart/?symbol=BYBIT:RIVERUSDT.P&timeframe=5)
---
[2026-03-27 09:40:35 UTC] ID:2724640
[Bybit - BRUSDT     5MIN Rimbalzo ema 60 tf 5 differenza 24h:  -16.41% PERFEZIONE](https://bullweb.scalpingthebull.com/chart/?symbol=BYBIT:BRUSDT.P&timeframe=5)
---
[2026-03-27 09:40:36 UTC] ID:2724641
[Bybit - RIVERUSDT  5MIN Rimbalzo ema 223 tf 5 differenza 24h:  -17.34% PERFEZIONE](https://bullweb.scalpingthebull.com/chart/?symbol=BYBIT:RIVERUSDT.P&timeframe=5)
---
[2026-03-27 09:40:43 UTC] ID:2724642
[Bybit - BRUSDT     5MIN Rottura ema 60 tf 5 differenza 24h:  -16.41% PERFEZIONE](https://bullweb.scalpingthebull.com/chart/?symbol=BYBIT:BRUSDT.P&timeframe=5)
---
[2026-03-27 09:41:21 UTC] ID:2724643
[Bybit - NOMUSDT    1GIORNO  viagra sotto ema 10. differenza 24h:  -13.98% PERFEZIONE](https://bullweb.scalpingthebull.com/chart/?symbol=BYBIT:NOMUSDT.P&timeframe=1D)
---
[2026-03-27 09:41:47 UTC] ID:2724644
[Bybit - WHITEWHALE 5MIN SHIMANO differenza 24h:  -48.25% PERFEZIONE](https://bullweb.scalpingthebull.com/chart/?symbol=BYBIT:WHITEWHALEUSDT.P&timeframe=5)
---
[2026-03-27 09:42:33 UTC] ID:2724645
[Bybit - RIVERUSDT  5MIN Rottura ema 60 tf 5 differenza 24h:  -17.47% PERFEZIONE](https://bullweb.scalpingthebull.com/chart/?symbol=BYBIT:RIVERUSDT.P&timeframe=5)
---
[2026-03-27 09:44:17 UTC] ID:2724646
[Bybit - MUSDT      1MIN emersione incrocio 60/223. 24h: -8.79%](https://bullweb.scalpingthebull.com/chart/?symbol=BYBIT:MUSDT.P&timeframe=1)
---
[2026-03-27 09:44:50 UTC] ID:2724647
[Bybit - KITEUSDT   5MIN terzotocco ema60. 24h: -5.19% PERFEZIONE](https://bullweb.scalpingthebull.com/chart/?symbol=BYBIT:KITEUSDT.P&timeframe=5)
---
[2026-03-27 09:45:31 UTC] ID:2724648
[Bybit - BSBUSDT    1MIN Bomba differenza 24h:  +16.42%](https://bullweb.scalpingthebull.com/chart/?symbol=BYBIT:BSBUSDT.P&timeframe=1)
---
[2026-03-27 09:45:39 UTC] ID:2724649
[Bybit - BSBUSDT    1MIN Bomba Sismografo differenza 24h:  +16.42%](https://bullweb.scalpingthebull.com/chart/?symbol=BYBIT:BSBUSDT.P&timeframe=1)
---
[2026-03-27 09:45:45 UTC] ID:2724650
[Bybit - XPINUSDT   1MIN Bomba differenza 24h:  +1.62%](https://bullweb.scalpingthebull.com/chart/?symbol=BYBIT:XPINUSDT.P&timeframe=1)
---
[2026-03-27 09:45:47 UTC] ID:2724651
[Bybit - XPINUSDT   1MIN Bomba Sismografo differenza 24h:  +1.62%](https://bullweb.scalpingthebull.com/chart/?symbol=BYBIT:XPINUSDT.P&timeframe=1)
---
[2026-03-27 09:45:47 UTC] ID:2724652
[Bybit - BSBUSDT    1GIORNO  C'è una mini Fomo differenza 24h:  +16.42%](https://bullweb.scalpingthebull.com/chart/?symbol=BYBIT:BSBUSDT.P&timeframe=1D)
---
[2026-03-27 09:47:19 UTC] ID:2724653
[Bybit - MUSDT      5MIN terzotocco ema60. 24h: -8.58%](https://bullweb.scalpingthebull.com/chart/?symbol=BYBIT:MUSDT.P&timeframe=5)
---
[2026-03-27 09:48:32 UTC] ID:2724654
[Bybit - BSBUSDT    1GIORNO doppio tocco. 24h: +18.0%](https://bullweb.scalpingthebull.com/chart/?symbol=BYBIT:BSBUSDT.P&timeframe=1H)
---
[2026-03-27 09:48:35 UTC] ID:2724655
[Bybit - BRUSDT     30MIN Hammer tf 30 differenza 24h:  -12.24% PERFEZIONE](https://bullweb.scalpingthebull.com/chart/?symbol=BYBIT:BRUSDT.P&timeframe=30)
---
[2026-03-27 09:49:27 UTC] ID:2724656
[Bybit - ARCUSDT    5MIN terzotocco ema60. 24h: -5.03% PERFEZIONE](https://bullweb.scalpingthebull.com/chart/?symbol=BYBIT:ARCUSDT.P&timeframe=5)
---
[2026-03-27 09:50:27 UTC] ID:2724657
[Bybit - B3USDT     1MIN Bomba differenza 24h:  +9.7%](https://bullweb.scalpingthebull.com/chart/?symbol=BYBIT:B3USDT.P&timeframe=1)
---
[2026-03-27 09:50:34 UTC] ID:2724658
[Bybit - B3USDT     1MIN Bomba Sismografo differenza 24h:  +9.7%](https://bullweb.scalpingthebull.com/chart/?symbol=BYBIT:B3USDT.P&timeframe=1)
---
[2026-03-27 09:52:41 UTC] ID:2724659
[Bybit - TOWNSUSDT  1MIN Bomba differenza 24h:  +9.41%](https://bullweb.scalpingthebull.com/chart/?symbol=BYBIT:TOWNSUSDT.P&timeframe=1)
---
[2026-03-27 09:52:44 UTC] ID:2724660
[Bybit - TOWNSUSDT  1MIN Bomba Sismografo differenza 24h:  +9.41%](https://bullweb.scalpingthebull.com/chart/?symbol=BYBIT:TOWNSUSDT.P&timeframe=1)
---
[2026-03-27 09:54:21 UTC] ID:2724661
[Bybit - ONTUSDT    5MIN terzotocco ema60. 24h: -7.96%](https://bullweb.scalpingthebull.com/chart/?symbol=BYBIT:ONTUSDT.P&timeframe=5)
---
[2026-03-27 09:58:20 UTC] ID:2724662
[Bybit - MYXUSDT    1MIN SHIMANO differenza 24h:  -10.89% PERFEZIONE](https://bullweb.scalpingthebull.com/chart/?symbol=BYBIT:MYXUSDT.P&timeframe=1)
---
[2026-03-27 10:00:20 UTC] ID:2724663
[Bybit - MAVUSDT    30MIN  viagra sopra ema 10. differenza 24h:  +5.3% PERFEZIONE](https://bullweb.scalpingthebull.com/chart/?symbol=BYBIT:MAVUSDT.P&timeframe=30)
---
[2026-03-27 10:00:37 UTC] ID:2724664
[Bybit - CHRUSDT    5MIN Maxy Bud tf 5 differenza 24h:  +5.48%](https://bullweb.scalpingthebull.com/chart/?symbol=BYBIT:CHRUSDT.P&timeframe=5)
---
[2026-03-27 10:00:41 UTC] ID:2724665
[Bybit - DYDXUSDT   5MIN bud. 24h: +10.37% PERFEZIONE](https://bullweb.scalpingthebull.com/chart/?symbol=BYBIT:DYDXUSDT.P&timeframe=5)
---
[2026-03-27 10:00:45 UTC] ID:2724666
[Bybit - ETHFIUSDT  30MIN  viagra sotto ema 10. differenza 24h:  -7.55% PERFEZIONE](https://bullweb.scalpingthebull.com/chart/?symbol=BYBIT:ETHFIUSDT.P&timeframe=30)
---
[2026-03-27 10:01:24 UTC] ID:2724667
[Bybit - 1000RATSUS1GIORNO differenza 3% su massimo di ieri. Differenza candela giorno precedente: +13.18% PERFEZIONE](https://bullweb.scalpingthebull.com/chart/?symbol=BYBIT:1000RATSUSDT.P&timeframe=1H)
---
[2026-03-27 10:04:48 UTC] ID:2724668
[Bybit - HUMAUSDT   5MIN terzotocco ema60. 24h: -14.86% PERFEZIONE](https://bullweb.scalpingthebull.com/chart/?symbol=BYBIT:HUMAUSDT.P&timeframe=5)
---
[2026-03-27 10:05:17 UTC] ID:2724669
[Binance - A2ZUSDC    1MIN Bomba Sismografo differenza 24h:  +4.27%](https://bullweb.scalpingthebull.com/chart/?symbol=BINANCE:A2ZUSDC&timeframe=1)
---
[2026-03-27 10:05:20 UTC] ID:2724670
[Bybit - NOMUSDT    1MIN emersione incrocio 60/223. 24h: -12.75%](https://bullweb.scalpingthebull.com/chart/?symbol=BYBIT:NOMUSDT.P&timeframe=1)
---
[2026-03-27 10:05:44 UTC] ID:2724671
[Bybit - TOWNSUSDT  5MIN Maxy Bud tf 5 differenza 24h:  +8.18%](https://bullweb.scalpingthebull.com/chart/?symbol=BYBIT:TOWNSUSDT.P&timeframe=5)
---
[2026-03-27 10:05:50 UTC] ID:2724672
[Bybit - HUSDT      5MIN Incrocio 60 - 223 differenza 24h:  -5.39% PERFEZIONE](https://bullweb.scalpingthebull.com/chart/?symbol=BYBIT:HUSDT.P&timeframe=5)
---
[2026-03-27 10:06:34 UTC] ID:2724673
[Binance - CUSDC      1MIN Bomba Sismografo differenza 24h:  +48.81%](https://bullweb.scalpingthebull.com/chart/?symbol=BINANCE:CUSDC&timeframe=1)
---
[2026-03-27 10:07:31 UTC] ID:2724674
[Bybit - BPUSDT     1MIN Bomba differenza 24h:  +1.51% PERFEZIONE](https://bullweb.scalpingthebull.com/chart/?symbol=BYBIT:BPUSDT.P&timeframe=1)
---
[2026-03-27 10:07:39 UTC] ID:2724675
[Bybit - BPUSDT     1MIN Bomba Sismografo differenza 24h:  +1.51% PERFEZIONE](https://bullweb.scalpingthebull.com/chart/?symbol=BYBIT:BPUSDT.P&timeframe=1)
---
[2026-03-27 10:10:16 UTC] ID:2724676
[Bybit - METUSDT    1GIORNO rottura ema 10.  24h: +7.14% PERFEZIONE](https://bullweb.scalpingthebull.com/chart/?symbol=BYBIT:METUSDT.P&timeframe=1D)
---
[2026-03-27 10:12:28 UTC] ID:2724677
[Bybit - B3USDT     1GIORNO doppio tocco. 24h: +21.41%](https://bullweb.scalpingthebull.com/chart/?symbol=BYBIT:B3USDT.P&timeframe=1H)
---
[2026-03-27 10:15:38 UTC] ID:2724678
[Bybit - SWARMSUSDT 5MIN bud. 24h: +10.71% PERFEZIONE](https://bullweb.scalpingthebull.com/chart/?symbol=BYBIT:SWARMSUSDT.P&timeframe=5)
---
[2026-03-27 10:19:49 UTC] ID:2724679
[Bybit - LIGHTUSDT  saldi. 24h: -15.8% PERFEZIONE](https://bullweb.scalpingthebull.com/chart/?symbol=BYBIT:LIGHTUSDT.P&timeframe=1D)
---
[2026-03-27 10:20:15 UTC] ID:2724680
[Bybit - LITUSDT    5MIN terzotocco ema60. 24h: -7.83%](https://bullweb.scalpingthebull.com/chart/?symbol=BYBIT:LITUSDT.P&timeframe=5)
---
[2026-03-27 10:20:32 UTC] ID:2724681
[Bybit - BOBBOBUSDT 30MIN bud. 24h: +13.3%](https://bullweb.scalpingthebull.com/chart/?symbol=BYBIT:BOBBOBUSDT.P&timeframe=30)
---
[2026-03-27 10:20:33 UTC] ID:2724682
[Bybit - BLESSUSDT  1MIN Molla tf 1 differenza 24h:  -18.69% PERFEZIONE](https://bullweb.scalpingthebull.com/chart/?symbol=BYBIT:BLESSUSDT.P&timeframe=1)
---
[2026-03-27 10:20:49 UTC] ID:2724683
[Bybit - GIGAUSDT   5MIN  viagra sotto ema 10. differenza 24h:  -13.48% PERFEZIONE](https://bullweb.scalpingthebull.com/chart/?symbol=BYBIT:GIGAUSDT.P&timeframe=5)
---
[2026-03-27 10:21:21 UTC] ID:2724684
[Bybit - ONDOUSDT   1MIN SHIMANO differenza 24h:  +8.03%](https://bullweb.scalpingthebull.com/chart/?symbol=BYBIT:ONDOUSDT.P&timeframe=1)
---
[2026-03-27 10:21:29 UTC] ID:2724685
[Bybit - RAVEUSDT   5MIN bud. 24h: +7.92% PERFEZIONE](https://bullweb.scalpingthebull.com/chart/?symbol=BYBIT:RAVEUSDT.P&timeframe=5)
---
[2026-03-27 10:21:32 UTC] ID:2724686
[Bybit - SIRENUSDT  1MIN Bomba Sismografo differenza 24h:  -55.88% PERFEZIONE](https://bullweb.scalpingthebull.com/chart/?symbol=BYBIT:SIRENUSDT.P&timeframe=1)
---
[2026-03-27 10:21:35 UTC] ID:2724687
[Bybit - STGUSDT    1MIN Bomba Sismografo differenza 24h:  +44.3% PERFEZIONE](https://bullweb.scalpingthebull.com/chart/?symbol=BYBIT:STGUSDT.P&timeframe=1)
---
[2026-03-27 10:21:47 UTC] ID:2724688
[Bybit - HUMAUSDT   sta per fare il cambio colore](https://bullweb.scalpingthebull.com/chart/?symbol=BYBIT:HUMAUSDT.P&timeframe=1D)
---
[2026-03-27 10:22:43 UTC] ID:2724689
[Bybit - FHEUSDT    1GIORNO differenza 3% su minimo di ieri. Differenza candela giorno precedente: -8.72% PERFEZIONE](https://bullweb.scalpingthebull.com/chart/?symbol=BYBIT:FHEUSDT.P&timeframe=1H)
---
[2026-03-27 10:23:50 UTC] ID:2724690
[Bybit - ICNTUSDT   daily10 verso 0.42 24h: +5.04%](https://bullweb.scalpingthebull.com/chart/?symbol=BYBIT:ICNTUSDT.P&timeframe=1D)
---
[2026-03-27 10:24:33 UTC] ID:2724691
[Bybit - CFGUSDT    5MIN terzotocco ema60. 24h: +5.0%](https://bullweb.scalpingthebull.com/chart/?symbol=BYBIT:CFGUSDT.P&timeframe=5)
---
[2026-03-27 10:25:18 UTC] ID:2724692
[Bybit - METUSDT    5MIN Maxy Bud tf 5 differenza 24h:  +6.95% PERFEZIONE](https://bullweb.scalpingthebull.com/chart/?symbol=BYBIT:METUSDT.P&timeframe=5)
---
[2026-03-27 10:25:26 UTC] ID:2724693
[Bybit - ANKRUSDT   1MIN Molla tf 1 differenza 24h:  +6.27% PERFEZIONE](https://bullweb.scalpingthebull.com/chart/?symbol=BYBIT:ANKRUSDT.P&timeframe=1)
---
[2026-03-27 10:25:27 UTC] ID:2724694
[Bybit - B3USDT     daily10 verso 0.0004026 24h: +27.53%](https://bullweb.scalpingthebull.com/chart/?symbol=BYBIT:B3USDT.P&timeframe=1D)
---
[2026-03-27 10:27:22 UTC] ID:2724695
[Bybit - 1000RATSUS 5MIN Maxy Bud tf 5 differenza 24h:  +15.51% PERFEZIONE](https://bullweb.scalpingthebull.com/chart/?symbol=BYBIT:1000RATSUSDT.P&timeframe=5)
---
[2026-03-27 10:28:23 UTC] ID:2724696
[Bybit - NAORISUSDT 5MIN  Tre Cime differenza 24h:  +8.04% PERFEZIONE](https://bullweb.scalpingthebull.com/chart/?symbol=BYBIT:NAORISUSDT.P&timeframe=5)
---
[2026-03-27 10:28:35 UTC] ID:2724697
[Bybit - STGUSDT    1MIN Bomba differenza 24h:  +51.4% PERFEZIONE](https://bullweb.scalpingthebull.com/chart/?symbol=BYBIT:STGUSDT.P&timeframe=1)
---
[2026-03-27 10:31:30 UTC] ID:2724698
[Bybit - PTBUSDT    1GIORNO  C'è Fomo differenza 24h:  +6.67% PERFEZIONE](https://bullweb.scalpingthebull.com/chart/?symbol=BYBIT:PTBUSDT.P&timeframe=1D)
---
[2026-03-27 10:31:34 UTC] ID:2724699
[Bybit - B3USDT     1MIN Funding del -1.025% alle ore 13:00:00 differenza 24h:  +30.75% PERFEZIONE](https://bullweb.scalpingthebull.com/chart/?symbol=BYBIT:B3USDT.P&timeframe=1)
---
[2026-03-27 10:32:48 UTC] ID:2724700
[Bybit - KATUSDT    1MIN emersione incrocio 60/223. 24h: -17.08%](https://bullweb.scalpingthebull.com/chart/?symbol=BYBIT:KATUSDT.P&timeframe=1)
---
[2026-03-27 10:35:46 UTC] ID:2724701
[Binance - HUMAUSDC   1MIN Bomba Sismografo differenza 24h:  -10.29% PERFEZIONE](https://bullweb.scalpingthebull.com/chart/?symbol=BINANCE:HUMAUSDC&timeframe=1)
---
[2026-03-27 10:35:46 UTC] ID:2724702
[Bybit - HUMAUSDT   1MIN Bomba Sismografo differenza 24h:  -10.42% PERFEZIONE](https://bullweb.scalpingthebull.com/chart/?symbol=BYBIT:HUMAUSDT.P&timeframe=1)
---
[2026-03-27 10:36:47 UTC] ID:2724703
[Binance - HUMAUSDC   1MIN Bomba differenza 24h:  -9.11% PERFEZIONE](https://bullweb.scalpingthebull.com/chart/?symbol=BINANCE:HUMAUSDC&timeframe=1)
---
[2026-03-27 10:36:47 UTC] ID:2724704
[Bybit - HUMAUSDT   1MIN Bomba differenza 24h:  -8.71% PERFEZIONE](https://bullweb.scalpingthebull.com/chart/?symbol=BYBIT:HUMAUSDT.P&timeframe=1)
---
[2026-03-27 10:38:27 UTC] ID:2724705
[Bybit - PEAQUSDT   5MIN  viagra sotto ema 10. differenza 24h:  -7.13% PERFEZIONE](https://bullweb.scalpingthebull.com/chart/?symbol=BYBIT:PEAQUSDT.P&timeframe=5)
---
[2026-03-27 10:38:30 UTC] ID:2724706
[Bybit - RECALLUSDT 5MIN terzotocco ema60. 24h: -5.46%](https://bullweb.scalpingthebull.com/chart/?symbol=BYBIT:RECALLUSDT.P&timeframe=5)
---
[2026-03-27 10:38:33 UTC] ID:2724707
[Bybit - RDNTUSDT   1GIORNO  C'è Mini-Fear differenza 24h:  -6.62%](https://bullweb.scalpingthebull.com/chart/?symbol=BYBIT:RDNTUSDT.P&timeframe=1D)
---
[2026-03-27 10:38:36 UTC] ID:2724708
[Bybit - RECALLUSDT 1GIORNO differenza 3% su minimo di ieri. Differenza candela giorno precedente: -5.46% PERFEZIONE](https://bullweb.scalpingthebull.com/chart/?symbol=BYBIT:RECALLUSDT.P&timeframe=1H)
---
[2026-03-27 10:38:41 UTC] ID:2724709
[Bybit - EDGEUSDT   1MIN SHIMANO differenza 24h:  -9.98%](https://bullweb.scalpingthebull.com/chart/?symbol=BYBIT:EDGEUSDT.P&timeframe=1)
---
[2026-03-27 10:39:38 UTC] ID:2724710
[Bybit - SENTUSDT   5MIN  viagra sotto ema 10. differenza 24h:  -6.19% PERFEZIONE](https://bullweb.scalpingthebull.com/chart/?symbol=BYBIT:SENTUSDT.P&timeframe=5)
---
[2026-03-27 10:39:47 UTC] ID:2724711
[Bybit - FILUSDT    5MIN  viagra sotto ema 10. differenza 24h:  -5.45% PERFEZIONE](https://bullweb.scalpingthebull.com/chart/?symbol=BYBIT:FILUSDT.P&timeframe=5)
---
[2026-03-27 10:40:41 UTC] ID:2724712
[Bybit - STGUSDT    5MIN Maxy Bud tf 5 differenza 24h:  +49.97% PERFEZIONE](https://bullweb.scalpingthebull.com/chart/?symbol=BYBIT:STGUSDT.P&timeframe=5)
---
[2026-03-27 10:41:52 UTC] ID:2724713
[Bybit - IRYSUSDT  1GIORNO differenza 3% su massimo di ieri. Differenza candela giorno precedente: +5.52% PERFEZIONE](https://bullweb.scalpingthebull.com/chart/?symbol=BYBIT:IRYSUSDT.P&timeframe=1H)
---
[2026-03-27 10:42:31 UTC] ID:2724714
[Binance - ROBOUSDC   1GIORNO differenza 3% su minimo di ieri. Differenza candela giorno precedente: -5.18% PERFEZIONE](https://bullweb.scalpingthebull.com/chart/?symbol=BINANCE:ROBOUSDC&timeframe=1H)
---
[2026-03-27 10:42:45 UTC] ID:2724715
[Binance - GIGGLEUSDC 1MIN Bomba Sismografo differenza 24h:  +0.37%](https://bullweb.scalpingthebull.com/chart/?symbol=BINANCE:GIGGLEUSDC&timeframe=1)
---
[2026-03-27 10:42:45 UTC] ID:2724716
[Bybit - GIGGLEUSDT 1MIN Bomba Sismografo differenza 24h:  +0.82%](https://bullweb.scalpingthebull.com/chart/?symbol=BYBIT:GIGGLEUSDT.P&timeframe=1)
---
[2026-03-27 10:42:47 UTC] ID:2724717
[Bybit - WHITEWHALE 5MIN SHIMANO differenza 24h:  -47.05%](https://bullweb.scalpingthebull.com/chart/?symbol=BYBIT:WHITEWHALEUSDT.P&timeframe=5)
---
[2026-03-27 10:42:49 UTC] ID:2724718
[Bybit - HOOKUSDT   1MIN Bomba differenza 24h:  -9.45%](https://bullweb.scalpingthebull.com/chart/?symbol=BYBIT:HOOKUSDT.P&timeframe=1)
---
[2026-03-27 10:42:51 UTC] ID:2724719
[Bybit - HOOKUSDT   1MIN Bomba Sismografo differenza 24h:  -9.45%](https://bullweb.scalpingthebull.com/chart/?symbol=BYBIT:HOOKUSDT.P&timeframe=1)
---
[2026-03-27 10:43:23 UTC] ID:2724720
[Bybit - PIPPINUSDT 5MIN emersione incrocio 60/223. 24h: -5.03%](https://bullweb.scalpingthebull.com/chart/?symbol=BYBIT:PIPPINUSDT.P&timeframe=5)
---
[2026-03-27 10:43:30 UTC] ID:2724721
[Bybit - BANKUSDT  1GIORNO differenza 3% su massimo di ieri. Differenza candela giorno precedente: +5.33%](https://bullweb.scalpingthebull.com/chart/?symbol=BYBIT:BANKUSDT.P&timeframe=1H)
---
[2026-03-27 10:43:31 UTC] ID:2724722
[Bybit - PIPPINUSDT 5MIN Rimbalzo ema 60 tf 5 differenza 24h:  -5.15%](https://bullweb.scalpingthebull.com/chart/?symbol=BYBIT:PIPPINUSDT.P&timeframe=5)
---
[2026-03-27 10:43:35 UTC] ID:2724723
[Bybit - PIPPINUSDT 5MIN Rimbalzo ema 223 tf 5 differenza 24h:  -5.15%](https://bullweb.scalpingthebull.com/chart/?symbol=BYBIT:PIPPINUSDT.P&timeframe=5)
---
[2026-03-27 10:43:38 UTC] ID:2724724
[Bybit - PIPPINUSDT 5MIN Rottura ema 223 tf 5 differenza 24h:  -5.15%](https://bullweb.scalpingthebull.com/chart/?symbol=BYBIT:PIPPINUSDT.P&timeframe=5)
---
[2026-03-27 10:44:30 UTC] ID:2724725
[Bybit - B3USDT     5MIN Kfc differenza 24h:  +50.77% PERFEZIONE](https://bullweb.scalpingthebull.com/chart/?symbol=BYBIT:B3USDT.P&timeframe=5)
---
[2026-03-27 10:44:42 UTC] ID:2724726
[Bybit - STGUSDT    5MIN bud. 24h: +52.2% PERFEZIONE](https://bullweb.scalpingthebull.com/chart/?symbol=BYBIT:STGUSDT.P&timeframe=5)
---
[2026-03-27 10:45:49 UTC] ID:2724727
[Bybit - VELVETUSDT 5MIN Maxy Bud tf 5 differenza 24h:  +12.3%](https://bullweb.scalpingthebull.com/chart/?symbol=BYBIT:VELVETUSDT.P&timeframe=5)
---
[2026-03-27 10:47:31 UTC] ID:2724728
[Bybit - BANKUSDT   1GIORNO doppio tocco. 24h: +6.13%](https://bullweb.scalpingthebull.com/chart/?symbol=BYBIT:BANKUSDT.P&timeframe=1H)
---
[2026-03-27 10:48:36 UTC] ID:2724729
[Bybit - BPUSDT     5MIN Rimbalzo ema 60 tf 5 differenza 24h:  -5.28% PERFEZIONE](https://bullweb.scalpingthebull.com/chart/?symbol=BYBIT:BPUSDT.P&timeframe=5)
---
[2026-03-27 10:51:45 UTC] ID:2724730
[Bybit - UBUSDT     saldi. 24h: -6.26%](https://bullweb.scalpingthebull.com/chart/?symbol=BYBIT:UBUSDT.P&timeframe=1D)
---
[2026-03-27 10:52:52 UTC] ID:2724731
[Bybit - ICNTUSDT   5MIN Maxy Bud tf 5 differenza 24h:  +5.01%](https://bullweb.scalpingthebull.com/chart/?symbol=BYBIT:ICNTUSDT.P&timeframe=5)
---
[2026-03-27 10:53:21 UTC] ID:2724732
[Bybit - NAORISUSDT 5MIN terzotocco ema60. 24h: +7.53% PERFEZIONE](https://bullweb.scalpingthebull.com/chart/?symbol=BYBIT:NAORISUSDT.P&timeframe=5)
---
[2026-03-27 10:54:35 UTC] ID:2724733
[Bybit - BRETTUSDT  1GIORNO  C'è Fear differenza 24h:  -5.45%](https://bullweb.scalpingthebull.com/chart/?symbol=BYBIT:BRETTUSDT.P&timeframe=1D)
---
[2026-03-27 10:54:49 UTC] ID:2724734
[Bybit - FHEUSDT    1GIORNO  C'è Mini-Fear differenza 24h:  -11.63% PERFEZIONE](https://bullweb.scalpingthebull.com/chart/?symbol=BYBIT:FHEUSDT.P&timeframe=1D)
---
[2026-03-27 10:55:28 UTC] ID:2724735
[Bybit - PIPPINUSDT 5MIN Rottura ema 60 tf 5 differenza 24h:  -6.33%](https://bullweb.scalpingthebull.com/chart/?symbol=BYBIT:PIPPINUSDT.P&timeframe=5)
---
[2026-03-27 10:55:32 UTC] ID:2724736
[Bybit - B3USDT     5MIN Maxy Bud tf 5 differenza 24h:  +47.18% PERFEZIONE](https://bullweb.scalpingthebull.com/chart/?symbol=BYBIT:B3USDT.P&timeframe=5)
---
[2026-03-27 10:55:47 UTC] ID:2724737
[Bybit - TREEUSDT   5MIN  viagra sotto ema 10. differenza 24h:  -5.17% PERFEZIONE](https://bullweb.scalpingthebull.com/chart/?symbol=BYBIT:TREEUSDT.P&timeframe=5)
---
[2026-03-27 10:55:52 UTC] ID:2724738
[Bybit - WHITEWHALE 5MIN Rimbalzo ema 60 tf 5 differenza 24h:  -48.52%](https://bullweb.scalpingthebull.com/chart/?symbol=BYBIT:WHITEWHALEUSDT.P&timeframe=5)
---
[2026-03-27 10:55:52 UTC] ID:2724739
[Bybit - HOOKUSDT   5MIN Maxy Bud tf 5 differenza 24h:  -10.52%](https://bullweb.scalpingthebull.com/chart/?symbol=BYBIT:HOOKUSDT.P&timeframe=5)
---
[2026-03-27 10:55:53 UTC] ID:2724740
[Bybit - WHITEWHALE 5MIN Rottura ema 60 tf 5 differenza 24h:  -48.52%](https://bullweb.scalpingthebull.com/chart/?symbol=BYBIT:WHITEWHALEUSDT.P&timeframe=5)
---
[2026-03-27 10:55:54 UTC] ID:2724741
[Bybit - XIONUSDT   5MIN  viagra sotto ema 10. differenza 24h:  -5.37% PERFEZIONE](https://bullweb.scalpingthebull.com/chart/?symbol=BYBIT:XIONUSDT.P&timeframe=5)
---
[2026-03-27 10:56:33 UTC] ID:2724742
[Bybit - AKTUSDT    5MIN  viagra sotto ema 10. differenza 24h:  -5.09% PERFEZIONE](https://bullweb.scalpingthebull.com/chart/?symbol=BYBIT:AKTUSDT.P&timeframe=5)
---
[2026-03-27 10:58:30 UTC] ID:2724743
[Bybit - B3USDT     1MIN Bomba Sismografo differenza 24h:  +53.61% PERFEZIONE](https://bullweb.scalpingthebull.com/chart/?symbol=BYBIT:B3USDT.P&timeframe=1)
---
[2026-03-27 10:58:40 UTC] ID:2724744
[Bybit - B3USDT     5MIN bud. 24h: +53.61% PERFEZIONE](https://bullweb.scalpingthebull.com/chart/?symbol=BYBIT:B3USDT.P&timeframe=5)
---
[2026-03-27 10:58:54 UTC] ID:2724745
[Bybit - IRYSUSDT   5MIN bud. 24h: +5.02% PERFEZIONE](https://bullweb.scalpingthebull.com/chart/?symbol=BYBIT:IRYSUSDT.P&timeframe=5)
---
[2026-03-27 10:58:59 UTC] ID:2724746
[Bybit - IRYSUSDT   5MIN Maxy Bud tf 5 differenza 24h:  +5.02% PERFEZIONE](https://bullweb.scalpingthebull.com/chart/?symbol=BYBIT:IRYSUSDT.P&timeframe=5)
---
[2026-03-27 10:59:30 UTC] ID:2724747
[Bybit - B3USDT     1MIN Bomba differenza 24h:  +57.03% PERFEZIONE](https://bullweb.scalpingthebull.com/chart/?symbol=BYBIT:B3USDT.P&timeframe=1)
---
[2026-03-27 11:00:25 UTC] ID:2724748
[Bybit - ACTUSDT    1GIORNO  C'è Mini-Fear differenza 24h:  -5.21% PERFEZIONE](https://bullweb.scalpingthebull.com/chart/?symbol=BYBIT:ACTUSDT.P&timeframe=1D)
---
[2026-03-27 11:00:35 UTC] ID:2724749
[Bybit - BSBUSDT    30MIN Nata EMA60 a timeframe 30 differenza 24h:  +24.66% PERFEZIONE](https://bullweb.scalpingthebull.com/chart/?symbol=BYBIT:BSBUSDT.P&timeframe=30)
---
[2026-03-27 11:01:50 UTC] ID:2724750
[Bybit - UBUSDT     5MIN  viagra sotto ema 10. differenza 24h:  -9.85% PERFEZIONE](https://bullweb.scalpingthebull.com/chart/?symbol=BYBIT:UBUSDT.P&timeframe=5)
---
[2026-03-27 11:01:54 UTC] ID:2724751
[Bybit - HIPPOUSDT  saldi. 24h: -6.67% PERFEZIONE](https://bullweb.scalpingthebull.com/chart/?symbol=BYBIT:HIPPOUSDT.P&timeframe=1D)
---
[2026-03-27 11:02:50 UTC] ID:2724752
[Bybit - XNYUSDT    1MIN Bomba Sismografo differenza 24h:  -1.65% PERFEZIONE](https://bullweb.scalpingthebull.com/chart/?symbol=BYBIT:XNYUSDT.P&timeframe=1)
---
[2026-03-27 11:03:55 UTC] ID:2724753
[Bybit - HOOKUSDT   1GIORNO  C'è Mini-Fear differenza 24h:  -13.02% PERFEZIONE](https://bullweb.scalpingthebull.com/chart/?symbol=BYBIT:HOOKUSDT.P&timeframe=1D)
---
[2026-03-27 11:08:41 UTC] ID:2724754
[Bybit - SOLVUSDT   5MIN  viagra sotto ema 10. differenza 24h:  +5.24% PERFEZIONE](https://bullweb.scalpingthebull.com/chart/?symbol=BYBIT:SOLVUSDT.P&timeframe=5)
---
[2026-03-27 11:08:50 UTC] ID:2724755
[Bybit - WHITEWHALE saldi. 24h: -49.06% PERFEZIONE](https://bullweb.scalpingthebull.com/chart/?symbol=BYBIT:WHITEWHALEUSDT.P&timeframe=1D)
---
[2026-03-27 11:09:16 UTC] ID:2724756
[Binance - A2ZUSDC    1MIN Bomba Sismografo differenza 24h:  +4.56%](https://bullweb.scalpingthebull.com/chart/?symbol=BINANCE:A2ZUSDC&timeframe=1)
---
[2026-03-27 11:10:29 UTC] ID:2724757
[Bybit - POPCATUSDT 5MIN  viagra sotto ema 10. differenza 24h:  -5.08% PERFEZIONE](https://bullweb.scalpingthebull.com/chart/?symbol=BYBIT:POPCATUSDT.P&timeframe=5)
---
[2026-03-27 11:10:31 UTC] ID:2724758
[Bybit - ARUSDT     5MIN  viagra sotto ema 10. differenza 24h:  -7.01% PERFEZIONE](https://bullweb.scalpingthebull.com/chart/?symbol=BYBIT:ARUSDT.P&timeframe=5)
---
[2026-03-27 11:10:32 UTC] ID:2724759
[Bybit - REDUSDT    5MIN  viagra sotto ema 10. differenza 24h:  -5.48% PERFEZIONE](https://bullweb.scalpingthebull.com/chart/?symbol=BYBIT:REDUSDT.P&timeframe=5)
---
[2026-03-27 11:10:33 UTC] ID:2724760
[Bybit - BANKUSDT   5MIN Maxy Bud tf 5 differenza 24h:  +7.05% PERFEZIONE](https://bullweb.scalpingthebull.com/chart/?symbol=BYBIT:BANKUSDT.P&timeframe=5)
---
[2026-03-27 11:10:47 UTC] ID:2724761
[Bybit - ENAUSDT    5MIN  viagra sotto ema 10. differenza 24h:  -5.79% PERFEZIONE](https://bullweb.scalpingthebull.com/chart/?symbol=BYBIT:ENAUSDT.P&timeframe=5)
---
[2026-03-27 11:11:48 UTC] ID:2724762
[Bybit - WHITEWHALE 1MIN Bomba Sismografo differenza 24h:  -48.59% PERFEZIONE](https://bullweb.scalpingthebull.com/chart/?symbol=BYBIT:WHITEWHALEUSDT.P&timeframe=1)
---
[2026-03-27 11:13:53 UTC] ID:2724763
[Bybit - HOOKUSDT   1GIORNO differenza 3% su minimo di ieri. Differenza candela giorno precedente: -13.25% PERFEZIONE](https://bullweb.scalpingthebull.com/chart/?symbol=BYBIT:HOOKUSDT.P&timeframe=1H)
---
[2026-03-27 11:14:38 UTC] ID:2724764
[Binance - CUSDC      1MIN Bomba differenza 24h:  +56.11%](https://bullweb.scalpingthebull.com/chart/?symbol=BINANCE:CUSDC&timeframe=1)
---
[2026-03-27 11:14:39 UTC] ID:2724765
[Bybit - CUSDT      1MIN Bomba differenza 24h:  +53.15% PERFEZIONE](https://bullweb.scalpingthebull.com/chart/?symbol=BYBIT:CUSDT.P&timeframe=1)
---
[2026-03-27 11:14:45 UTC] ID:2724766
[Binance - CUSDC      1MIN Bomba Sismografo differenza 24h:  +56.11%](https://bullweb.scalpingthebull.com/chart/?symbol=BINANCE:CUSDC&timeframe=1)
---
[2026-03-27 11:14:48 UTC] ID:2724767
[Bybit - CUSDT      1MIN Bomba Sismografo differenza 24h:  +53.15% PERFEZIONE](https://bullweb.scalpingthebull.com/chart/?symbol=BYBIT:CUSDT.P&timeframe=1)
---
[2026-03-27 11:15:36 UTC] ID:2724768
[Bybit - SANDUSDT   5MIN  viagra sotto ema 10. differenza 24h:  -5.46% PERFEZIONE](https://bullweb.scalpingthebull.com/chart/?symbol=BYBIT:SANDUSDT.P&timeframe=5)
---
[2026-03-27 11:15:42 UTC] ID:2724769
[Bybit - CYSUSDT    5MIN  viagra sotto ema 10. differenza 24h:  +5.64% PERFEZIONE](https://bullweb.scalpingthebull.com/chart/?symbol=BYBIT:CYSUSDT.P&timeframe=5)
---
[2026-03-27 11:15:44 UTC] ID:2724770
[Bybit - DYMUSDT    5MIN  viagra sotto ema 10. differenza 24h:  -11.6% PERFEZIONE](https://bullweb.scalpingthebull.com/chart/?symbol=BYBIT:DYMUSDT.P&timeframe=5)
---
[2026-03-27 11:15:55 UTC] ID:2724771
[Bybit - L3USDT     saldi. 24h: -10.99% PERFEZIONE](https://bullweb.scalpingthebull.com/chart/?symbol=BYBIT:L3USDT.P&timeframe=1D)
---
[2026-03-27 11:16:19 UTC] ID:2724772
[Bybit - NTRNUSDT   5MIN emersione incrocio 60/223. 24h: -8.41% PERFEZIONE](https://bullweb.scalpingthebull.com/chart/?symbol=BYBIT:NTRNUSDT.P&timeframe=5)
---
[2026-03-27 11:16:35 UTC] ID:2724773
[Bybit - BSBUSDT    5MIN Rimbalzo ema 60 tf 5 differenza 24h:  +24.35% PERFEZIONE](https://bullweb.scalpingthebull.com/chart/?symbol=BYBIT:BSBUSDT.P&timeframe=5)
---
[2026-03-27 11:16:43 UTC] ID:2724774
[Bybit - STGUSDT    30MIN Hammer tf 30 differenza 24h:  +49.51% PERFEZIONE](https://bullweb.scalpingthebull.com/chart/?symbol=BYBIT:STGUSDT.P&timeframe=30)
---
[2026-03-27 11:16:52 UTC] ID:2724775
[Bybit - ESPUSDT    30MIN  viagra sotto ema 10. differenza 24h:  -9.29% PERFEZIONE](https://bullweb.scalpingthebull.com/chart/?symbol=BYBIT:ESPUSDT.P&timeframe=30)
---
[2026-03-27 11:18:55 UTC] ID:2724776
[Bybit - KNCUSDT    1MIN Funding del -1.332% alle ore 17:00:00 differenza 24h:  +21.81% PERFEZIONE](https://bullweb.scalpingthebull.com/chart/?symbol=BYBIT:KNCUSDT.P&timeframe=1)
---
[2026-03-27 11:19:37 UTC] ID:2724777
[Bybit - BRUSDT     5MIN  Tre Cime differenza 24h:  -14.32%](https://bullweb.scalpingthebull.com/chart/?symbol=BYBIT:BRUSDT.P&timeframe=5)
---
[2026-03-27 11:20:30 UTC] ID:2724778
[Bybit - B3USDT     5MIN  viagra sopra ema 10. differenza 24h:  +65.19% PERFEZIONE](https://bullweb.scalpingthebull.com/chart/?symbol=BYBIT:B3USDT.P&timeframe=5)
---
[2026-03-27 11:20:52 UTC] ID:2724779
[Bybit - HUSDT      1GIORNO differenza 3% su minimo di ieri. Differenza candela giorno precedente: -7.89% PERFEZIONE](https://bullweb.scalpingthebull.com/chart/?symbol=BYBIT:HUSDT.P&timeframe=1H)
---
[2026-03-27 11:22:41 UTC] ID:2724780
[Bybit - EDGEUSDT   5MIN terzotocco ema60. 24h: -9.18%](https://bullweb.scalpingthebull.com/chart/?symbol=BYBIT:EDGEUSDT.P&timeframe=5)
---
[2026-03-27 11:23:32 UTC] ID:2724781
[Bybit - BLUAIUSDT  5MIN terzotocco ema60. 24h: +5.04%](https://bullweb.scalpingthebull.com/chart/?symbol=BYBIT:BLUAIUSDT.P&timeframe=5)
---
[2026-03-27 11:23:32 UTC] ID:2724782
[Bybit - BSBUSDT    1MIN Bomba Sismografo differenza 24h:  +29.29%](https://bullweb.scalpingthebull.com/chart/?symbol=BYBIT:BSBUSDT.P&timeframe=1)
---
[2026-03-27 11:23:34 UTC] ID:2724783
[Bybit - SIRENUSDT  1MIN Bomba Sismografo differenza 24h:  -57.76% PERFEZIONE](https://bullweb.scalpingthebull.com/chart/?symbol=BYBIT:SIRENUSDT.P&timeframe=1)
---
[2026-03-27 11:27:32 UTC] ID:2724784
[Bybit - BOBBOBUSDT 1MIN Bomba differenza 24h:  +13.02%](https://bullweb.scalpingthebull.com/chart/?symbol=BYBIT:BOBBOBUSDT.P&timeframe=1)
---
[2026-03-27 11:27:40 UTC] ID:2724785
[Bybit - BOBBOBUSDT 1MIN Bomba Sismografo differenza 24h:  +13.02%](https://bullweb.scalpingthebull.com/chart/?symbol=BYBIT:BOBBOBUSDT.P&timeframe=1)
---
[2026-03-27 11:29:21 UTC] ID:2724786
[Bybit - OGNUSDT    5MIN terzotocco ema60. 24h: -5.3%](https://bullweb.scalpingthebull.com/chart/?symbol=BYBIT:OGNUSDT.P&timeframe=5)
---
[2026-03-27 11:29:45 UTC] ID:2724787
[Bybit - FHEUSDT    5MIN terzotocco ema60. 24h: -10.88%](https://bullweb.scalpingthebull.com/chart/?symbol=BYBIT:FHEUSDT.P&timeframe=5)
---
[2026-03-27 11:30:32 UTC] ID:2724788
[Bybit - BSBUSDT    1MIN SHIMANO differenza 24h:  +23.76% PERFEZIONE](https://bullweb.scalpingthebull.com/chart/?symbol=BYBIT:BSBUSDT.P&timeframe=1)
---
[2026-03-27 11:30:39 UTC] ID:2724789
[Bybit - SWARMSUSDT 5MIN terzotocco ema60. 24h: +10.44% PERFEZIONE](https://bullweb.scalpingthebull.com/chart/?symbol=BYBIT:SWARMSUSDT.P&timeframe=5)
---
[2026-03-27 11:31:53 UTC] ID:2724790
[Bybit - KNCUSDT    5MIN terzotocco ema60. 24h: +22.36% PERFEZIONE](https://bullweb.scalpingthebull.com/chart/?symbol=BYBIT:KNCUSDT.P&timeframe=5)
---
[2026-03-27 11:32:53 UTC] ID:2724791
[Bybit - KNCUSDT    1MIN SHIMANO differenza 24h:  +22.02%](https://bullweb.scalpingthebull.com/chart/?symbol=BYBIT:KNCUSDT.P&timeframe=1)
---
[2026-03-27 11:33:52 UTC] ID:2724792
[Binance - IDEXUSDC   1MIN Panico Pa Panico Pa Panico PAURAAA differenza 24h:  -11.35%](https://bullweb.scalpingthebull.com/chart/?symbol=BINANCE:IDEXUSDC&timeframe=1)
---
[2026-03-27 11:35:42 UTC] ID:2724793
[Bybit - CUSDT      5MIN Maxy Bud tf 5 differenza 24h:  +56.38% PERFEZIONE](https://bullweb.scalpingthebull.com/chart/?symbol=BYBIT:CUSDT.P&timeframe=5)
---
[2026-03-27 11:36:22 UTC] ID:2724794
[Bybit - 1000RATSUS 1GIORNO doppio tocco. 24h: +19.26% PERFEZIONE](https://bullweb.scalpingthebull.com/chart/?symbol=BYBIT:1000RATSUSDT.P&timeframe=1H)
---
[2026-03-27 11:37:26 UTC] ID:2724795
[Bybit - PIPPINUSDT 5MIN terzotocco ema60. 24h: -10.55%](https://bullweb.scalpingthebull.com/chart/?symbol=BYBIT:PIPPINUSDT.P&timeframe=5)
---
[2026-03-27 11:37:34 UTC] ID:2724796
[Bybit - BOBBOBUSDT 1GIORNO doppio tocco. 24h: +15.36% PERFEZIONE](https://bullweb.scalpingthebull.com/chart/?symbol=BYBIT:BOBBOBUSDT.P&timeframe=1H)
---
[2026-03-27 11:37:36 UTC] ID:2724797
[Bybit - STABLEUSDT 1MIN Bomba Sismografo differenza 24h:  +0.92%](https://bullweb.scalpingthebull.com/chart/?symbol=BYBIT:STABLEUSDT.P&timeframe=1)
---
[2026-03-27 11:38:39 UTC] ID:2724798
[Bybit - STABLEUSDT 5MIN Kfc differenza 24h:  +4.46% PERFEZIONE](https://bullweb.scalpingthebull.com/chart/?symbol=BYBIT:STABLEUSDT.P&timeframe=5)
---
[2026-03-27 11:39:16 UTC] ID:2724799
[Bybit - METUSDT   1GIORNO differenza 3% su massimo di ieri. Differenza candela giorno precedente: +7.65% PERFEZIONE](https://bullweb.scalpingthebull.com/chart/?symbol=BYBIT:METUSDT.P&timeframe=1H)
---
[2026-03-27 11:39:27 UTC] ID:2724800
[Bybit - PEAQUSDT   5MIN  viagra sotto ema 10. differenza 24h:  -8.37% PERFEZIONE](https://bullweb.scalpingthebull.com/chart/?symbol=BYBIT:PEAQUSDT.P&timeframe=5)
---
[2026-03-27 11:40:25 UTC] ID:2724801
[Bybit - PARTIUSDT  5MIN terzotocco ema60. 24h: +21.7%](https://bullweb.scalpingthebull.com/chart/?symbol=BYBIT:PARTIUSDT.P&timeframe=5)
---
[2026-03-27 11:40:44 UTC] ID:2724802
[Bybit - CYSUSDT    5MIN Incrocio 60 - 223 differenza 24h:  +5.03% PERFEZIONE](https://bullweb.scalpingthebull.com/chart/?symbol=BYBIT:CYSUSDT.P&timeframe=5)
---
[2026-03-27 11:41:33 UTC] ID:2724803
[Bybit - BSUUSDT    1GIORNO doppio tocco. 24h: +7.0%](https://bullweb.scalpingthebull.com/chart/?symbol=BYBIT:BSUUSDT.P&timeframe=1H)
---
