[2026-03-26 14:22:50 UTC] ID:2723086
[Bybit - HANAUSDT   1MIN Bomba Sismografo differenza 24h:  +2.29% PERFEZIONE](https://bullweb.scalpingthebull.com/chart/?symbol=BYBIT:HANAUSDT.P&timeframe=1)
---
[2026-03-26 14:22:47 UTC] ID:2723085
[Bybit - HANAUSDT   1MIN Bomba differenza 24h:  +2.29% PERFEZIONE](https://bullweb.scalpingthebull.com/chart/?symbol=BYBIT:HANAUSDT.P&timeframe=1)
---
[2026-03-26 14:22:45 UTC] ID:2723084
[Bybit - ESPORTSUSD 5MIN Maxy Bud tf 5 differenza 24h:  +18.07% PERFEZIONE](https://bullweb.scalpingthebull.com/chart/?symbol=BYBIT:ESPORTSUSDT.P&timeframe=5)
---
[2026-03-26 14:22:24 UTC] ID:2723083
[Bybit - ARIAUSDT   1GIORNO differenza 3% su minimo di ieri. Differenza candela giorno precedente: -7.22% PERFEZIONE](https://bullweb.scalpingthebull.com/chart/?symbol=BYBIT:ARIAUSDT.P&timeframe=1H)
---
[2026-03-26 14:22:23 UTC] ID:2723082
[Bybit - ASPUSDT    1MIN SHIMANO differenza 24h:  -5.8%](https://bullweb.scalpingthebull.com/chart/?symbol=BYBIT:ASPUSDT.P&timeframe=1)
---
[2026-03-26 14:25:31 UTC] ID:2723087
[Bybit - RENDERUSDT 5MIN SHIMANO differenza 24h:  -5.06% PERFEZIONE](https://bullweb.scalpingthebull.com/chart/?symbol=BYBIT:RENDERUSDT.P&timeframe=5)
---
[2026-03-26 14:26:47 UTC] ID:2723088
[Bybit - GRIFFAINUS 5MIN bud. 24h: +9.8%](https://bullweb.scalpingthebull.com/chart/?symbol=BYBIT:GRIFFAINUSDT.P&timeframe=5)
---
[2026-03-26 14:26:50 UTC] ID:2723089
[Bybit - GRIFFAINUS 1GIORNO doppio tocco. 24h: +9.8% PERFEZIONE](https://bullweb.scalpingthebull.com/chart/?symbol=BYBIT:GRIFFAINUSDT.P&timeframe=1H)
---
[2026-03-26 14:27:36 UTC] ID:2723090
[Bybit - BLESSUSDT  5MIN Maxy Bud tf 5 differenza 24h:  +17.52% PERFEZIONE](https://bullweb.scalpingthebull.com/chart/?symbol=BYBIT:BLESSUSDT.P&timeframe=5)
---
[2026-03-26 14:27:50 UTC] ID:2723091
[Bybit - XPLUSDT    5MIN terzotocco ema60. 24h: -5.9%](https://bullweb.scalpingthebull.com/chart/?symbol=BYBIT:XPLUSDT.P&timeframe=5)
---
[2026-03-26 14:27:51 UTC] ID:2723092
[Bybit - KATUSDT    5MIN Maxy Bud tf 5 differenza 24h:  +28.0%](https://bullweb.scalpingthebull.com/chart/?symbol=BYBIT:KATUSDT.P&timeframe=5)
---
[2026-03-26 14:29:40 UTC] ID:2723093
[Bybit - ESPORTSUSD 1MIN Bomba Sismografo differenza 24h:  +21.45%](https://bullweb.scalpingthebull.com/chart/?symbol=BYBIT:ESPORTSUSDT.P&timeframe=1)
---
[2026-03-26 14:29:48 UTC] ID:2723094
[Bybit - HUMAUSDT   1MIN SHIMANO differenza 24h:  -17.39% PERFEZIONE](https://bullweb.scalpingthebull.com/chart/?symbol=BYBIT:HUMAUSDT.P&timeframe=1)
---
[2026-03-26 14:30:18 UTC] ID:2723095
[Bybit - NEARUSDT   5MIN emersione incrocio 60/223. 24h: -5.04% PERFEZIONE](https://bullweb.scalpingthebull.com/chart/?symbol=BYBIT:NEARUSDT.P&timeframe=5)
---
[2026-03-26 14:30:27 UTC] ID:2723096
[Bybit - PLAYSOUTUS 30MIN  viagra sotto ema 10. differenza 24h:  -12.63% PERFEZIONE](https://bullweb.scalpingthebull.com/chart/?symbol=BYBIT:PLAYSOUTUSDT.P&timeframe=30)
---
[2026-03-26 14:30:39 UTC] ID:2723097
[Bybit - ESPORTSUSD 1MIN Bomba differenza 24h:  +23.3%](https://bullweb.scalpingthebull.com/chart/?symbol=BYBIT:ESPORTSUSDT.P&timeframe=1)
---
[2026-03-26 14:30:43 UTC] ID:2723098
[Bybit - VFYUSDT    1MIN Bomba Sismografo differenza 24h:  +2.42%](https://bullweb.scalpingthebull.com/chart/?symbol=BYBIT:VFYUSDT.P&timeframe=1)
---
[2026-03-26 14:31:13 UTC] ID:2723099
[Bybit - MAGMAUSDT  5MIN bud. 24h: +19.41%](https://bullweb.scalpingthebull.com/chart/?symbol=BYBIT:MAGMAUSDT.P&timeframe=5)
---
[2026-03-26 14:32:22 UTC] ID:2723100
[Bybit - ONTUSDT    saldi. 24h: -12.15%](https://bullweb.scalpingthebull.com/chart/?symbol=BYBIT:ONTUSDT.P&timeframe=1D)
---
[2026-03-26 14:32:30 UTC] ID:2723101
[Bybit - PTBUSDT    5MIN Rimbalzo ema 223 tf 5 differenza 24h:  +7.23% PERFEZIONE](https://bullweb.scalpingthebull.com/chart/?symbol=BYBIT:PTBUSDT.P&timeframe=5)
---
[2026-03-26 14:32:35 UTC] ID:2723102
[Bybit - PTBUSDT    5MIN Rottura ema 223 tf 5 differenza 24h:  +7.23% PERFEZIONE](https://bullweb.scalpingthebull.com/chart/?symbol=BYBIT:PTBUSDT.P&timeframe=5)
---
[2026-03-26 14:32:45 UTC] ID:2723103
[Bybit - UBUSDT     5MIN terzotocco ema60. 24h: -15.52% PERFEZIONE](https://bullweb.scalpingthebull.com/chart/?symbol=BYBIT:UBUSDT.P&timeframe=5)
---
[2026-03-26 14:35:27 UTC] ID:2723104
[Bybit - PARTIUSDT  5MIN Maxy Bud tf 5 differenza 24h:  +8.94% PERFEZIONE](https://bullweb.scalpingthebull.com/chart/?symbol=BYBIT:PARTIUSDT.P&timeframe=5)
---
[2026-03-26 14:35:46 UTC] ID:2723105
[Bybit - VIRTUALUSD 5MIN emersione incrocio 60/223. 24h: -6.69% PERFEZIONE](https://bullweb.scalpingthebull.com/chart/?symbol=BYBIT:VIRTUALUSDT.P&timeframe=5)
---
[2026-03-26 14:38:22 UTC] ID:2723106
[Bybit - NTRNUSDT   1GIORNO differenza 3% su minimo di ieri. Differenza candela giorno precedente: -6.95% PERFEZIONE](https://bullweb.scalpingthebull.com/chart/?symbol=BYBIT:NTRNUSDT.P&timeframe=1H)
---
[2026-03-26 14:39:29 UTC] ID:2723107
[Bybit - PIPPINUSDT 5MIN Incrocio 60 - 223 differenza 24h:  -26.75% PERFEZIONE](https://bullweb.scalpingthebull.com/chart/?symbol=BYBIT:PIPPINUSDT.P&timeframe=5)
---
[2026-03-26 14:40:36 UTC] ID:2723108
[Bybit - SPXUSDT    5MIN emersione incrocio 60/223. 24h: -5.1%](https://bullweb.scalpingthebull.com/chart/?symbol=BYBIT:SPXUSDT.P&timeframe=5)
---
[2026-03-26 14:41:35 UTC] ID:2723109
[Bybit - SIRENUSDT  5MIN terzotocco ema60. 24h: -16.87% PERFEZIONE](https://bullweb.scalpingthebull.com/chart/?symbol=BYBIT:SIRENUSDT.P&timeframe=5)
---
[2026-03-26 14:41:36 UTC] ID:2723110
[Bybit - SAPIENUSDT 30MIN  viagra sotto ema 10. differenza 24h:  -6.55% PERFEZIONE](https://bullweb.scalpingthebull.com/chart/?symbol=BYBIT:SAPIENUSDT.P&timeframe=30)
---
[2026-03-26 14:47:28 UTC] ID:2723111
[Bybit - PTBUSDT    1GIORNO differenza 3% su minimo di ieri. Differenza candela giorno precedente: -6.4% PERFEZIONE](https://bullweb.scalpingthebull.com/chart/?symbol=BYBIT:PTBUSDT.P&timeframe=1H)
---
[2026-03-26 14:47:39 UTC] ID:2723112
[Bybit - SXPUSDT    30MIN terzotocco ema60. 24h: -7.34% PERFEZIONE](https://bullweb.scalpingthebull.com/chart/?symbol=BYBIT:SXPUSDT.P&timeframe=30)
---
[2026-03-26 14:48:34 UTC] ID:2723113
[Bybit - CUSDT      5MIN emersione incrocio 60/223. 24h: -5.17%](https://bullweb.scalpingthebull.com/chart/?symbol=BYBIT:CUSDT.P&timeframe=5)
---
[2026-03-26 14:48:38 UTC] ID:2723114
[Bybit - SYSUSDT    5MIN SHIMANO differenza 24h:  -5.04%](https://bullweb.scalpingthebull.com/chart/?symbol=BYBIT:SYSUSDT.P&timeframe=5)
---
[2026-03-26 14:49:23 UTC] ID:2723115
[Bybit - PIPPINUSDT 1MIN emersione incrocio 60/223. 24h: -20.93% PERFEZIONE](https://bullweb.scalpingthebull.com/chart/?symbol=BYBIT:PIPPINUSDT.P&timeframe=1)
---
[2026-03-26 14:49:47 UTC] ID:2723116
[Bybit - JCTUSDT    1GIORNO doppio tocco. 24h: +9.32% PERFEZIONE](https://bullweb.scalpingthebull.com/chart/?symbol=BYBIT:JCTUSDT.P&timeframe=1H)
---
[2026-03-26 14:50:47 UTC] ID:2723117
[Bybit - GRIFFAINUS 5MIN Maxy Bud tf 5 differenza 24h:  +11.29% PERFEZIONE](https://bullweb.scalpingthebull.com/chart/?symbol=BYBIT:GRIFFAINUSDT.P&timeframe=5)
---
[2026-03-26 14:51:47 UTC] ID:2723118
[Bybit - ZEREBROUSD 1MIN Bomba Sismografo differenza 24h:  -5.2% PERFEZIONE](https://bullweb.scalpingthebull.com/chart/?symbol=BYBIT:ZEREBROUSDT.P&timeframe=1)
---
[2026-03-26 14:53:16 UTC] ID:2723119
[Bybit - LRCUSDT    5MIN terzotocco ema60. 24h: -6.54%](https://bullweb.scalpingthebull.com/chart/?symbol=BYBIT:LRCUSDT.P&timeframe=5)
---
[2026-03-26 14:54:35 UTC] ID:2723120
[Bybit - CYSUSDT    1MIN Bomba Sismografo differenza 24h:  -3.48%](https://bullweb.scalpingthebull.com/chart/?symbol=BYBIT:CYSUSDT.P&timeframe=1)
---
[2026-03-26 14:55:34 UTC] ID:2723121
[Bybit - CYSUSDT    1MIN Bomba differenza 24h:  -1.53%](https://bullweb.scalpingthebull.com/chart/?symbol=BYBIT:CYSUSDT.P&timeframe=1)
---
[2026-03-26 14:58:30 UTC] ID:2723122
[Bybit - PTBUSDT    5MIN Kfc differenza 24h:  -10.39% PERFEZIONE](https://bullweb.scalpingthebull.com/chart/?symbol=BYBIT:PTBUSDT.P&timeframe=5)
---
[2026-03-26 14:58:48 UTC] ID:2723123
[Bybit - KATUSDT    5MIN SHIMANO differenza 24h:  +26.71%](https://bullweb.scalpingthebull.com/chart/?symbol=BYBIT:KATUSDT.P&timeframe=5)
---
[2026-03-26 15:00:31 UTC] ID:2723124
[Bybit - BLUAIUSDT  5MIN Maxy Bud tf 5 differenza 24h:  +36.51% PERFEZIONE](https://bullweb.scalpingthebull.com/chart/?symbol=BYBIT:BLUAIUSDT.P&timeframe=5)
---
[2026-03-26 15:01:19 UTC] ID:2723125
[Bybit - MUSDT      5MIN terzotocco ema60. 24h: -11.58% PERFEZIONE](https://bullweb.scalpingthebull.com/chart/?symbol=BYBIT:MUSDT.P&timeframe=5)
---
[2026-03-26 15:01:28 UTC] ID:2723126
[Bybit - RESOLVUSDT 5MIN terzotocco ema60. 24h: -13.01%](https://bullweb.scalpingthebull.com/chart/?symbol=BYBIT:RESOLVUSDT.P&timeframe=5)
---
[2026-03-26 15:01:28 UTC] ID:2723127
[Bybit - BOBBOBUSDT 1MIN Bomba differenza 24h:  +0.51%](https://bullweb.scalpingthebull.com/chart/?symbol=BYBIT:BOBBOBUSDT.P&timeframe=1)
---
[2026-03-26 15:01:34 UTC] ID:2723128
[Bybit - BOBBOBUSDT 1MIN Bomba Sismografo differenza 24h:  +0.51%](https://bullweb.scalpingthebull.com/chart/?symbol=BYBIT:BOBBOBUSDT.P&timeframe=1)
---
[2026-03-26 15:02:16 UTC] ID:2723129
[Bybit - 1000RATSUS 5MIN bud. 24h: +10.7%](https://bullweb.scalpingthebull.com/chart/?symbol=BYBIT:1000RATSUSDT.P&timeframe=5)
---
[2026-03-26 15:02:48 UTC] ID:2723130
[Bybit - LIGHTUSDT  5MIN Incrocio 60 - 223 differenza 24h:  -9.67% PERFEZIONE](https://bullweb.scalpingthebull.com/chart/?symbol=BYBIT:LIGHTUSDT.P&timeframe=5)
---
[2026-03-26 15:03:31 UTC] ID:2723131
[Bybit - CAMPUSDT   1MIN Bomba Sismografo differenza 24h:  -1.2%](https://bullweb.scalpingthebull.com/chart/?symbol=BYBIT:CAMPUSDT.P&timeframe=1)
---
[2026-03-26 15:04:21 UTC] ID:2723132
[Bybit - ARIAUSDT   1MIN Bomba Sismografo differenza 24h:  -2.61%](https://bullweb.scalpingthebull.com/chart/?symbol=BYBIT:ARIAUSDT.P&timeframe=1)
---
[2026-03-26 15:04:24 UTC] ID:2723133
[Bybit - PUMPBTCUSD 1MIN Bomba Sismografo differenza 24h:  +2.42%](https://bullweb.scalpingthebull.com/chart/?symbol=BYBIT:PUMPBTCUSDT.P&timeframe=1)
---
[2026-03-26 15:08:35 UTC] ID:2723134
[Bybit - DEGENUSDT  5MIN emersione incrocio 60/223. 24h: -5.24%](https://bullweb.scalpingthebull.com/chart/?symbol=BYBIT:DEGENUSDT.P&timeframe=5)
---
[2026-03-26 15:08:35 UTC] ID:2723135
[Bybit - CYSUSDT    30MIN terzotocco ema60. 24h: +5.95%](https://bullweb.scalpingthebull.com/chart/?symbol=BYBIT:CYSUSDT.P&timeframe=30)
---
[2026-03-26 15:09:46 UTC] ID:2723136
[Bybit - GRASSUSDT  1GIORNO  C'è Mini-Fear differenza 24h:  -8.73% PERFEZIONE](https://bullweb.scalpingthebull.com/chart/?symbol=BYBIT:GRASSUSDT.P&timeframe=1D)
---
[2026-03-26 15:10:26 UTC] ID:2723137
[Bybit - PARTIUSDT  5MIN  viagra sopra ema 10. differenza 24h:  +9.82% PERFEZIONE](https://bullweb.scalpingthebull.com/chart/?symbol=BYBIT:PARTIUSDT.P&timeframe=5)
---
[2026-03-26 15:12:13 UTC] ID:2723138
[Bybit - LYNUSDT    1MIN Panico Pa Panico Pa Panico PAURAAA differenza 24h:  -23.74% PERFEZIONE](https://bullweb.scalpingthebull.com/chart/?symbol=BYBIT:LYNUSDT.P&timeframe=1)
---
[2026-03-26 15:12:29 UTC] ID:2723139
[Bybit - ROAMUSDT   1GIORNO differenza 3% su minimo di ieri. Differenza candela giorno precedente: -5.01%](https://bullweb.scalpingthebull.com/chart/?symbol=BYBIT:ROAMUSDT.P&timeframe=1H)
---
[2026-03-26 15:13:13 UTC] ID:2723140
[Bybit - LYNUSDT    1MIN Bomba Sismografo differenza 24h:  -22.37% PERFEZIONE](https://bullweb.scalpingthebull.com/chart/?symbol=BYBIT:LYNUSDT.P&timeframe=1)
---
[2026-03-26 15:13:26 UTC] ID:2723141
[Bybit - PTBUSDT    1MIN Bomba Sismografo differenza 24h:  -1.76%](https://bullweb.scalpingthebull.com/chart/?symbol=BYBIT:PTBUSDT.P&timeframe=1)
---
[2026-03-26 15:13:42 UTC] ID:2723142
[Bybit - FIGHTUSDT  1MIN SHIMANO differenza 24h:  -6.2%](https://bullweb.scalpingthebull.com/chart/?symbol=BYBIT:FIGHTUSDT.P&timeframe=1)
---
[2026-03-26 15:15:23 UTC] ID:2723143
[Bybit - OPENUSDT   5MIN  viagra sopra ema 10. differenza 24h:  +8.59% PERFEZIONE](https://bullweb.scalpingthebull.com/chart/?symbol=BYBIT:OPENUSDT.P&timeframe=5)
---
[2026-03-26 15:15:46 UTC] ID:2723144
[Bybit - HANAUSDT   5MIN Maxy Bud tf 5 differenza 24h:  +6.4% PERFEZIONE](https://bullweb.scalpingthebull.com/chart/?symbol=BYBIT:HANAUSDT.P&timeframe=5)
---
[2026-03-26 15:16:20 UTC] ID:2723145
[Bybit - MUSDT      1MIN emersione incrocio 60/223. 24h: -6.47% PERFEZIONE](https://bullweb.scalpingthebull.com/chart/?symbol=BYBIT:MUSDT.P&timeframe=1)
---
[2026-03-26 15:16:27 UTC] ID:2723146
[Binance - ROBOUSDC   30MIN emersione incrocio 60/223. 24h: +6.76% PERFEZIONE](https://bullweb.scalpingthebull.com/chart/?symbol=BINANCE:ROBOUSDC&timeframe=30)
---
[2026-03-26 15:16:46 UTC] ID:2723147
[Bybit - HUMAUSDT   1MIN emersione incrocio 60/223. 24h: -17.55%](https://bullweb.scalpingthebull.com/chart/?symbol=BYBIT:HUMAUSDT.P&timeframe=1)
---
[2026-03-26 15:18:34 UTC] ID:2723148
[Bybit - SIRENUSDT  30MIN terzotocco ema60. 24h: -16.2%](https://bullweb.scalpingthebull.com/chart/?symbol=BYBIT:SIRENUSDT.P&timeframe=30)
---
[2026-03-26 15:19:32 UTC] ID:2723149
[Bybit - BRUSDT     5MIN Rottura ema 60 tf 5 differenza 24h:  +10.44%](https://bullweb.scalpingthebull.com/chart/?symbol=BYBIT:BRUSDT.P&timeframe=5)
---
[2026-03-26 15:21:31 UTC] ID:2723150
[Bybit - BOBBOBUSDT 30MIN terzotocco ema60. 24h: +5.45% PERFEZIONE](https://bullweb.scalpingthebull.com/chart/?symbol=BYBIT:BOBBOBUSDT.P&timeframe=30)
---
[2026-03-26 15:21:47 UTC] ID:2723151
[Bybit - KATUSDT    1MIN SHIMANO differenza 24h:  +29.96% PERFEZIONE](https://bullweb.scalpingthebull.com/chart/?symbol=BYBIT:KATUSDT.P&timeframe=1)
---
[2026-03-26 15:21:48 UTC] ID:2723152
[Bybit - JCTUSDT    1MIN Bomba differenza 24h:  +11.23% PERFEZIONE](https://bullweb.scalpingthebull.com/chart/?symbol=BYBIT:JCTUSDT.P&timeframe=1)
---
[2026-03-26 15:21:50 UTC] ID:2723153
[Bybit - JCTUSDT    1MIN Bomba Sismografo differenza 24h:  +11.23% PERFEZIONE](https://bullweb.scalpingthebull.com/chart/?symbol=BYBIT:JCTUSDT.P&timeframe=1)
---
[2026-03-26 15:22:35 UTC] ID:2723154
[Binance - ENJUSDC    1MIN Bomba Sismografo differenza 24h:  +3.84%](https://bullweb.scalpingthebull.com/chart/?symbol=BINANCE:ENJUSDC&timeframe=1)
---
[2026-03-26 15:22:38 UTC] ID:2723155
[Bybit - ENJUSDT    1MIN Bomba Sismografo differenza 24h:  +1.91% PERFEZIONE](https://bullweb.scalpingthebull.com/chart/?symbol=BYBIT:ENJUSDT.P&timeframe=1)
---
[2026-03-26 15:23:22 UTC] ID:2723156
[Bybit - ARIAUSDT   1MIN emersione incrocio 60/223. 24h: -5.26%](https://bullweb.scalpingthebull.com/chart/?symbol=BYBIT:ARIAUSDT.P&timeframe=1)
---
[2026-03-26 15:23:38 UTC] ID:2723157
[Bybit - ENJUSDT    1MIN Bomba differenza 24h:  +2.72% PERFEZIONE](https://bullweb.scalpingthebull.com/chart/?symbol=BYBIT:ENJUSDT.P&timeframe=1)
---
[2026-03-26 15:24:42 UTC] ID:2723158
[Bybit - ESPORTSUSD 5MIN Maxy Bud tf 5 differenza 24h:  +19.94% PERFEZIONE](https://bullweb.scalpingthebull.com/chart/?symbol=BYBIT:ESPORTSUSDT.P&timeframe=5)
---
[2026-03-26 15:25:21 UTC] ID:2723159
[Binance - PARTIUSDC  1MIN Bomba differenza 24h:  +11.88%](https://bullweb.scalpingthebull.com/chart/?symbol=BINANCE:PARTIUSDC&timeframe=1)
---
[2026-03-26 15:25:22 UTC] ID:2723160
[Bybit - PARTIUSDT  1MIN Bomba differenza 24h:  +11.98%](https://bullweb.scalpingthebull.com/chart/?symbol=BYBIT:PARTIUSDT.P&timeframe=1)
---
[2026-03-26 15:25:23 UTC] ID:2723161
[Binance - PARTIUSDC  1MIN Bomba Sismografo differenza 24h:  +11.88%](https://bullweb.scalpingthebull.com/chart/?symbol=BINANCE:PARTIUSDC&timeframe=1)
---
[2026-03-26 15:25:25 UTC] ID:2723162
[Bybit - PARTIUSDT  1MIN Bomba Sismografo differenza 24h:  +11.98%](https://bullweb.scalpingthebull.com/chart/?symbol=BYBIT:PARTIUSDT.P&timeframe=1)
---
[2026-03-26 15:28:17 UTC] ID:2723163
[Bybit - LYNUSDT    saldi. 24h: -25.51%](https://bullweb.scalpingthebull.com/chart/?symbol=BYBIT:LYNUSDT.P&timeframe=1D)
---
[2026-03-26 15:29:26 UTC] ID:2723164
[Bybit - BABYUSDT   5MIN SHIMANO differenza 24h:  -6.55% PERFEZIONE](https://bullweb.scalpingthebull.com/chart/?symbol=BYBIT:BABYUSDT.P&timeframe=5)
---
[2026-03-26 15:29:30 UTC] ID:2723165
[Bybit - BEATUSDT   5MIN Rimbalzo ema 60 tf 5 differenza 24h:  -5.49%](https://bullweb.scalpingthebull.com/chart/?symbol=BYBIT:BEATUSDT.P&timeframe=5)
---
[2026-03-26 15:29:48 UTC] ID:2723166
[Bybit - KATUSDT    5MIN Maxy Bud tf 5 differenza 24h:  +29.49% PERFEZIONE](https://bullweb.scalpingthebull.com/chart/?symbol=BYBIT:KATUSDT.P&timeframe=5)
---
[2026-03-26 15:30:45 UTC] ID:2723167
[Bybit - YBUSDT     5MIN Maxy Bud tf 5 differenza 24h:  +5.4%](https://bullweb.scalpingthebull.com/chart/?symbol=BYBIT:YBUSDT.P&timeframe=5)
---
[2026-03-26 15:33:29 UTC] ID:2723168
[Bybit - BPUSDT     1MIN Bomba Sismografo differenza 24h:  -17.79% PERFEZIONE](https://bullweb.scalpingthebull.com/chart/?symbol=BYBIT:BPUSDT.P&timeframe=1)
---
[2026-03-26 15:33:36 UTC] ID:2723169
[Bybit - SPACEUSDT  1MIN SHIMANO differenza 24h:  -6.76%](https://bullweb.scalpingthebull.com/chart/?symbol=BYBIT:SPACEUSDT.P&timeframe=1)
---
[2026-03-26 15:35:23 UTC] ID:2723170
[Bybit - OPENUSDT   5MIN Maxy Bud tf 5 differenza 24h:  +8.48% PERFEZIONE](https://bullweb.scalpingthebull.com/chart/?symbol=BYBIT:OPENUSDT.P&timeframe=5)
---
[2026-03-26 15:35:49 UTC] ID:2723171
[Bybit - JCTUSDT    5MIN Maxy Bud tf 5 differenza 24h:  +12.22% PERFEZIONE](https://bullweb.scalpingthebull.com/chart/?symbol=BYBIT:JCTUSDT.P&timeframe=5)
---
[2026-03-26 15:36:39 UTC] ID:2723172
[Bybit - ESUSDT     5MIN terzotocco ema60. 24h: -5.19%](https://bullweb.scalpingthebull.com/chart/?symbol=BYBIT:ESUSDT.P&timeframe=5)
---
[2026-03-26 15:36:48 UTC] ID:2723173
[Bybit - LIGHTUSDT  1MIN emersione incrocio 60/223. 24h: -5.6% PERFEZIONE](https://bullweb.scalpingthebull.com/chart/?symbol=BYBIT:LIGHTUSDT.P&timeframe=1)
---
[2026-03-26 15:37:23 UTC] ID:2723174
[Bybit - ASPUSDT    5MIN terzotocco ema60. 24h: -5.05%](https://bullweb.scalpingthebull.com/chart/?symbol=BYBIT:ASPUSDT.P&timeframe=5)
---
[2026-03-26 15:38:37 UTC] ID:2723175
[Bybit - SIRENUSDT  5MIN Kfc differenza 24h:  -25.78% PERFEZIONE](https://bullweb.scalpingthebull.com/chart/?symbol=BYBIT:SIRENUSDT.P&timeframe=5)
---
[2026-03-26 15:38:48 UTC] ID:2723176
[Bybit - JCTUSDT    5MIN bud. 24h: +12.24% PERFEZIONE](https://bullweb.scalpingthebull.com/chart/?symbol=BYBIT:JCTUSDT.P&timeframe=5)
---
[2026-03-26 15:40:37 UTC] ID:2723177
[Bybit - SPACEUSDT  5MIN emersione incrocio 60/223. 24h: -6.05% PERFEZIONE](https://bullweb.scalpingthebull.com/chart/?symbol=BYBIT:SPACEUSDT.P&timeframe=5)
---
[2026-03-26 15:40:41 UTC] ID:2723178
[Bybit - TAUSDT     5MIN Maxy Bud tf 5 differenza 24h:  +9.98% PERFEZIONE](https://bullweb.scalpingthebull.com/chart/?symbol=BYBIT:TAUSDT.P&timeframe=5)
---
[2026-03-26 15:41:22 UTC] ID:2723179
[Bybit - PARTIUSDT  5MIN bud. 24h: +12.0% PERFEZIONE](https://bullweb.scalpingthebull.com/chart/?symbol=BYBIT:PARTIUSDT.P&timeframe=5)
---
[2026-03-26 15:41:31 UTC] ID:2723180
[Bybit - B3USDT     1MIN Antincrocio tf 1 differenza 24h:  -5.96%](https://bullweb.scalpingthebull.com/chart/?symbol=BYBIT:B3USDT.P&timeframe=1)
---
[2026-03-26 15:42:44 UTC] ID:2723181
[Binance - HOMEUSDC   1MIN Bomba Sismografo differenza 24h:  -5.69%](https://bullweb.scalpingthebull.com/chart/?symbol=BINANCE:HOMEUSDC&timeframe=1)
---
[2026-03-26 15:42:46 UTC] ID:2723182
[Bybit - HOMEUSDT   1MIN Bomba Sismografo differenza 24h:  -5.71%](https://bullweb.scalpingthebull.com/chart/?symbol=BYBIT:HOMEUSDT.P&timeframe=1)
---
[2026-03-26 15:44:26 UTC] ID:2723183
[Bybit - PIPPINUSDT 1GIORNO  viagra sotto ema 10. differenza 24h:  -22.47% PERFEZIONE](https://bullweb.scalpingthebull.com/chart/?symbol=BYBIT:PIPPINUSDT.P&timeframe=1D)
---
[2026-03-26 15:44:30 UTC] ID:2723184
[Bybit - BOBBOBUSDT 1GIORNO Daily to the moon differenza 24h:  +3.45%](https://bullweb.scalpingthebull.com/chart/?symbol=BYBIT:BOBBOBUSDT.P&timeframe=1D)
---
[2026-03-26 15:44:31 UTC] ID:2723185
[Bybit - BOBAUSDT   1GIORNO Daily to the moon differenza 24h:  -1.78%](https://bullweb.scalpingthebull.com/chart/?symbol=BYBIT:BOBAUSDT.P&timeframe=1D)
---
[2026-03-26 15:44:32 UTC] ID:2723186
[Bybit - RDNTUSDT   1GIORNO Daily to the moon differenza 24h:  -10.83%](https://bullweb.scalpingthebull.com/chart/?symbol=BYBIT:RDNTUSDT.P&timeframe=1D)
---
[2026-03-26 15:44:35 UTC] ID:2723187
[Bybit - BSUUSDT    1MIN Antincrocio tf 1 differenza 24h:  -15.19% PERFEZIONE](https://bullweb.scalpingthebull.com/chart/?symbol=BYBIT:BSUUSDT.P&timeframe=1)
---
[2026-03-26 15:44:41 UTC] ID:2723188
[Binance - TURBOUSDC  1GIORNO Daily to the moon differenza 24h:  -4.63% PERFEZIONE](https://bullweb.scalpingthebull.com/chart/?symbol=BINANCE:TURBOUSDC&timeframe=1D)
---
[2026-03-26 15:44:42 UTC] ID:2723189
[Bybit - USD1USDT   è quasi in ATH di 500 giorni 0.06% dal cambio candela](https://bullweb.scalpingthebull.com/chart/?symbol=BYBIT:USD1USDT.P&timeframe=1D)
---
[2026-03-26 15:44:49 UTC] ID:2723190
[Bybit - LIGHTUSDT  1MIN SHIMANO differenza 24h:  -6.5% PERFEZIONE](https://bullweb.scalpingthebull.com/chart/?symbol=BYBIT:LIGHTUSDT.P&timeframe=1)
---
[2026-03-26 15:45:23 UTC] ID:2723191
[Bybit - PUMPBTCUSD 5MIN emersione incrocio 60/223. 24h: -5.22% PERFEZIONE](https://bullweb.scalpingthebull.com/chart/?symbol=BYBIT:PUMPBTCUSDT.P&timeframe=5)
---
[2026-03-26 15:45:35 UTC] ID:2723192
[Bybit - CYSUSDT    5MIN emersione incrocio 60/223. 24h: -5.67% PERFEZIONE](https://bullweb.scalpingthebull.com/chart/?symbol=BYBIT:CYSUSDT.P&timeframe=5)
---
[2026-03-26 15:45:39 UTC] ID:2723193
[Binance - UUSDC      è quasi in ATH di 500 giorni 0.0% dal cambio candela](https://bullweb.scalpingthebull.com/chart/?symbol=BINANCE:UUSDC&timeframe=1D)
---
[2026-03-26 15:45:44 UTC] ID:2723194
[Bybit - CYSUSDT    1MIN SHIMANO differenza 24h:  -5.67% PERFEZIONE](https://bullweb.scalpingthebull.com/chart/?symbol=BYBIT:CYSUSDT.P&timeframe=1)
---
[2026-03-26 15:46:40 UTC] ID:2723195
[Bybit - CYSUSDT    5MIN Rottura ema 223 tf 5 differenza 24h:  -5.74% PERFEZIONE](https://bullweb.scalpingthebull.com/chart/?symbol=BYBIT:CYSUSDT.P&timeframe=5)
---
[2026-03-26 15:46:43 UTC] ID:2723196
[Bybit - VFYUSDT    1MIN Bomba Sismografo differenza 24h:  +9.6%](https://bullweb.scalpingthebull.com/chart/?symbol=BYBIT:VFYUSDT.P&timeframe=1)
---
[2026-03-26 15:46:47 UTC] ID:2723197
[Bybit - VFYUSDT    5MIN emersione incrocio 60/223. 24h: +9.6%](https://bullweb.scalpingthebull.com/chart/?symbol=BYBIT:VFYUSDT.P&timeframe=5)
---
[2026-03-26 15:46:50 UTC] ID:2723198
[Bybit - XNYUSDT    1MIN Antincrocio tf 1 differenza 24h:  +20.81% PERFEZIONE](https://bullweb.scalpingthebull.com/chart/?symbol=BYBIT:XNYUSDT.P&timeframe=1)
---
[2026-03-26 15:46:50 UTC] ID:2723199
[Bybit - VFYUSDT    30MIN terzotocco ema60. 24h: +9.6%](https://bullweb.scalpingthebull.com/chart/?symbol=BYBIT:VFYUSDT.P&timeframe=30)
---
[2026-03-26 15:47:39 UTC] ID:2723200
[Bybit - FARTCOINUS 5MIN terzotocco ema60. 24h: -6.6%](https://bullweb.scalpingthebull.com/chart/?symbol=BYBIT:FARTCOINUSDT.P&timeframe=5)
---
[2026-03-26 15:49:38 UTC] ID:2723201
[Bybit - CYSUSDT    5MIN Rimbalzo ema 223 tf 5 differenza 24h:  -6.7% PERFEZIONE](https://bullweb.scalpingthebull.com/chart/?symbol=BYBIT:CYSUSDT.P&timeframe=5)
---
[2026-03-26 15:50:30 UTC] ID:2723202
[Bybit - RAVEUSDT   5MIN  Tre Cime differenza 24h:  +7.89%](https://bullweb.scalpingthebull.com/chart/?symbol=BYBIT:RAVEUSDT.P&timeframe=5)
---
[2026-03-26 15:50:32 UTC] ID:2723203
[Bybit - CHRUSDT    5MIN emersione incrocio 60/223. 24h: -5.8%](https://bullweb.scalpingthebull.com/chart/?symbol=BYBIT:CHRUSDT.P&timeframe=5)
---
[2026-03-26 15:50:34 UTC] ID:2723204
[Bybit - SIGNUSDT   5MIN  Tre Cime differenza 24h:  -23.79%](https://bullweb.scalpingthebull.com/chart/?symbol=BYBIT:SIGNUSDT.P&timeframe=5)
---
[2026-03-26 15:51:25 UTC] ID:2723205
[Bybit - PIPPINUSDT 5MIN terzotocco ema60. 24h: -22.64% PERFEZIONE](https://bullweb.scalpingthebull.com/chart/?symbol=BYBIT:PIPPINUSDT.P&timeframe=5)
---
[2026-03-26 15:51:47 UTC] ID:2723206
[Bybit - HUMAUSDT   5MIN terzotocco ema60. 24h: -14.73% PERFEZIONE](https://bullweb.scalpingthebull.com/chart/?symbol=BYBIT:HUMAUSDT.P&timeframe=5)
---
[2026-03-26 15:52:33 UTC] ID:2723207
[Bybit - BOBBOBUSDT 5MIN Maxy Bud tf 5 differenza 24h:  +5.94%](https://bullweb.scalpingthebull.com/chart/?symbol=BYBIT:BOBBOBUSDT.P&timeframe=5)
---
[2026-03-26 15:53:31 UTC] ID:2723208
[Bybit - BTRUSDT    5MIN emersione incrocio 60/223. 24h: -5.15%](https://bullweb.scalpingthebull.com/chart/?symbol=BYBIT:BTRUSDT.P&timeframe=5)
---
[2026-03-26 15:54:40 UTC] ID:2723209
[Bybit - UBUSDT     1MIN Bomba Sismografo differenza 24h:  -22.85% PERFEZIONE](https://bullweb.scalpingthebull.com/chart/?symbol=BYBIT:UBUSDT.P&timeframe=1)
---
[2026-03-26 15:54:52 UTC] ID:2723210
[Bybit - JCTUSDT    5MIN Rimbalzo ema 60 tf 5 differenza 24h:  +5.72%](https://bullweb.scalpingthebull.com/chart/?symbol=BYBIT:JCTUSDT.P&timeframe=5)
---
[2026-03-26 15:59:35 UTC] ID:2723211
[Bybit - CYSUSDT    1MIN Bomba Sismografo differenza 24h:  -1.59%](https://bullweb.scalpingthebull.com/chart/?symbol=BYBIT:CYSUSDT.P&timeframe=1)
---
[2026-03-26 15:59:35 UTC] ID:2723212
[Bybit - STOUSDT    1MIN Bomba differenza 24h:  +23.13%](https://bullweb.scalpingthebull.com/chart/?symbol=BYBIT:STOUSDT.P&timeframe=1)
---
[2026-03-26 15:59:38 UTC] ID:2723213
[Bybit - STOUSDT    1MIN Bomba Sismografo differenza 24h:  +23.13%](https://bullweb.scalpingthebull.com/chart/?symbol=BYBIT:STOUSDT.P&timeframe=1)
---
[2026-03-26 15:59:50 UTC] ID:2723214
[Bybit - KATUSDT    5MIN SHIMANO differenza 24h:  +24.39% PERFEZIONE](https://bullweb.scalpingthebull.com/chart/?symbol=BYBIT:KATUSDT.P&timeframe=5)
---
[2026-03-26 16:00:29 UTC] ID:2723215
[Bybit - SIRENUSDT  1MIN Bomba Sismografo differenza 24h:  -40.27% PERFEZIONE](https://bullweb.scalpingthebull.com/chart/?symbol=BYBIT:SIRENUSDT.P&timeframe=1)
---
[2026-03-26 16:00:47 UTC] ID:2723216
[Bybit - KATUSDT    5MIN Rimbalzo ema 223 tf 5 differenza 24h:  +24.0% PERFEZIONE](https://bullweb.scalpingthebull.com/chart/?symbol=BYBIT:KATUSDT.P&timeframe=5)
---
[2026-03-26 16:01:20 UTC] ID:2723217
[Bybit - 1000RATSUS 30MIN bud. 24h: +10.51% PERFEZIONE](https://bullweb.scalpingthebull.com/chart/?symbol=BYBIT:1000RATSUSDT.P&timeframe=30)
---
[2026-03-26 16:01:23 UTC] ID:2723218
[Bybit - ASPUSDT    5MIN  viagra sopra ema 10. differenza 24h:  -5.01%](https://bullweb.scalpingthebull.com/chart/?symbol=BYBIT:ASPUSDT.P&timeframe=5)
---
[2026-03-26 16:01:27 UTC] ID:2723219
[Bybit - BEATUSDT   1MIN Bomba Sismografo differenza 24h:  -1.63% PERFEZIONE](https://bullweb.scalpingthebull.com/chart/?symbol=BYBIT:BEATUSDT.P&timeframe=1)
---
[2026-03-26 16:01:32 UTC] ID:2723220
[Bybit - SIGNUSDT   5MIN SHIMANO differenza 24h:  -23.77%](https://bullweb.scalpingthebull.com/chart/?symbol=BYBIT:SIGNUSDT.P&timeframe=5)
---
[2026-03-26 16:01:41 UTC] ID:2723221
[Bybit - ENJUSDT    1MIN Funding del -2.5% alle ore 01:00:00 differenza 24h:  +2.62%](https://bullweb.scalpingthebull.com/chart/?symbol=BYBIT:ENJUSDT.P&timeframe=1)
---
[2026-03-26 16:01:41 UTC] ID:2723222
[Bybit - ESPORTSUSD 5MIN  Tre Cime differenza 24h:  +17.56%](https://bullweb.scalpingthebull.com/chart/?symbol=BYBIT:ESPORTSUSDT.P&timeframe=5)
---
[2026-03-26 16:02:49 UTC] ID:2723223
[Bybit - VFYUSDT    1MIN Funding del 1.291% alle ore 21:00:00 differenza 24h:  +7.28%](https://bullweb.scalpingthebull.com/chart/?symbol=BYBIT:VFYUSDT.P&timeframe=1)
---
[2026-03-26 16:02:50 UTC] ID:2723224
[Bybit - KATUSDT    5MIN Rottura ema 223 tf 5 differenza 24h:  +23.16% PERFEZIONE](https://bullweb.scalpingthebull.com/chart/?symbol=BYBIT:KATUSDT.P&timeframe=5)
---
[2026-03-26 16:03:38 UTC] ID:2723225
[Bybit - SIRENUSDT  1MIN Funding del -1.399% alle ore 21:00:00 differenza 24h:  -39.03% PERFEZIONE](https://bullweb.scalpingthebull.com/chart/?symbol=BYBIT:SIRENUSDT.P&timeframe=1)
---
[2026-03-26 16:05:46 UTC] ID:2723226
[Bybit - GRIFFAINUS 5MIN  viagra sopra ema 10. differenza 24h:  +9.15% PERFEZIONE](https://bullweb.scalpingthebull.com/chart/?symbol=BYBIT:GRIFFAINUSDT.P&timeframe=5)
---
[2026-03-26 16:06:18 UTC] ID:2723227
[Bybit - MORPHOUSDT 5MIN emersione incrocio 60/223. 24h: -5.08%](https://bullweb.scalpingthebull.com/chart/?symbol=BYBIT:MORPHOUSDT.P&timeframe=5)
---
[2026-03-26 16:10:18 UTC] ID:2723228
[Bybit - MUSDT      5MIN terzotocco ema60. 24h: -6.21% PERFEZIONE](https://bullweb.scalpingthebull.com/chart/?symbol=BYBIT:MUSDT.P&timeframe=5)
---
[2026-03-26 16:10:28 UTC] ID:2723229
[Bybit - PROVEUSDT  5MIN terzotocco ema60. 24h: +8.81% PERFEZIONE](https://bullweb.scalpingthebull.com/chart/?symbol=BYBIT:PROVEUSDT.P&timeframe=5)
---
[2026-03-26 16:10:40 UTC] ID:2723230
[Bybit - STOUSDT    5MIN Maxy Bud tf 5 differenza 24h:  +25.23% PERFEZIONE](https://bullweb.scalpingthebull.com/chart/?symbol=BYBIT:STOUSDT.P&timeframe=5)
---
[2026-03-26 16:11:40 UTC] ID:2723231
[Bybit - ENJUSDT    1GIORNO doppio tocco. 24h: +6.24% PERFEZIONE](https://bullweb.scalpingthebull.com/chart/?symbol=BYBIT:ENJUSDT.P&timeframe=1H)
---
[2026-03-26 16:11:47 UTC] ID:2723232
[Bybit - ENJUSDT    5MIN  viagra sopra ema 10. differenza 24h:  +6.13% PERFEZIONE](https://bullweb.scalpingthebull.com/chart/?symbol=BYBIT:ENJUSDT.P&timeframe=5)
---
[2026-03-26 16:12:14 UTC] ID:2723233
[Bybit - LRCUSDT    5MIN terzotocco ema60. 24h: -5.44%](https://bullweb.scalpingthebull.com/chart/?symbol=BYBIT:LRCUSDT.P&timeframe=5)
---
[2026-03-26 16:12:36 UTC] ID:2723234
[Binance - ENJUSDC    1MIN Bomba differenza 24h:  +10.46%](https://bullweb.scalpingthebull.com/chart/?symbol=BINANCE:ENJUSDC&timeframe=1)
---
[2026-03-26 16:14:38 UTC] ID:2723235
[Binance - ENJUSDC    5MIN Kfc differenza 24h:  +14.33%](https://bullweb.scalpingthebull.com/chart/?symbol=BINANCE:ENJUSDC&timeframe=5)
---
[2026-03-26 16:17:31 UTC] ID:2723236
[Bybit - BRUSDT     30MIN  Tre Cime differenza 24h:  +6.66%](https://bullweb.scalpingthebull.com/chart/?symbol=BYBIT:BRUSDT.P&timeframe=30)
---
[2026-03-26 16:18:29 UTC] ID:2723237
[Bybit - BEATUSDT   30MIN terzotocco ema60. 24h: -5.83% PERFEZIONE](https://bullweb.scalpingthebull.com/chart/?symbol=BYBIT:BEATUSDT.P&timeframe=30)
---
[2026-03-26 16:18:34 UTC] ID:2723238
[Bybit - BRUSDT     30MIN Hammer tf 30 differenza 24h:  +5.71%](https://bullweb.scalpingthebull.com/chart/?symbol=BYBIT:BRUSDT.P&timeframe=30)
---
[2026-03-26 16:20:42 UTC] ID:2723239
[Bybit - TRIAUSDT   1MIN SHIMANO differenza 24h:  -8.45% PERFEZIONE](https://bullweb.scalpingthebull.com/chart/?symbol=BYBIT:TRIAUSDT.P&timeframe=1)
---
[2026-03-26 16:20:47 UTC] ID:2723240
[Bybit - VELVETUSDT 5MIN Maxy Bud tf 5 differenza 24h:  +9.26% PERFEZIONE](https://bullweb.scalpingthebull.com/chart/?symbol=BYBIT:VELVETUSDT.P&timeframe=5)
---
[2026-03-26 16:21:21 UTC] ID:2723241
[Bybit - ONTUSDT    5MIN terzotocco ema60. 24h: -10.24%](https://bullweb.scalpingthebull.com/chart/?symbol=BYBIT:ONTUSDT.P&timeframe=5)
---
[2026-03-26 16:21:22 UTC] ID:2723242
[Bybit - OPENUSDT   1MIN SHIMANO differenza 24h:  +5.56%](https://bullweb.scalpingthebull.com/chart/?symbol=BYBIT:OPENUSDT.P&timeframe=1)
---
[2026-03-26 16:25:48 UTC] ID:2723243
[Bybit - LABUSDT    1MIN SHIMANO differenza 24h:  -5.04% PERFEZIONE](https://bullweb.scalpingthebull.com/chart/?symbol=BYBIT:LABUSDT.P&timeframe=1)
---
[2026-03-26 16:30:27 UTC] ID:2723244
[Bybit - PLAYSOUTUS 5MIN  viagra sotto ema 10. differenza 24h:  -16.85% PERFEZIONE](https://bullweb.scalpingthebull.com/chart/?symbol=BYBIT:PLAYSOUTUSDT.P&timeframe=5)
---
[2026-03-26 16:30:31 UTC] ID:2723245
[Bybit - ROAMUSDT   5MIN  viagra sotto ema 10. differenza 24h:  -7.67% PERFEZIONE](https://bullweb.scalpingthebull.com/chart/?symbol=BYBIT:ROAMUSDT.P&timeframe=5)
---
[2026-03-26 16:30:49 UTC] ID:2723246
[Bybit - KATUSDT    5MIN Maxy Bud tf 5 differenza 24h:  +21.89% PERFEZIONE](https://bullweb.scalpingthebull.com/chart/?symbol=BYBIT:KATUSDT.P&timeframe=5)
---
[2026-03-26 16:32:28 UTC] ID:2723247
[Bybit - PROVEUSDT  30MIN terzotocco ema60. 24h: +8.47% PERFEZIONE](https://bullweb.scalpingthebull.com/chart/?symbol=BYBIT:PROVEUSDT.P&timeframe=30)
---
[2026-03-26 16:32:32 UTC] ID:2723248
[Bybit - BPUSDT     5MIN terzotocco ema60. 24h: -14.94% PERFEZIONE](https://bullweb.scalpingthebull.com/chart/?symbol=BYBIT:BPUSDT.P&timeframe=5)
---
[2026-03-26 16:33:17 UTC] ID:2723249
[Bybit - MONUSDT    1MIN emersione incrocio 60/223. 24h: -5.07%](https://bullweb.scalpingthebull.com/chart/?symbol=BYBIT:MONUSDT.P&timeframe=1)
---
[2026-03-26 16:33:46 UTC] ID:2723250
[Bybit - VVVUSDT    5MIN terzotocco ema60. 24h: -9.24%](https://bullweb.scalpingthebull.com/chart/?symbol=BYBIT:VVVUSDT.P&timeframe=5)
---
[2026-03-26 16:33:50 UTC] ID:2723251
[Bybit - YBUSDT     30MIN bud. 24h: +6.11% PERFEZIONE](https://bullweb.scalpingthebull.com/chart/?symbol=BYBIT:YBUSDT.P&timeframe=30)
---
[2026-03-26 16:35:19 UTC] ID:2723252
[Bybit - NILUSDT    5MIN SHIMANO differenza 24h:  -8.25%](https://bullweb.scalpingthebull.com/chart/?symbol=BYBIT:NILUSDT.P&timeframe=5)
---
[2026-03-26 16:35:35 UTC] ID:2723253
[Bybit - SIGNUSDT   saldi. 24h: -24.14% PERFEZIONE](https://bullweb.scalpingthebull.com/chart/?symbol=BYBIT:SIGNUSDT.P&timeframe=1D)
---
[2026-03-26 16:35:45 UTC] ID:2723254
[Bybit - TRUUSDT    1GIORNO  C'è Fear differenza 24h:  -5.35% PERFEZIONE](https://bullweb.scalpingthebull.com/chart/?symbol=BYBIT:TRUUSDT.P&timeframe=1D)
---
[2026-03-26 16:36:46 UTC] ID:2723255
[Binance - IDEXUSDC   1MIN Bomba Sismografo differenza 24h:  -3.71%](https://bullweb.scalpingthebull.com/chart/?symbol=BINANCE:IDEXUSDC&timeframe=1)
---
[2026-03-26 16:36:48 UTC] ID:2723256
[Bybit - KITEUSDT   5MIN terzotocco ema60. 24h: -14.75%](https://bullweb.scalpingthebull.com/chart/?symbol=BYBIT:KITEUSDT.P&timeframe=5)
---
[2026-03-26 16:37:43 UTC] ID:2723257
[Bybit - UBUSDT     saldi. 24h: -28.51%](https://bullweb.scalpingthebull.com/chart/?symbol=BYBIT:UBUSDT.P&timeframe=1D)
---
[2026-03-26 16:39:44 UTC] ID:2723258
[Bybit - VFYUSDT    30MIN emersione incrocio 60/223. 24h: +9.91%](https://bullweb.scalpingthebull.com/chart/?symbol=BYBIT:VFYUSDT.P&timeframe=30)
---
[2026-03-26 16:42:34 UTC] ID:2723259
[Bybit - CHILLGUYUS 5MIN terzotocco ema60. 24h: -5.77% PERFEZIONE](https://bullweb.scalpingthebull.com/chart/?symbol=BYBIT:CHILLGUYUSDT.P&timeframe=5)
---
[2026-03-26 16:43:44 UTC] ID:2723260
[Bybit - WLDUSDT    1MIN emersione incrocio 60/223. 24h: -8.43%](https://bullweb.scalpingthebull.com/chart/?symbol=BYBIT:WLDUSDT.P&timeframe=1)
---
[2026-03-26 16:43:45 UTC] ID:2723261
[Bybit - DRIFTUSDT  30MIN  viagra sotto ema 10. differenza 24h:  -8.5% PERFEZIONE](https://bullweb.scalpingthebull.com/chart/?symbol=BYBIT:DRIFTUSDT.P&timeframe=30)
---
[2026-03-26 16:47:22 UTC] ID:2723262
[Bybit - NIGHTUSDT  5MIN  viagra sopra ema 10. differenza 24h:  +8.12% PERFEZIONE](https://bullweb.scalpingthebull.com/chart/?symbol=BYBIT:NIGHTUSDT.P&timeframe=5)
---
[2026-03-26 16:47:31 UTC] ID:2723263
[Bybit - CFGUSDT    5MIN terzotocco ema60. 24h: -5.11%](https://bullweb.scalpingthebull.com/chart/?symbol=BYBIT:CFGUSDT.P&timeframe=5)
---
[2026-03-26 16:48:17 UTC] ID:2723264
[Bybit - 1000RATSUS 1MIN Bomba differenza 24h:  +13.73%](https://bullweb.scalpingthebull.com/chart/?symbol=BYBIT:1000RATSUSDT.P&timeframe=1)
---
[2026-03-26 16:48:24 UTC] ID:2723265
[Bybit - 1000RATSUS 1MIN Bomba Sismografo differenza 24h:  +13.73%](https://bullweb.scalpingthebull.com/chart/?symbol=BYBIT:1000RATSUSDT.P&timeframe=1)
---
[2026-03-26 16:48:40 UTC] ID:2723266
[Bybit - 1000RATSUS 1GIORNO  C'è Fomo differenza 24h:  +13.73%](https://bullweb.scalpingthebull.com/chart/?symbol=BYBIT:1000RATSUSDT.P&timeframe=1D)
---
[2026-03-26 16:50:39 UTC] ID:2723267
[Bybit - DRIFTUSDT  1GIORNO  C'è Mini-Fear differenza 24h:  -8.81%](https://bullweb.scalpingthebull.com/chart/?symbol=BYBIT:DRIFTUSDT.P&timeframe=1D)
---
[2026-03-26 16:50:41 UTC] ID:2723268
[Bybit - SWARMSUSDT 5MIN Maxy Bud tf 5 differenza 24h:  +7.93%](https://bullweb.scalpingthebull.com/chart/?symbol=BYBIT:SWARMSUSDT.P&timeframe=5)
---
[2026-03-26 16:50:48 UTC] ID:2723269
[Bybit - VIRTUALUSD 5MIN  viagra sotto ema 10. differenza 24h:  -8.23% PERFEZIONE](https://bullweb.scalpingthebull.com/chart/?symbol=BYBIT:VIRTUALUSDT.P&timeframe=5)
---
[2026-03-26 16:52:37 UTC] ID:2723270
[Binance - ENJUSDC    1MIN Bomba Sismografo differenza 24h:  +11.8%](https://bullweb.scalpingthebull.com/chart/?symbol=BINANCE:ENJUSDC&timeframe=1)
---
[2026-03-26 16:55:32 UTC] ID:2723271
[Bybit - RECALLUSDT 5MIN  viagra sotto ema 10. differenza 24h:  -11.36% PERFEZIONE](https://bullweb.scalpingthebull.com/chart/?symbol=BYBIT:RECALLUSDT.P&timeframe=5)
---
[2026-03-26 16:55:34 UTC] ID:2723272
[Bybit - BOBBOBUSDT 5MIN Maxy Bud tf 5 differenza 24h:  +6.64% PERFEZIONE](https://bullweb.scalpingthebull.com/chart/?symbol=BYBIT:BOBBOBUSDT.P&timeframe=5)
---
[2026-03-26 16:57:41 UTC] ID:2723273
[Bybit - UBUSDT     1MIN Bomba Sismografo differenza 24h:  -26.61% PERFEZIONE](https://bullweb.scalpingthebull.com/chart/?symbol=BYBIT:UBUSDT.P&timeframe=1)
---
[2026-03-26 16:57:48 UTC] ID:2723274
[Bybit - XCNUSDT    1MIN Bomba differenza 24h:  +1.65% PERFEZIONE](https://bullweb.scalpingthebull.com/chart/?symbol=BYBIT:XCNUSDT.P&timeframe=1)
---
[2026-03-26 16:57:51 UTC] ID:2723275
[Bybit - XCNUSDT    1MIN Bomba Sismografo differenza 24h:  +1.65% PERFEZIONE](https://bullweb.scalpingthebull.com/chart/?symbol=BYBIT:XCNUSDT.P&timeframe=1)
---
[2026-03-26 16:58:23 UTC] ID:2723276
[Bybit - NIGHTUSDT  1GIORNO  C'è una mini Fomo differenza 24h:  +9.02% PERFEZIONE](https://bullweb.scalpingthebull.com/chart/?symbol=BYBIT:NIGHTUSDT.P&timeframe=1D)
---
[2026-03-26 17:00:21 UTC] ID:2723277
[Bybit - 1000RATSUS 5MIN Maxy Bud tf 5 differenza 24h:  +13.32% PERFEZIONE](https://bullweb.scalpingthebull.com/chart/?symbol=BYBIT:1000RATSUSDT.P&timeframe=5)
---
[2026-03-26 17:00:25 UTC] ID:2723278
[Bybit - BLESSUSDT  1MIN Bomba Sismografo differenza 24h:  -4.02%](https://bullweb.scalpingthebull.com/chart/?symbol=BYBIT:BLESSUSDT.P&timeframe=1)
---
[2026-03-26 17:00:26 UTC] ID:2723279
[Bybit - RIVERUSDT  1MIN Bomba Sismografo differenza 24h:  -19.74% PERFEZIONE](https://bullweb.scalpingthebull.com/chart/?symbol=BYBIT:RIVERUSDT.P&timeframe=1)
---
[2026-03-26 17:00:28 UTC] ID:2723280
[Bybit - BOBBOBUSDT 1GIORNO doppio tocco. 24h: +7.85%](https://bullweb.scalpingthebull.com/chart/?symbol=BYBIT:BOBBOBUSDT.P&timeframe=1H)
---
[2026-03-26 17:00:33 UTC] ID:2723281
[Bybit - BLESSUSDT  1MIN Panico Pa Panico Pa Panico PAURAAA differenza 24h:  -4.02%](https://bullweb.scalpingthebull.com/chart/?symbol=BYBIT:BLESSUSDT.P&timeframe=1)
---
[2026-03-26 17:02:25 UTC] ID:2723282
[Bybit - ARIAUSDT   1GIORNO differenza 3% su minimo di ieri. Differenza candela giorno precedente: -5.48% PERFEZIONE](https://bullweb.scalpingthebull.com/chart/?symbol=BYBIT:ARIAUSDT.P&timeframe=1H)
---
[2026-03-26 17:02:28 UTC] ID:2723283
[Bybit - PUFFERUSDT 5MIN terzotocco ema60. 24h: -7.87%](https://bullweb.scalpingthebull.com/chart/?symbol=BYBIT:PUFFERUSDT.P&timeframe=5)
---
[2026-03-26 17:02:33 UTC] ID:2723284
[Bybit - SIRENUSDT  1MIN Bomba Sismografo differenza 24h:  -26.69%](https://bullweb.scalpingthebull.com/chart/?symbol=BYBIT:SIRENUSDT.P&timeframe=1)
---
[2026-03-26 17:04:20 UTC] ID:2723285
[Bybit - MUSDT      5MIN  Tre Cime differenza 24h:  -13.46%](https://bullweb.scalpingthebull.com/chart/?symbol=BYBIT:MUSDT.P&timeframe=5)
---
[2026-03-26 17:04:29 UTC] ID:2723286
[Bybit - BEATUSDT   5MIN terzotocco ema60. 24h: -7.25%](https://bullweb.scalpingthebull.com/chart/?symbol=BYBIT:BEATUSDT.P&timeframe=5)
---
[2026-03-26 17:06:24 UTC] ID:2723287
[Bybit - NTRNUSDT   1MIN Funding del -1.702% alle ore 21:00:00 differenza 24h:  -10.43%](https://bullweb.scalpingthebull.com/chart/?symbol=BYBIT:NTRNUSDT.P&timeframe=1)
---
[2026-03-26 17:07:20 UTC] ID:2723288
[Bybit - ALCHUSDT   5MIN terzotocco ema60. 24h: -5.0%](https://bullweb.scalpingthebull.com/chart/?symbol=BYBIT:ALCHUSDT.P&timeframe=5)
---
[2026-03-26 17:08:42 UTC] ID:2723289
[Bybit - COAIUSDT   30MIN  viagra sotto ema 10. differenza 24h:  -6.68% PERFEZIONE](https://bullweb.scalpingthebull.com/chart/?symbol=BYBIT:COAIUSDT.P&timeframe=30)
---
[2026-03-26 17:10:20 UTC] ID:2723290
[Bybit - MERLUSDT   5MIN  viagra sotto ema 10. differenza 24h:  -9.06% PERFEZIONE](https://bullweb.scalpingthebull.com/chart/?symbol=BYBIT:MERLUSDT.P&timeframe=5)
---
[2026-03-26 17:10:38 UTC] ID:2723291
[Bybit - CGPTUSDT   5MIN  viagra sotto ema 10. differenza 24h:  -7.69% PERFEZIONE](https://bullweb.scalpingthebull.com/chart/?symbol=BYBIT:CGPTUSDT.P&timeframe=5)
---
[2026-03-26 17:11:41 UTC] ID:2723292
[Bybit - STOUSDT    5MIN Maxy Bud tf 5 differenza 24h:  +16.65% PERFEZIONE](https://bullweb.scalpingthebull.com/chart/?symbol=BYBIT:STOUSDT.P&timeframe=5)
---
[2026-03-26 17:11:50 UTC] ID:2723293
[Bybit - JCTUSDT    5MIN terzotocco ema60. 24h: +6.5% PERFEZIONE](https://bullweb.scalpingthebull.com/chart/?symbol=BYBIT:JCTUSDT.P&timeframe=5)
---
[2026-03-26 17:15:18 UTC] ID:2723294
[Bybit - LYNUSDT    5MIN  viagra sotto ema 10. differenza 24h:  -27.51% PERFEZIONE](https://bullweb.scalpingthebull.com/chart/?symbol=BYBIT:LYNUSDT.P&timeframe=5)
---
[2026-03-26 17:15:35 UTC] ID:2723295
[Bybit - COAIUSDT   5MIN  viagra sotto ema 10. differenza 24h:  -6.5% PERFEZIONE](https://bullweb.scalpingthebull.com/chart/?symbol=BYBIT:COAIUSDT.P&timeframe=5)
---
[2026-03-26 17:16:37 UTC] ID:2723296
[Bybit - STOUSDT    30MIN bud. 24h: +17.33% PERFEZIONE](https://bullweb.scalpingthebull.com/chart/?symbol=BYBIT:STOUSDT.P&timeframe=30)
---
[2026-03-26 17:19:27 UTC] ID:2723297
[Bybit - PARTIUSDT  1MIN SHIMANO differenza 24h:  +12.47% PERFEZIONE](https://bullweb.scalpingthebull.com/chart/?symbol=BYBIT:PARTIUSDT.P&timeframe=1)
---
[2026-03-26 17:20:32 UTC] ID:2723298
[Bybit - REDUSDT    5MIN  viagra sotto ema 10. differenza 24h:  -6.87% PERFEZIONE](https://bullweb.scalpingthebull.com/chart/?symbol=BYBIT:REDUSDT.P&timeframe=5)
---
[2026-03-26 17:21:49 UTC] ID:2723299
[Bybit - HOOKUSDT   1GIORNO  C'è Mini-Fear differenza 24h:  -8.04% PERFEZIONE](https://bullweb.scalpingthebull.com/chart/?symbol=BYBIT:HOOKUSDT.P&timeframe=1D)
---
[2026-03-26 17:24:16 UTC] ID:2723300
[Bybit - MAGMAUSDT  1GIORNO doppio tocco. 24h: +7.29% PERFEZIONE](https://bullweb.scalpingthebull.com/chart/?symbol=BYBIT:MAGMAUSDT.P&timeframe=1H)
---
[2026-03-26 17:25:33 UTC] ID:2723301
[Bybit - BLESSUSDT  5MIN Incrocio 60 - 223 differenza 24h:  -10.08% PERFEZIONE](https://bullweb.scalpingthebull.com/chart/?symbol=BYBIT:BLESSUSDT.P&timeframe=5)
---
[2026-03-26 17:26:19 UTC] ID:2723302
[Bybit - 1000RATSUS 5MIN bud. 24h: +13.2% PERFEZIONE](https://bullweb.scalpingthebull.com/chart/?symbol=BYBIT:1000RATSUSDT.P&timeframe=5)
---
[2026-03-26 17:27:36 UTC] ID:2723303
[Bybit - SPORTFUNUS 5MIN emersione incrocio 60/223. 24h: -5.02%](https://bullweb.scalpingthebull.com/chart/?symbol=BYBIT:SPORTFUNUSDT.P&timeframe=5)
---
[2026-03-26 17:29:32 UTC] ID:2723304
[Bybit - BROCCOLIUS 5MIN emersione incrocio 60/223. 24h: -5.2%](https://bullweb.scalpingthebull.com/chart/?symbol=BYBIT:BROCCOLIUSDT.P&timeframe=5)
---
[2026-03-26 17:29:50 UTC] ID:2723305
[Bybit - JCTUSDT    5MIN Rottura ema 223 tf 5 differenza 24h:  +5.32% PERFEZIONE](https://bullweb.scalpingthebull.com/chart/?symbol=BYBIT:JCTUSDT.P&timeframe=5)
---
[2026-03-26 17:30:16 UTC] ID:2723306
[Bybit - MBOXUSDT   30MIN  viagra sotto ema 10. differenza 24h:  -7.95% PERFEZIONE](https://bullweb.scalpingthebull.com/chart/?symbol=BYBIT:MBOXUSDT.P&timeframe=30)
---
[2026-03-26 17:30:29 UTC] ID:2723307
[Bybit - BOBBOBUSDT 5MIN bud. 24h: +7.23% PERFEZIONE](https://bullweb.scalpingthebull.com/chart/?symbol=BYBIT:BOBBOBUSDT.P&timeframe=5)
---
[2026-03-26 17:30:51 UTC] ID:2723308
[Bybit - L3USDT     30MIN SHIMANO differenza 24h:  -14.6% PERFEZIONE](https://bullweb.scalpingthebull.com/chart/?symbol=BYBIT:L3USDT.P&timeframe=30)
---
[2026-03-26 17:31:24 UTC] ID:2723309
[Bybit - ONTUSDT    30MIN SHIMANO differenza 24h:  -10.87% PERFEZIONE](https://bullweb.scalpingthebull.com/chart/?symbol=BYBIT:ONTUSDT.P&timeframe=30)
---
[2026-03-26 17:31:29 UTC] ID:2723310
[Bybit - RAVEUSDT   1MIN SHIMANO differenza 24h:  +5.21% PERFEZIONE](https://bullweb.scalpingthebull.com/chart/?symbol=BYBIT:RAVEUSDT.P&timeframe=1)
---
[2026-03-26 17:31:31 UTC] ID:2723311
[Bybit - ROAMUSDT   5MIN  viagra sotto ema 10. differenza 24h:  -10.34% PERFEZIONE](https://bullweb.scalpingthebull.com/chart/?symbol=BYBIT:ROAMUSDT.P&timeframe=5)
---
[2026-03-26 17:31:49 UTC] ID:2723312
[Bybit - KATUSDT    5MIN Maxy Bud tf 5 differenza 24h:  +20.27%](https://bullweb.scalpingthebull.com/chart/?symbol=BYBIT:KATUSDT.P&timeframe=5)
---
[2026-03-26 17:32:29 UTC] ID:2723313
[Bybit - PIPPINUSDT 5MIN Incrocio 60 - 223 differenza 24h:  -8.18% PERFEZIONE](https://bullweb.scalpingthebull.com/chart/?symbol=BYBIT:PIPPINUSDT.P&timeframe=5)
---
[2026-03-26 17:33:26 UTC] ID:2723314
[Bybit - PTBUSDT    1MIN Bomba Sismografo differenza 24h:  -3.68%](https://bullweb.scalpingthebull.com/chart/?symbol=BYBIT:PTBUSDT.P&timeframe=1)
---
