[2026-03-26 09:48:50 UTC] ID:2722778
[Bybit - IRYSUSDT   5MIN SHIMANO differenza 24h:  -9.65%](https://bullweb.scalpingthebull.com/chart/?symbol=BYBIT:IRYSUSDT.P&timeframe=5)
---
[2026-03-26 09:48:43 UTC] ID:2722777
[Bybit - SUPERUSDT  5MIN Rottura ema 223 tf 5 differenza 24h:  +10.04% PERFEZIONE](https://bullweb.scalpingthebull.com/chart/?symbol=BYBIT:SUPERUSDT.P&timeframe=5)
---
[2026-03-26 09:47:24 UTC] ID:2722776
[Bybit - ALCHUSDT   5MIN terzotocco ema60. 24h: -5.21%](https://bullweb.scalpingthebull.com/chart/?symbol=BYBIT:ALCHUSDT.P&timeframe=5)
---
[2026-03-26 09:45:30 UTC] ID:2722775
[Bybit - RESOLVUSDT 5MIN  viagra sotto ema 10. differenza 24h:  -12.08% PERFEZIONE](https://bullweb.scalpingthebull.com/chart/?symbol=BYBIT:RESOLVUSDT.P&timeframe=5)
---
[2026-03-26 09:43:42 UTC] ID:2722774
[Bybit - SUPERUSDT  5MIN Rimbalzo ema 223 tf 5 differenza 24h:  +10.64% PERFEZIONE](https://bullweb.scalpingthebull.com/chart/?symbol=BYBIT:SUPERUSDT.P&timeframe=5)
---
[2026-03-26 09:49:52 UTC] ID:2722779
[Bybit - LIGHTUSDT  1MIN Bomba differenza 24h:  -7.67%](https://bullweb.scalpingthebull.com/chart/?symbol=BYBIT:LIGHTUSDT.P&timeframe=1)
---
[2026-03-26 09:49:54 UTC] ID:2722780
[Bybit - LIGHTUSDT  1MIN Bomba Sismografo differenza 24h:  -7.67%](https://bullweb.scalpingthebull.com/chart/?symbol=BYBIT:LIGHTUSDT.P&timeframe=1)
---
[2026-03-26 09:52:26 UTC] ID:2722781
[Bybit - ALCHUSDT   30MIN  viagra sotto ema 10. differenza 24h:  -5.52% PERFEZIONE](https://bullweb.scalpingthebull.com/chart/?symbol=BYBIT:ALCHUSDT.P&timeframe=30)
---
[2026-03-26 09:52:39 UTC] ID:2722782
[Bybit - STOUSDT    1GIORNO doppio tocco. 24h: +23.25% PERFEZIONE](https://bullweb.scalpingthebull.com/chart/?symbol=BYBIT:STOUSDT.P&timeframe=1H)
---
[2026-03-26 09:54:39 UTC] ID:2722783
[Bybit - BUSDT      5MIN Kfc differenza 24h:  -6.54% PERFEZIONE](https://bullweb.scalpingthebull.com/chart/?symbol=BYBIT:BUSDT.P&timeframe=5)
---
[2026-03-26 09:58:54 UTC] ID:2722784
[Bybit - KATUSDT    1MIN SHIMANO differenza 24h:  +39.0% PERFEZIONE](https://bullweb.scalpingthebull.com/chart/?symbol=BYBIT:KATUSDT.P&timeframe=1)
---
[2026-03-26 09:59:17 UTC] ID:2722785
[Binance - A2ZUSDC    1MIN Panico Pa Panico Pa Panico PAURAAA differenza 24h:  -22.28%](https://bullweb.scalpingthebull.com/chart/?symbol=BINANCE:A2ZUSDC&timeframe=1)
---
[2026-03-26 09:59:23 UTC] ID:2722786
[Binance - A2ZUSDC    5MIN Kfc differenza 24h:  -22.28%](https://bullweb.scalpingthebull.com/chart/?symbol=BINANCE:A2ZUSDC&timeframe=5)
---
[2026-03-26 10:00:16 UTC] ID:2722787
[Binance - A2ZUSDC    1MIN Bomba Sismografo differenza 24h:  -19.71%](https://bullweb.scalpingthebull.com/chart/?symbol=BINANCE:A2ZUSDC&timeframe=1)
---
[2026-03-26 10:00:52 UTC] ID:2722788
[Bybit - LIGHTUSDT  5MIN Maxy Bud tf 5 differenza 24h:  -6.32% PERFEZIONE](https://bullweb.scalpingthebull.com/chart/?symbol=BYBIT:LIGHTUSDT.P&timeframe=5)
---
[2026-03-26 10:05:43 UTC] ID:2722789
[Bybit - STRKUSDT   30MIN  viagra sotto ema 10. differenza 24h:  -5.12% PERFEZIONE](https://bullweb.scalpingthebull.com/chart/?symbol=BYBIT:STRKUSDT.P&timeframe=30)
---
[2026-03-26 10:06:54 UTC] ID:2722790
[Bybit - KATUSDT    1MIN Bomba Sismografo differenza 24h:  +40.68%](https://bullweb.scalpingthebull.com/chart/?symbol=BYBIT:KATUSDT.P&timeframe=1)
---
[2026-03-26 10:09:30 UTC] ID:2722791
[Bybit - PNUTUSDT   1GIORNO  C'è Mini-Fear differenza 24h:  -5.81% PERFEZIONE](https://bullweb.scalpingthebull.com/chart/?symbol=BYBIT:PNUTUSDT.P&timeframe=1D)
---
[2026-03-26 10:10:19 UTC] ID:2722792
[Bybit - 4USDT      5MIN terzotocco ema60. 24h: +9.63%](https://bullweb.scalpingthebull.com/chart/?symbol=BYBIT:4USDT.P&timeframe=5)
---
[2026-03-26 10:10:32 UTC] ID:2722793
[Bybit - AZTECUSDT  1GIORNO  C'è Fear differenza 24h:  -6.19% PERFEZIONE](https://bullweb.scalpingthebull.com/chart/?symbol=BYBIT:AZTECUSDT.P&timeframe=1D)
---
[2026-03-26 10:10:34 UTC] ID:2722794
[Bybit - BLUAIUSDT  5MIN  Tre Cime differenza 24h:  +23.0%](https://bullweb.scalpingthebull.com/chart/?symbol=BYBIT:BLUAIUSDT.P&timeframe=5)
---
[2026-03-26 10:10:35 UTC] ID:2722795
[Bybit - RLSUSDT    5MIN  viagra sotto ema 10. differenza 24h:  -10.69% PERFEZIONE](https://bullweb.scalpingthebull.com/chart/?symbol=BYBIT:RLSUSDT.P&timeframe=5)
---
[2026-03-26 10:15:17 UTC] ID:2722796
[Bybit - MAGMAUSDT  1GIORNO  C'è una mini Fomo differenza 24h:  +11.66% PERFEZIONE](https://bullweb.scalpingthebull.com/chart/?symbol=BYBIT:MAGMAUSDT.P&timeframe=1D)
---
[2026-03-26 10:15:25 UTC] ID:2722797
[Bybit - PIPPINUSDT 5MIN terzotocco ema60. 24h: -25.89%](https://bullweb.scalpingthebull.com/chart/?symbol=BYBIT:PIPPINUSDT.P&timeframe=5)
---
[2026-03-26 10:15:43 UTC] ID:2722798
[Bybit - DOGEUSDT   5MIN  viagra sotto ema 10. differenza 24h:  -5.67% PERFEZIONE](https://bullweb.scalpingthebull.com/chart/?symbol=BYBIT:DOGEUSDT.P&timeframe=5)
---
[2026-03-26 10:16:27 UTC] ID:2722799
[Binance - BANKUSDC   1MIN Bomba differenza 24h:  -1.26%](https://bullweb.scalpingthebull.com/chart/?symbol=BINANCE:BANKUSDC&timeframe=1)
---
[2026-03-26 10:16:28 UTC] ID:2722800
[Bybit - BANKUSDT   1MIN Bomba differenza 24h:  -1.25%](https://bullweb.scalpingthebull.com/chart/?symbol=BYBIT:BANKUSDT.P&timeframe=1)
---
[2026-03-26 10:16:33 UTC] ID:2722801
[Binance - BANKUSDC   1MIN Bomba Sismografo differenza 24h:  -1.26%](https://bullweb.scalpingthebull.com/chart/?symbol=BINANCE:BANKUSDC&timeframe=1)
---
[2026-03-26 10:16:36 UTC] ID:2722802
[Bybit - BANKUSDT   1MIN Bomba Sismografo differenza 24h:  -1.25%](https://bullweb.scalpingthebull.com/chart/?symbol=BYBIT:BANKUSDT.P&timeframe=1)
---
[2026-03-26 10:17:37 UTC] ID:2722803
[Bybit - CLUSDT     è quasi in ATH di 500 giorni 2.13% dal cambio candela](https://bullweb.scalpingthebull.com/chart/?symbol=BYBIT:CLUSDT.P&timeframe=1D)
---
[2026-03-26 10:17:53 UTC] ID:2722804
[Bybit - VVVUSDT    1MIN Antincrocio tf 1 differenza 24h:  -8.75%](https://bullweb.scalpingthebull.com/chart/?symbol=BYBIT:VVVUSDT.P&timeframe=1)
---
[2026-03-26 10:20:20 UTC] ID:2722805
[Bybit - MORPHOUSDT 5MIN  viagra sotto ema 10. differenza 24h:  -6.84% PERFEZIONE](https://bullweb.scalpingthebull.com/chart/?symbol=BYBIT:MORPHOUSDT.P&timeframe=5)
---
[2026-03-26 10:20:23 UTC] ID:2722806
[Bybit - PHAUSDT    1MIN emersione incrocio 60/223. 24h: -7.45% PERFEZIONE](https://bullweb.scalpingthebull.com/chart/?symbol=BYBIT:PHAUSDT.P&timeframe=1)
---
[2026-03-26 10:20:55 UTC] ID:2722807
[Bybit - LIGHTUSDT  5MIN Incrocio 60 - 223 differenza 24h:  -6.74% PERFEZIONE](https://bullweb.scalpingthebull.com/chart/?symbol=BYBIT:LIGHTUSDT.P&timeframe=5)
---
[2026-03-26 10:22:55 UTC] ID:2722808
[Bybit - KATUSDT    5MIN Maxy Bud tf 5 differenza 24h:  +37.74%](https://bullweb.scalpingthebull.com/chart/?symbol=BYBIT:KATUSDT.P&timeframe=5)
---
[2026-03-26 10:25:17 UTC] ID:2722809
[Bybit - MAGMAUSDT  5MIN Maxy Bud tf 5 differenza 24h:  +10.94% PERFEZIONE](https://bullweb.scalpingthebull.com/chart/?symbol=BYBIT:MAGMAUSDT.P&timeframe=5)
---
[2026-03-26 10:25:24 UTC] ID:2722810
[Bybit - NILUSDT    5MIN  viagra sotto ema 10. differenza 24h:  -8.63% PERFEZIONE](https://bullweb.scalpingthebull.com/chart/?symbol=BYBIT:NILUSDT.P&timeframe=5)
---
[2026-03-26 10:25:26 UTC] ID:2722811
[Bybit - ALICEUSDT  5MIN  viagra sotto ema 10. differenza 24h:  -5.15% PERFEZIONE](https://bullweb.scalpingthebull.com/chart/?symbol=BYBIT:ALICEUSDT.P&timeframe=5)
---
[2026-03-26 10:25:54 UTC] ID:2722812
[Bybit - KNCUSDT    1MIN Bomba differenza 24h:  +6.73%](https://bullweb.scalpingthebull.com/chart/?symbol=BYBIT:KNCUSDT.P&timeframe=1)
---
[2026-03-26 10:25:57 UTC] ID:2722813
[Bybit - KNCUSDT    1MIN Bomba Sismografo differenza 24h:  +6.73%](https://bullweb.scalpingthebull.com/chart/?symbol=BYBIT:KNCUSDT.P&timeframe=1)
---
[2026-03-26 10:26:18 UTC] ID:2722814
[Bybit - 1000RATSUS 5MIN bud. 24h: +11.24%](https://bullweb.scalpingthebull.com/chart/?symbol=BYBIT:1000RATSUSDT.P&timeframe=5)
---
[2026-03-26 10:30:22 UTC] ID:2722815
[Bybit - ONTUSDT    5MIN  viagra sotto ema 10. differenza 24h:  -17.73% PERFEZIONE](https://bullweb.scalpingthebull.com/chart/?symbol=BYBIT:ONTUSDT.P&timeframe=5)
---
[2026-03-26 10:30:51 UTC] ID:2722816
[Bybit - HIPPOUSDT  1MIN SHIMANO differenza 24h:  -10.77%](https://bullweb.scalpingthebull.com/chart/?symbol=BYBIT:HIPPOUSDT.P&timeframe=1)
---
[2026-03-26 10:30:53 UTC] ID:2722817
[Bybit - L3USDT     1MIN emersione incrocio 60/223. 24h: -17.46%](https://bullweb.scalpingthebull.com/chart/?symbol=BYBIT:L3USDT.P&timeframe=1)
---
[2026-03-26 10:30:54 UTC] ID:2722818
[Bybit - KITEUSDT   1MIN emersione incrocio 60/223. 24h: -10.06% PERFEZIONE](https://bullweb.scalpingthebull.com/chart/?symbol=BYBIT:KITEUSDT.P&timeframe=1)
---
[2026-03-26 10:35:30 UTC] ID:2722819
[Bybit - PROVEUSDT  5MIN Incrocio 60 - 223 differenza 24h:  +6.3% PERFEZIONE](https://bullweb.scalpingthebull.com/chart/?symbol=BYBIT:PROVEUSDT.P&timeframe=5)
---
[2026-03-26 10:35:35 UTC] ID:2722820
[Bybit - BUSDT      5MIN Incrocio 60 - 223 differenza 24h:  -8.41% PERFEZIONE](https://bullweb.scalpingthebull.com/chart/?symbol=BYBIT:BUSDT.P&timeframe=5)
---
[2026-03-26 10:36:30 UTC] ID:2722821
[Bybit - RIVERUSDT  1GIORNO  C'è Mini-Fear differenza 24h:  -11.22%](https://bullweb.scalpingthebull.com/chart/?symbol=BYBIT:RIVERUSDT.P&timeframe=1D)
---
[2026-03-26 10:40:43 UTC] ID:2722822
[Bybit - VFYUSDT    1MIN emersione incrocio 60/223. 24h: -6.15%](https://bullweb.scalpingthebull.com/chart/?symbol=BYBIT:VFYUSDT.P&timeframe=1)
---
[2026-03-26 10:41:29 UTC] ID:2722823
[Bybit - RESOLVUSDT 1MIN SHIMANO differenza 24h:  -11.97%](https://bullweb.scalpingthebull.com/chart/?symbol=BYBIT:RESOLVUSDT.P&timeframe=1)
---
[2026-03-26 10:41:43 UTC] ID:2722824
[Bybit - USDEUSDT   è quasi in ATH di 500 giorni 0.02% dal cambio candela](https://bullweb.scalpingthebull.com/chart/?symbol=BYBIT:USDEUSDT.P&timeframe=1D)
---
[2026-03-26 10:42:42 UTC] ID:2722825
[Bybit - ESPORTSUSD 5MIN bud. 24h: +25.86% PERFEZIONE](https://bullweb.scalpingthebull.com/chart/?symbol=BYBIT:ESPORTSUSDT.P&timeframe=5)
---
[2026-03-26 10:43:26 UTC] ID:2722826
[Binance - ROBOUSDC   1MIN Bomba Sismografo differenza 24h:  +3.56% PERFEZIONE](https://bullweb.scalpingthebull.com/chart/?symbol=BINANCE:ROBOUSDC&timeframe=1)
---
[2026-03-26 10:43:27 UTC] ID:2722827
[Bybit - ROBOUSDT   1MIN Bomba differenza 24h:  +2.01% PERFEZIONE](https://bullweb.scalpingthebull.com/chart/?symbol=BYBIT:ROBOUSDT.P&timeframe=1)
---
[2026-03-26 10:43:31 UTC] ID:2722828
[Bybit - ROBOUSDT   1MIN Bomba Sismografo differenza 24h:  +2.01% PERFEZIONE](https://bullweb.scalpingthebull.com/chart/?symbol=BYBIT:ROBOUSDT.P&timeframe=1)
---
[2026-03-26 10:44:25 UTC] ID:2722829
[Binance - ROBOUSDC   1MIN Bomba differenza 24h:  +7.74% PERFEZIONE](https://bullweb.scalpingthebull.com/chart/?symbol=BINANCE:ROBOUSDC&timeframe=1)
---
[2026-03-26 10:45:26 UTC] ID:2722830
[Bybit - PTBUSDT   1GIORNO differenza 3% su massimo di ieri. Differenza candela giorno precedente: +5.17% PERFEZIONE](https://bullweb.scalpingthebull.com/chart/?symbol=BYBIT:PTBUSDT.P&timeframe=1H)
---
[2026-03-26 10:47:32 UTC] ID:2722831
[Bybit - BRUSDT     5MIN terzotocco ema60. 24h: -6.64%](https://bullweb.scalpingthebull.com/chart/?symbol=BYBIT:BRUSDT.P&timeframe=5)
---
[2026-03-26 10:48:45 UTC] ID:2722832
[Bybit - VFYUSDT    5MIN terzotocco ema60. 24h: -5.84%](https://bullweb.scalpingthebull.com/chart/?symbol=BYBIT:VFYUSDT.P&timeframe=5)
---
[2026-03-26 10:50:26 UTC] ID:2722833
[Bybit - BLUAIUSDT  1MIN Bomba Sismografo differenza 24h:  +28.53%](https://bullweb.scalpingthebull.com/chart/?symbol=BYBIT:BLUAIUSDT.P&timeframe=1)
---
[2026-03-26 10:50:36 UTC] ID:2722834
[Bybit - STGUSDT    1MIN SHIMANO differenza 24h:  -9.15%](https://bullweb.scalpingthebull.com/chart/?symbol=BYBIT:STGUSDT.P&timeframe=1)
---
[2026-03-26 10:50:44 UTC] ID:2722835
[Bybit - VELVETUSDT 5MIN bud. 24h: +6.81% PERFEZIONE](https://bullweb.scalpingthebull.com/chart/?symbol=BYBIT:VELVETUSDT.P&timeframe=5)
---
[2026-03-26 10:50:47 UTC] ID:2722836
[Bybit - XNYUSDT    1MIN emersione incrocio 60/223. 24h: +19.63% PERFEZIONE](https://bullweb.scalpingthebull.com/chart/?symbol=BYBIT:XNYUSDT.P&timeframe=1)
---
[2026-03-26 10:51:30 UTC] ID:2722837
[Bybit - PTBUSDT    1GIORNO doppio tocco. 24h: +6.66% PERFEZIONE](https://bullweb.scalpingthebull.com/chart/?symbol=BYBIT:PTBUSDT.P&timeframe=1H)
---
[2026-03-26 10:51:40 UTC] ID:2722838
[Bybit - UBUSDT     1MIN Bomba Sismografo differenza 24h:  -16.33% PERFEZIONE](https://bullweb.scalpingthebull.com/chart/?symbol=BYBIT:UBUSDT.P&timeframe=1)
---
[2026-03-26 10:55:25 UTC] ID:2722839
[Bybit - PONKEUSDT  1MIN SHIMANO differenza 24h:  -5.13%](https://bullweb.scalpingthebull.com/chart/?symbol=BYBIT:PONKEUSDT.P&timeframe=1)
---
[2026-03-26 10:56:29 UTC] ID:2722840
[Bybit - BLUAIUSDT  1MIN Bomba differenza 24h:  +32.49%](https://bullweb.scalpingthebull.com/chart/?symbol=BYBIT:BLUAIUSDT.P&timeframe=1)
---
[2026-03-26 10:57:45 UTC] ID:2722841
[Bybit - VFYUSDT    1MIN SHIMANO differenza 24h:  -5.15%](https://bullweb.scalpingthebull.com/chart/?symbol=BYBIT:VFYUSDT.P&timeframe=1)
---
[2026-03-26 10:57:46 UTC] ID:2722842
[Bybit - VELVETUSDT 1GIORNO doppio tocco. 24h: +6.83% PERFEZIONE](https://bullweb.scalpingthebull.com/chart/?symbol=BYBIT:VELVETUSDT.P&timeframe=1H)
---
[2026-03-26 10:57:49 UTC] ID:2722843
[Bybit - HIPPOUSDT  1MIN emersione incrocio 60/223. 24h: -9.96% PERFEZIONE](https://bullweb.scalpingthebull.com/chart/?symbol=BYBIT:HIPPOUSDT.P&timeframe=1)
---
[2026-03-26 10:58:49 UTC] ID:2722844
[Bybit - KATUSDT    1MIN Molla tf 1 differenza 24h:  +39.92%](https://bullweb.scalpingthebull.com/chart/?symbol=BYBIT:KATUSDT.P&timeframe=1)
---
[2026-03-26 11:01:28 UTC] ID:2722845
[Bybit - RESOLVUSDT 5MIN terzotocco ema60. 24h: -10.25% PERFEZIONE](https://bullweb.scalpingthebull.com/chart/?symbol=BYBIT:RESOLVUSDT.P&timeframe=5)
---
[2026-03-26 11:01:35 UTC] ID:2722846
[Bybit - CUSDT      1MIN emersione incrocio 60/223. 24h: -14.45%](https://bullweb.scalpingthebull.com/chart/?symbol=BYBIT:CUSDT.P&timeframe=1)
---
[2026-03-26 11:01:45 UTC] ID:2722847
[Binance - YBUSDC     1MIN Bomba Sismografo differenza 24h:  -1.19%](https://bullweb.scalpingthebull.com/chart/?symbol=BINANCE:YBUSDC&timeframe=1)
---
[2026-03-26 11:01:47 UTC] ID:2722848
[Bybit - YBUSDT     1MIN Bomba Sismografo differenza 24h:  -0.88%](https://bullweb.scalpingthebull.com/chart/?symbol=BYBIT:YBUSDT.P&timeframe=1)
---
[2026-03-26 11:02:30 UTC] ID:2722849
[Bybit - BANANAS31U 1GIORNO  viagra sopra ema 10. differenza 24h:  +4.97% PERFEZIONE](https://bullweb.scalpingthebull.com/chart/?symbol=BYBIT:BANANAS31USDT.P&timeframe=1D)
---
[2026-03-26 11:02:46 UTC] ID:2722850
[Bybit - XPINUSDT   1MIN SHIMANO differenza 24h:  -8.56%](https://bullweb.scalpingthebull.com/chart/?symbol=BYBIT:XPINUSDT.P&timeframe=1)
---
[2026-03-26 11:02:49 UTC] ID:2722851
[Bybit - LABUSDT    1MIN emersione incrocio 60/223. 24h: -5.03%](https://bullweb.scalpingthebull.com/chart/?symbol=BYBIT:LABUSDT.P&timeframe=1)
---
[2026-03-26 11:03:20 UTC] ID:2722852
[Bybit - NAORISUSDT 5MIN terzotocco ema60. 24h: +5.18% PERFEZIONE](https://bullweb.scalpingthebull.com/chart/?symbol=BYBIT:NAORISUSDT.P&timeframe=5)
---
[2026-03-26 11:03:22 UTC] ID:2722853
[Bybit - AKTUSDT    1MIN emersione incrocio 60/223. 24h: -13.07% PERFEZIONE](https://bullweb.scalpingthebull.com/chart/?symbol=BYBIT:AKTUSDT.P&timeframe=1)
---
[2026-03-26 11:05:48 UTC] ID:2722854
[Bybit - IRYSUSDT   5MIN terzotocco ema60. 24h: -6.61%](https://bullweb.scalpingthebull.com/chart/?symbol=BYBIT:IRYSUSDT.P&timeframe=5)
---
[2026-03-26 11:06:22 UTC] ID:2722855
[Bybit - PIPPINUSDT 1MIN Bomba differenza 24h:  -20.9% PERFEZIONE](https://bullweb.scalpingthebull.com/chart/?symbol=BYBIT:PIPPINUSDT.P&timeframe=1)
---
[2026-03-26 11:06:32 UTC] ID:2722856
[Bybit - BTRUSDT    1MIN SHIMANO differenza 24h:  -7.29% PERFEZIONE](https://bullweb.scalpingthebull.com/chart/?symbol=BYBIT:BTRUSDT.P&timeframe=1)
---
[2026-03-26 11:07:32 UTC] ID:2722857
[Bybit - BSUUSDT    1MIN emersione incrocio 60/223. 24h: -9.52%](https://bullweb.scalpingthebull.com/chart/?symbol=BYBIT:BSUUSDT.P&timeframe=1)
---
[2026-03-26 11:09:18 UTC] ID:2722858
[Bybit - 1000RATSUS 5MIN terzotocco ema60. 24h: +9.78%](https://bullweb.scalpingthebull.com/chart/?symbol=BYBIT:1000RATSUSDT.P&timeframe=5)
---
[2026-03-26 11:09:24 UTC] ID:2722859
[Bybit - PIPPINUSDT 5MIN emersione incrocio 60/223. 24h: -20.31% PERFEZIONE](https://bullweb.scalpingthebull.com/chart/?symbol=BYBIT:PIPPINUSDT.P&timeframe=5)
---
[2026-03-26 11:10:19 UTC] ID:2722860
[Bybit - NAORISUSDT 30MIN terzotocco ema60. 24h: +6.77% PERFEZIONE](https://bullweb.scalpingthebull.com/chart/?symbol=BYBIT:NAORISUSDT.P&timeframe=30)
---
[2026-03-26 11:10:31 UTC] ID:2722861
[Bybit - BLUAIUSDT  5MIN Maxy Bud tf 5 differenza 24h:  +32.08%](https://bullweb.scalpingthebull.com/chart/?symbol=BYBIT:BLUAIUSDT.P&timeframe=5)
---
[2026-03-26 11:10:45 UTC] ID:2722862
[Bybit - XPINUSDT   5MIN emersione incrocio 60/223. 24h: -8.31% PERFEZIONE](https://bullweb.scalpingthebull.com/chart/?symbol=BYBIT:XPINUSDT.P&timeframe=5)
---
[2026-03-26 11:11:34 UTC] ID:2722863
[Bybit - BOBAUSDT   1GIORNO doppio tocco. 24h: +6.41%](https://bullweb.scalpingthebull.com/chart/?symbol=BYBIT:BOBAUSDT.P&timeframe=1H)
---
[2026-03-26 11:13:30 UTC] ID:2722864
[Bybit - RLSUSDT    5MIN  viagra sotto ema 10. differenza 24h:  -10.59% PERFEZIONE](https://bullweb.scalpingthebull.com/chart/?symbol=BYBIT:RLSUSDT.P&timeframe=5)
---
[2026-03-26 11:14:32 UTC] ID:2722865
[Bybit - SIGNUSDT   1MIN emersione incrocio 60/223. 24h: -25.74%](https://bullweb.scalpingthebull.com/chart/?symbol=BYBIT:SIGNUSDT.P&timeframe=1)
---
[2026-03-26 11:14:36 UTC] ID:2722866
[Binance - DYMUSDC    1MIN Bomba Sismografo differenza 24h:  +7.9%](https://bullweb.scalpingthebull.com/chart/?symbol=BINANCE:DYMUSDC&timeframe=1)
---
[2026-03-26 11:14:37 UTC] ID:2722867
[Bybit - DYMUSDT    1MIN Bomba differenza 24h:  +6.65% PERFEZIONE](https://bullweb.scalpingthebull.com/chart/?symbol=BYBIT:DYMUSDT.P&timeframe=1)
---
[2026-03-26 11:14:46 UTC] ID:2722868
[Bybit - DYMUSDT    1MIN Bomba Sismografo differenza 24h:  +6.65% PERFEZIONE](https://bullweb.scalpingthebull.com/chart/?symbol=BYBIT:DYMUSDT.P&timeframe=1)
---
[2026-03-26 11:14:49 UTC] ID:2722869
[Bybit - DYMUSDT    30MIN emersione incrocio 60/223. 24h: +6.69% PERFEZIONE](https://bullweb.scalpingthebull.com/chart/?symbol=BYBIT:DYMUSDT.P&timeframe=30)
---
[2026-03-26 11:15:36 UTC] ID:2722870
[Binance - DYMUSDC    1MIN Bomba differenza 24h:  +9.27%](https://bullweb.scalpingthebull.com/chart/?symbol=BINANCE:DYMUSDC&timeframe=1)
---
[2026-03-26 11:15:45 UTC] ID:2722871
[Bybit - VELVETUSDT 5MIN Maxy Bud tf 5 differenza 24h:  +8.25% PERFEZIONE](https://bullweb.scalpingthebull.com/chart/?symbol=BYBIT:VELVETUSDT.P&timeframe=5)
---
[2026-03-26 11:17:35 UTC] ID:2722872
[Bybit - CYSUSDT    1MIN Bomba Sismografo differenza 24h:  -30.8% PERFEZIONE](https://bullweb.scalpingthebull.com/chart/?symbol=BYBIT:CYSUSDT.P&timeframe=1)
---
[2026-03-26 11:18:39 UTC] ID:2722873
[Binance - DYMUSDC    5MIN Kfc differenza 24h:  +14.43%](https://bullweb.scalpingthebull.com/chart/?symbol=BINANCE:DYMUSDC&timeframe=5)
---
[2026-03-26 11:19:21 UTC] ID:2722874
[Bybit - AKTUSDT    1MIN SHIMANO differenza 24h:  -14.22%](https://bullweb.scalpingthebull.com/chart/?symbol=BYBIT:AKTUSDT.P&timeframe=1)
---
[2026-03-26 11:20:27 UTC] ID:2722875
[Bybit - PIPPINUSDT 5MIN Maxy Bud tf 5 differenza 24h:  -19.79% PERFEZIONE](https://bullweb.scalpingthebull.com/chart/?symbol=BYBIT:PIPPINUSDT.P&timeframe=5)
---
[2026-03-26 11:22:23 UTC] ID:2722876
[Bybit - APEXUSDT   1MIN emersione incrocio 60/223. 24h: -5.44%](https://bullweb.scalpingthebull.com/chart/?symbol=BYBIT:APEXUSDT.P&timeframe=1)
---
[2026-03-26 11:22:43 UTC] ID:2722877
[Bybit - ESPORTSUSD 1GIORNO doppio tocco. 24h: +28.07% PERFEZIONE](https://bullweb.scalpingthebull.com/chart/?symbol=BYBIT:ESPORTSUSDT.P&timeframe=1H)
---
[2026-03-26 11:23:43 UTC] ID:2722878
[Bybit - FHEUSDT    1GIORNO doppio tocco. 24h: +5.11% PERFEZIONE](https://bullweb.scalpingthebull.com/chart/?symbol=BYBIT:FHEUSDT.P&timeframe=1H)
---
[2026-03-26 11:24:17 UTC] ID:2722879
[Bybit - MAGMAUSDT  1MIN Molla tf 1 differenza 24h:  +13.15%](https://bullweb.scalpingthebull.com/chart/?symbol=BYBIT:MAGMAUSDT.P&timeframe=1)
---
[2026-03-26 11:24:47 UTC] ID:2722880
[Bybit - KATUSDT    5MIN Maxy Bud tf 5 differenza 24h:  +37.81%](https://bullweb.scalpingthebull.com/chart/?symbol=BYBIT:KATUSDT.P&timeframe=5)
---
[2026-03-26 11:25:22 UTC] ID:2722881
[Bybit - MUSDT      5MIN Incrocio 60 - 223 differenza 24h:  +29.23%](https://bullweb.scalpingthebull.com/chart/?symbol=BYBIT:MUSDT.P&timeframe=5)
---
[2026-03-26 11:25:24 UTC] ID:2722882
[Bybit - ANKRUSDT   5MIN  viagra sotto ema 10. differenza 24h:  -6.09% PERFEZIONE](https://bullweb.scalpingthebull.com/chart/?symbol=BYBIT:ANKRUSDT.P&timeframe=5)
---
[2026-03-26 11:25:31 UTC] ID:2722883
[Bybit - BEATUSDT   saldi. 24h: -16.08% PERFEZIONE](https://bullweb.scalpingthebull.com/chart/?symbol=BYBIT:BEATUSDT.P&timeframe=1D)
---
[2026-03-26 11:25:43 UTC] ID:2722884
[Bybit - DYMUSDT    5MIN Incrocio 60 - 223 differenza 24h:  +5.62% PERFEZIONE](https://bullweb.scalpingthebull.com/chart/?symbol=BYBIT:DYMUSDT.P&timeframe=5)
---
[2026-03-26 11:27:17 UTC] ID:2722885
[Bybit - NOMUSDT    1MIN emersione incrocio 60/223. 24h: -11.83%](https://bullweb.scalpingthebull.com/chart/?symbol=BYBIT:NOMUSDT.P&timeframe=1)
---
[2026-03-26 11:27:31 UTC] ID:2722886
[Bybit - SAPIENUSDT 1MIN SHIMANO differenza 24h:  -8.93%](https://bullweb.scalpingthebull.com/chart/?symbol=BYBIT:SAPIENUSDT.P&timeframe=1)
---
[2026-03-26 11:27:44 UTC] ID:2722887
[Bybit - TUTUSDT    5MIN  viagra sotto ema 10. differenza 24h:  -6.9% PERFEZIONE](https://bullweb.scalpingthebull.com/chart/?symbol=BYBIT:TUTUSDT.P&timeframe=5)
---
[2026-03-26 11:30:31 UTC] ID:2722888
[Bybit - SIGNUSDT   5MIN terzotocco ema60. 24h: -24.74%](https://bullweb.scalpingthebull.com/chart/?symbol=BYBIT:SIGNUSDT.P&timeframe=5)
---
[2026-03-26 11:30:40 UTC] ID:2722889
[Bybit - DYMUSDT    5MIN Maxy Bud tf 5 differenza 24h:  +6.75% PERFEZIONE](https://bullweb.scalpingthebull.com/chart/?symbol=BYBIT:DYMUSDT.P&timeframe=5)
---
[2026-03-26 11:31:48 UTC] ID:2722890
[Bybit - XNYUSDT    5MIN terzotocco ema60. 24h: +15.39% PERFEZIONE](https://bullweb.scalpingthebull.com/chart/?symbol=BYBIT:XNYUSDT.P&timeframe=5)
---
[2026-03-26 11:32:26 UTC] ID:2722891
[Bybit - RDNTUSDT   1MIN emersione incrocio 60/223. 24h: -5.47%](https://bullweb.scalpingthebull.com/chart/?symbol=BYBIT:RDNTUSDT.P&timeframe=1)
---
[2026-03-26 11:33:38 UTC] ID:2722892
[Bybit - SIRENUSDT  1MIN Antincrocio tf 1 differenza 24h:  -6.88% PERFEZIONE](https://bullweb.scalpingthebull.com/chart/?symbol=BYBIT:SIRENUSDT.P&timeframe=1)
---
[2026-03-26 11:37:43 UTC] ID:2722893
[Bybit - TRIAUSDT   saldi. 24h: -7.89% PERFEZIONE](https://bullweb.scalpingthebull.com/chart/?symbol=BYBIT:TRIAUSDT.P&timeframe=1D)
---
[2026-03-26 11:40:41 UTC] ID:2722894
[Bybit - TRIAUSDT   5MIN  viagra sotto ema 10. differenza 24h:  -8.73% PERFEZIONE](https://bullweb.scalpingthebull.com/chart/?symbol=BYBIT:TRIAUSDT.P&timeframe=5)
---
[2026-03-26 11:42:23 UTC] ID:2722895
[Bybit - PIPPINUSDT 30MIN terzotocco ema60. 24h: -18.16%](https://bullweb.scalpingthebull.com/chart/?symbol=BYBIT:PIPPINUSDT.P&timeframe=30)
---
[2026-03-26 11:45:29 UTC] ID:2722896
[Bybit - B3USDT     5MIN  viagra sotto ema 10. differenza 24h:  -8.58% PERFEZIONE](https://bullweb.scalpingthebull.com/chart/?symbol=BYBIT:B3USDT.P&timeframe=5)
---
[2026-03-26 11:45:34 UTC] ID:2722897
[Bybit - CGPTUSDT   5MIN  viagra sotto ema 10. differenza 24h:  -5.51% PERFEZIONE](https://bullweb.scalpingthebull.com/chart/?symbol=BYBIT:CGPTUSDT.P&timeframe=5)
---
[2026-03-26 11:46:27 UTC] ID:2722898
[Bybit - PIPPINUSDT 5MIN Incrocio 60 - 223 differenza 24h:  -17.13% PERFEZIONE](https://bullweb.scalpingthebull.com/chart/?symbol=BYBIT:PIPPINUSDT.P&timeframe=5)
---
[2026-03-26 11:47:21 UTC] ID:2722899
[Bybit - LRCUSDT    1GIORNO  C'è Mini-Fear differenza 24h:  -5.52% PERFEZIONE](https://bullweb.scalpingthebull.com/chart/?symbol=BYBIT:LRCUSDT.P&timeframe=1D)
---
[2026-03-26 11:48:31 UTC] ID:2722900
[Bybit - BRUSDT     1MIN emersione incrocio 60/223. 24h: +10.11%](https://bullweb.scalpingthebull.com/chart/?symbol=BYBIT:BRUSDT.P&timeframe=1)
---
[2026-03-26 11:49:25 UTC] ID:2722901
[Bybit - BEATUSDT   1MIN Bomba Sismografo differenza 24h:  -12.26% PERFEZIONE](https://bullweb.scalpingthebull.com/chart/?symbol=BYBIT:BEATUSDT.P&timeframe=1)
---
[2026-03-26 11:50:29 UTC] ID:2722902
[Binance - SOLVUSDC   1MIN Bomba Sismografo differenza 24h:  -5.03%](https://bullweb.scalpingthebull.com/chart/?symbol=BINANCE:SOLVUSDC&timeframe=1)
---
[2026-03-26 11:50:30 UTC] ID:2722903
[Bybit - SOLVUSDT   1MIN Bomba Sismografo differenza 24h:  -5.21%](https://bullweb.scalpingthebull.com/chart/?symbol=BYBIT:SOLVUSDT.P&timeframe=1)
---
[2026-03-26 11:51:32 UTC] ID:2722904
[Bybit - BRUSDT     5MIN terzotocco ema60. 24h: +8.84%](https://bullweb.scalpingthebull.com/chart/?symbol=BYBIT:BRUSDT.P&timeframe=5)
---
[2026-03-26 11:55:18 UTC] ID:2722905
[Bybit - NTRNUSDT   1MIN emersione incrocio 60/223. 24h: -5.29%](https://bullweb.scalpingthebull.com/chart/?symbol=BYBIT:NTRNUSDT.P&timeframe=1)
---
[2026-03-26 11:55:39 UTC] ID:2722906
[Bybit - CYSUSDT    5MIN  viagra sotto ema 10. differenza 24h:  -30.41% PERFEZIONE](https://bullweb.scalpingthebull.com/chart/?symbol=BYBIT:CYSUSDT.P&timeframe=5)
---
[2026-03-26 12:00:46 UTC] ID:2722907
[Bybit - HOOKUSDT   5MIN Incrocio 60 - 223 differenza 24h:  -5.76% PERFEZIONE](https://bullweb.scalpingthebull.com/chart/?symbol=BYBIT:HOOKUSDT.P&timeframe=5)
---
[2026-03-26 12:01:18 UTC] ID:2722908
[Bybit - NILUSDT    1MIN emersione incrocio 60/223. 24h: -8.02%](https://bullweb.scalpingthebull.com/chart/?symbol=BYBIT:NILUSDT.P&timeframe=1)
---
[2026-03-26 12:01:22 UTC] ID:2722909
[Bybit - ACTUSDT    5MIN  viagra sotto ema 10. differenza 24h:  -5.03% PERFEZIONE](https://bullweb.scalpingthebull.com/chart/?symbol=BYBIT:ACTUSDT.P&timeframe=5)
---
[2026-03-26 12:03:20 UTC] ID:2722910
[Bybit - NTRNUSDT   1MIN Funding del -1.038% alle ore 17:00:00 differenza 24h:  -4.68%](https://bullweb.scalpingthebull.com/chart/?symbol=BYBIT:NTRNUSDT.P&timeframe=1)
---
[2026-03-26 12:03:22 UTC] ID:2722911
[Bybit - 1000000MOG 1GIORNO  C'è Mini-Fear differenza 24h:  -8.44% PERFEZIONE](https://bullweb.scalpingthebull.com/chart/?symbol=BYBIT:1000000MOGUSDT.P&timeframe=1D)
---
[2026-03-26 12:04:30 UTC] ID:2722912
[Bybit - BRUSDT     30MIN bud. 24h: +23.78%](https://bullweb.scalpingthebull.com/chart/?symbol=BYBIT:BRUSDT.P&timeframe=30)
---
[2026-03-26 12:05:29 UTC] ID:2722913
[Bybit - PTBUSDT    5MIN Rimbalzo ema 60 tf 5 differenza 24h:  +7.3% PERFEZIONE](https://bullweb.scalpingthebull.com/chart/?symbol=BYBIT:PTBUSDT.P&timeframe=5)
---
[2026-03-26 12:05:33 UTC] ID:2722914
[Bybit - PTBUSDT    5MIN Rottura ema 60 tf 5 differenza 24h:  +7.3% PERFEZIONE](https://bullweb.scalpingthebull.com/chart/?symbol=BYBIT:PTBUSDT.P&timeframe=5)
---
[2026-03-26 12:06:51 UTC] ID:2722915
[Bybit - KATUSDT    5MIN Rimbalzo ema 60 tf 5 differenza 24h:  +36.37%](https://bullweb.scalpingthebull.com/chart/?symbol=BYBIT:KATUSDT.P&timeframe=5)
---
[2026-03-26 12:07:28 UTC] ID:2722916
[Bybit - PIPPINUSDT 5MIN Rimbalzo ema 60 tf 5 differenza 24h:  -23.34% PERFEZIONE](https://bullweb.scalpingthebull.com/chart/?symbol=BYBIT:PIPPINUSDT.P&timeframe=5)
---
[2026-03-26 12:08:26 UTC] ID:2722917
[Bybit - PIPPINUSDT 5MIN Rottura ema 60 tf 5 differenza 24h:  -23.45% PERFEZIONE](https://bullweb.scalpingthebull.com/chart/?symbol=BYBIT:PIPPINUSDT.P&timeframe=5)
---
[2026-03-26 12:08:30 UTC] ID:2722918
[Bybit - SIRENUSDT  1MIN Bomba Sismografo differenza 24h:  -9.38%](https://bullweb.scalpingthebull.com/chart/?symbol=BYBIT:SIRENUSDT.P&timeframe=1)
---
[2026-03-26 12:08:31 UTC] ID:2722919
[Bybit - PIPPINUSDT 5MIN Rottura ema 223 tf 5 differenza 24h:  -23.45% PERFEZIONE](https://bullweb.scalpingthebull.com/chart/?symbol=BYBIT:PIPPINUSDT.P&timeframe=5)
---
[2026-03-26 12:08:48 UTC] ID:2722920
[Bybit - JCTUSDT    5MIN bud. 24h: -6.8%](https://bullweb.scalpingthebull.com/chart/?symbol=BYBIT:JCTUSDT.P&timeframe=5)
---
[2026-03-26 12:09:13 UTC] ID:2722921
[Bybit - LYNUSDT    1MIN emersione incrocio 60/223. 24h: -12.16%](https://bullweb.scalpingthebull.com/chart/?symbol=BYBIT:LYNUSDT.P&timeframe=1)
---
[2026-03-26 12:10:36 UTC] ID:2722922
[Bybit - CYSUSDT    5MIN terzotocco ema60. 24h: -23.51% PERFEZIONE](https://bullweb.scalpingthebull.com/chart/?symbol=BYBIT:CYSUSDT.P&timeframe=5)
---
[2026-03-26 12:10:36 UTC] ID:2722923
[Bybit - CETUSUSDT  5MIN Incrocio 60 - 223 differenza 24h:  +5.05% PERFEZIONE](https://bullweb.scalpingthebull.com/chart/?symbol=BYBIT:CETUSUSDT.P&timeframe=5)
---
[2026-03-26 12:12:31 UTC] ID:2722924
[Bybit - BLESSUSDT  1GIORNO doppio tocco. 24h: +13.49% PERFEZIONE](https://bullweb.scalpingthebull.com/chart/?symbol=BYBIT:BLESSUSDT.P&timeframe=1H)
---
[2026-03-26 12:12:48 UTC] ID:2722925
[Bybit - KATUSDT    5MIN Rottura ema 60 tf 5 differenza 24h:  +35.53%](https://bullweb.scalpingthebull.com/chart/?symbol=BYBIT:KATUSDT.P&timeframe=5)
---
[2026-03-26 12:14:44 UTC] ID:2722926
[Bybit - WHITEWHALE 5MIN terzotocco ema60. 24h: -9.75% PERFEZIONE](https://bullweb.scalpingthebull.com/chart/?symbol=BYBIT:WHITEWHALEUSDT.P&timeframe=5)
---
[2026-03-26 12:15:28 UTC] ID:2722927
[Bybit - BEATUSDT   1MIN emersione incrocio 60/223. 24h: -8.2% PERFEZIONE](https://bullweb.scalpingthebull.com/chart/?symbol=BYBIT:BEATUSDT.P&timeframe=1)
---
[2026-03-26 12:15:31 UTC] ID:2722928
[Bybit - BPUSDT     1MIN emersione incrocio 60/223. 24h: -14.17% PERFEZIONE](https://bullweb.scalpingthebull.com/chart/?symbol=BYBIT:BPUSDT.P&timeframe=1)
---
[2026-03-26 12:15:33 UTC] ID:2722929
[Bybit - BLUAIUSDT  5MIN Maxy Bud tf 5 differenza 24h:  +28.9% PERFEZIONE](https://bullweb.scalpingthebull.com/chart/?symbol=BYBIT:BLUAIUSDT.P&timeframe=5)
---
[2026-03-26 12:15:35 UTC] ID:2722930
[Bybit - SXPUSDT    1MIN emersione incrocio 60/223. 24h: -8.93%](https://bullweb.scalpingthebull.com/chart/?symbol=BYBIT:SXPUSDT.P&timeframe=1)
---
[2026-03-26 12:15:36 UTC] ID:2722931
[Bybit - CUSDT      1MIN SHIMANO differenza 24h:  -8.03% PERFEZIONE](https://bullweb.scalpingthebull.com/chart/?symbol=BYBIT:CUSDT.P&timeframe=1)
---
[2026-03-26 12:15:40 UTC] ID:2722932
[Bybit - BPUSDT     1MIN SHIMANO differenza 24h:  -14.17% PERFEZIONE](https://bullweb.scalpingthebull.com/chart/?symbol=BYBIT:BPUSDT.P&timeframe=1)
---
[2026-03-26 12:16:19 UTC] ID:2722933
[Bybit - NILUSDT    1MIN SHIMANO differenza 24h:  -7.11%](https://bullweb.scalpingthebull.com/chart/?symbol=BYBIT:NILUSDT.P&timeframe=1)
---
[2026-03-26 12:17:29 UTC] ID:2722934
[Bybit - BSUUSDT    1MIN Bomba Sismografo differenza 24h:  -7.31%](https://bullweb.scalpingthebull.com/chart/?symbol=BYBIT:BSUUSDT.P&timeframe=1)
---
[2026-03-26 12:17:44 UTC] ID:2722935
[Bybit - VELVETUSDT 1MIN SHIMANO differenza 24h:  +6.73%](https://bullweb.scalpingthebull.com/chart/?symbol=BYBIT:VELVETUSDT.P&timeframe=1)
---
[2026-03-26 12:21:17 UTC] ID:2722936
[Bybit - OGNUSDT    1MIN Bomba differenza 24h:  +1.42%](https://bullweb.scalpingthebull.com/chart/?symbol=BYBIT:OGNUSDT.P&timeframe=1)
---
[2026-03-26 12:21:21 UTC] ID:2722937
[Bybit - OGNUSDT    1MIN Bomba Sismografo differenza 24h:  +1.42%](https://bullweb.scalpingthebull.com/chart/?symbol=BYBIT:OGNUSDT.P&timeframe=1)
---
[2026-03-26 12:21:23 UTC] ID:2722938
[Bybit - NAORISUSDT 5MIN Incrocio 60 - 223 differenza 24h:  +13.29% PERFEZIONE](https://bullweb.scalpingthebull.com/chart/?symbol=BYBIT:NAORISUSDT.P&timeframe=5)
---
[2026-03-26 12:21:34 UTC] ID:2722939
[Bybit - CYSUSDT    1MIN Bomba Sismografo differenza 24h:  -21.56% PERFEZIONE](https://bullweb.scalpingthebull.com/chart/?symbol=BYBIT:CYSUSDT.P&timeframe=1)
---
[2026-03-26 12:24:35 UTC] ID:2722940
[Bybit - SUPERUSDT  1MIN emersione incrocio 60/223. 24h: +9.09%](https://bullweb.scalpingthebull.com/chart/?symbol=BYBIT:SUPERUSDT.P&timeframe=1)
---
[2026-03-26 12:24:39 UTC] ID:2722941
[Bybit - UBUSDT     1MIN Bomba Sismografo differenza 24h:  -10.61% PERFEZIONE](https://bullweb.scalpingthebull.com/chart/?symbol=BYBIT:UBUSDT.P&timeframe=1)
---
[2026-03-26 12:25:21 UTC] ID:2722942
[Bybit - OLUSDT     1GIORNO differenza 3% su minimo di ieri. Differenza candela giorno precedente: -7.03% PERFEZIONE](https://bullweb.scalpingthebull.com/chart/?symbol=BYBIT:OLUSDT.P&timeframe=1H)
---
[2026-03-26 12:25:26 UTC] ID:2722943
[Bybit - ASPUSDT    5MIN  viagra sotto ema 10. differenza 24h:  -5.82%](https://bullweb.scalpingthebull.com/chart/?symbol=BYBIT:ASPUSDT.P&timeframe=5)
---
[2026-03-26 12:25:48 UTC] ID:2722944
[Bybit - KATUSDT    5MIN Maxy Bud tf 5 differenza 24h:  +33.02% PERFEZIONE](https://bullweb.scalpingthebull.com/chart/?symbol=BYBIT:KATUSDT.P&timeframe=5)
---
[2026-03-26 12:27:38 UTC] ID:2722945
[Bybit - ESPORTSUSD 5MIN bud. 24h: +23.76%](https://bullweb.scalpingthebull.com/chart/?symbol=BYBIT:ESPORTSUSDT.P&timeframe=5)
---
[2026-03-26 12:27:45 UTC] ID:2722946
[Bybit - HAEDALUSDT 1MIN SHIMANO differenza 24h:  -5.77%](https://bullweb.scalpingthebull.com/chart/?symbol=BYBIT:HAEDALUSDT.P&timeframe=1)
---
[2026-03-26 12:29:26 UTC] ID:2722947
[Bybit - PROVEUSDT  1MIN emersione incrocio 60/223. 24h: +9.66%](https://bullweb.scalpingthebull.com/chart/?symbol=BYBIT:PROVEUSDT.P&timeframe=1)
---
[2026-03-26 12:29:47 UTC] ID:2722948
[Bybit - HIPPOUSDT  5MIN  viagra sopra ema 10. differenza 24h:  -13.1% PERFEZIONE](https://bullweb.scalpingthebull.com/chart/?symbol=BYBIT:HIPPOUSDT.P&timeframe=5)
---
[2026-03-26 12:30:21 UTC] ID:2722949
[Bybit - ONTUSDT    30MIN SHIMANO differenza 24h:  -13.52% PERFEZIONE](https://bullweb.scalpingthebull.com/chart/?symbol=BYBIT:ONTUSDT.P&timeframe=30)
---
[2026-03-26 12:30:23 UTC] ID:2722950
[Bybit - NOMUSDT    30MIN  viagra sotto ema 10. differenza 24h:  -12.29% PERFEZIONE](https://bullweb.scalpingthebull.com/chart/?symbol=BYBIT:NOMUSDT.P&timeframe=30)
---
[2026-03-26 12:30:46 UTC] ID:2722951
[Bybit - KITEUSDT   5MIN  viagra sopra ema 10. differenza 24h:  -9.72% PERFEZIONE](https://bullweb.scalpingthebull.com/chart/?symbol=BYBIT:KITEUSDT.P&timeframe=5)
---
[2026-03-26 12:33:17 UTC] ID:2722952
[Bybit - 1000RATSUS 5MIN terzotocco ema60. 24h: +11.64%](https://bullweb.scalpingthebull.com/chart/?symbol=BYBIT:1000RATSUSDT.P&timeframe=5)
---
[2026-03-26 12:34:31 UTC] ID:2722953
[Bybit - C98USDT    5MIN terzotocco ema60. 24h: -5.4%](https://bullweb.scalpingthebull.com/chart/?symbol=BYBIT:C98USDT.P&timeframe=5)
---
[2026-03-26 12:34:42 UTC] ID:2722954
[Bybit - ESPORTSUSD 30MIN bud. 24h: +23.02% PERFEZIONE](https://bullweb.scalpingthebull.com/chart/?symbol=BYBIT:ESPORTSUSDT.P&timeframe=30)
---
[2026-03-26 12:35:47 UTC] ID:2722955
[Bybit - WHITEWHALE 30MIN  viagra sotto ema 10. differenza 24h:  -10.99% PERFEZIONE](https://bullweb.scalpingthebull.com/chart/?symbol=BYBIT:WHITEWHALEUSDT.P&timeframe=30)
---
[2026-03-26 12:37:21 UTC] ID:2722956
[Bybit - NTRNUSDT   1GIORNO differenza 3% su minimo di ieri. Differenza candela giorno precedente: -16.61% PERFEZIONE](https://bullweb.scalpingthebull.com/chart/?symbol=BYBIT:NTRNUSDT.P&timeframe=1H)
---
[2026-03-26 12:38:22 UTC] ID:2722957
[Bybit - NTRNUSDT   1GIORNO  C'è Mini-Fear differenza 24h:  -16.93% PERFEZIONE](https://bullweb.scalpingthebull.com/chart/?symbol=BYBIT:NTRNUSDT.P&timeframe=1D)
---
[2026-03-26 12:38:46 UTC] ID:2722958
[Bybit - XNYUSDT    5MIN bud. 24h: +15.7% PERFEZIONE](https://bullweb.scalpingthebull.com/chart/?symbol=BYBIT:XNYUSDT.P&timeframe=5)
---
[2026-03-26 12:41:24 UTC] ID:2722959
[Bybit - OGNUSDT    5MIN Incrocio 60 - 223 differenza 24h:  +6.02% PERFEZIONE](https://bullweb.scalpingthebull.com/chart/?symbol=BYBIT:OGNUSDT.P&timeframe=5)
---
[2026-03-26 12:42:41 UTC] ID:2722960
[Bybit - TSTBSCUSDT 1MIN SHIMANO differenza 24h:  -8.49%](https://bullweb.scalpingthebull.com/chart/?symbol=BYBIT:TSTBSCUSDT.P&timeframe=1)
---
[2026-03-26 12:43:23 UTC] ID:2722961
[Bybit - OLUSDT     1GIORNO  C'è Mini-Fear differenza 24h:  -11.19%](https://bullweb.scalpingthebull.com/chart/?symbol=BYBIT:OLUSDT.P&timeframe=1D)
---
