[2026-03-26 09:33:44 UTC] ID:2722768
[Bybit - CFXUSDT    30MIN  viagra sotto ema 10. differenza 24h:  -5.04% PERFEZIONE](https://bullweb.scalpingthebull.com/chart/?symbol=BYBIT:CFXUSDT.P&timeframe=30)
---
[2026-03-26 09:32:32 UTC] ID:2722767
[Bybit - RENDERUSDT 1GIORNO differenza 3% su minimo di ieri. Differenza candela giorno precedente: -5.0% PERFEZIONE](https://bullweb.scalpingthebull.com/chart/?symbol=BYBIT:RENDERUSDT.P&timeframe=1H)
---
[2026-03-26 09:32:27 UTC] ID:2722766
[Bybit - 1000BONKUS 30MIN  viagra sotto ema 10. differenza 24h:  -5.38% PERFEZIONE](https://bullweb.scalpingthebull.com/chart/?symbol=BYBIT:1000BONKUSDT.P&timeframe=30)
---
[2026-03-26 09:32:27 UTC] ID:2722765
[Bybit - ASTRUSDT   1GIORNO differenza 3% su minimo di ieri. Differenza candela giorno precedente: -5.05% PERFEZIONE](https://bullweb.scalpingthebull.com/chart/?symbol=BYBIT:ASTRUSDT.P&timeframe=1H)
---
[2026-03-26 09:32:23 UTC] ID:2722764
[Bybit - MORPHOUSDT 30MIN  viagra sotto ema 10. differenza 24h:  -5.31% PERFEZIONE](https://bullweb.scalpingthebull.com/chart/?symbol=BYBIT:MORPHOUSDT.P&timeframe=30)
---
[2026-03-26 09:36:43 UTC] ID:2722769
[Bybit - SXPUSDT    5MIN Rottura ema 223 tf 5 differenza 24h:  +7.82%](https://bullweb.scalpingthebull.com/chart/?symbol=BYBIT:SXPUSDT.P&timeframe=5)
---
[2026-03-26 09:40:31 UTC] ID:2722770
[Bybit - AKTUSDT    30MIN  viagra sotto ema 10. differenza 24h:  -12.14% PERFEZIONE](https://bullweb.scalpingthebull.com/chart/?symbol=BYBIT:AKTUSDT.P&timeframe=30)
---
[2026-03-26 09:40:49 UTC] ID:2722771
[Bybit - WIFUSDT    30MIN SHIMANO differenza 24h:  -5.18%](https://bullweb.scalpingthebull.com/chart/?symbol=BYBIT:WIFUSDT.P&timeframe=30)
---
[2026-03-26 09:41:20 UTC] ID:2722772
[Bybit - 1000RATSUS 30MIN  viagra sopra ema 10. differenza 24h:  +10.63% PERFEZIONE](https://bullweb.scalpingthebull.com/chart/?symbol=BYBIT:1000RATSUSDT.P&timeframe=30)
---
[2026-03-26 09:43:23 UTC] ID:2722773
[Bybit - PIPPINUSDT 1MIN emersione incrocio 60/223. 24h: -27.19% PERFEZIONE](https://bullweb.scalpingthebull.com/chart/?symbol=BYBIT:PIPPINUSDT.P&timeframe=1)
---
[2026-03-26 09:43:42 UTC] ID:2722774
[Bybit - SUPERUSDT  5MIN Rimbalzo ema 223 tf 5 differenza 24h:  +10.64% PERFEZIONE](https://bullweb.scalpingthebull.com/chart/?symbol=BYBIT:SUPERUSDT.P&timeframe=5)
---
[2026-03-26 09:45:30 UTC] ID:2722775
[Bybit - RESOLVUSDT 5MIN  viagra sotto ema 10. differenza 24h:  -12.08% PERFEZIONE](https://bullweb.scalpingthebull.com/chart/?symbol=BYBIT:RESOLVUSDT.P&timeframe=5)
---
