[2026-03-25 15:14:12 UTC] ID:2721601
[Bybit - MAGMAUSDT  1MIN Bomba Sismografo differenza 24h:  -8.41% PERFEZIONE](https://bullweb.scalpingthebull.com/chart/?symbol=BYBIT:MAGMAUSDT.P&timeframe=1)
---
[2026-03-25 15:13:18 UTC] ID:2721600
[Bybit - OLUSDT     1MIN SHIMANO differenza 24h:  +10.97%](https://bullweb.scalpingthebull.com/chart/?symbol=BYBIT:OLUSDT.P&timeframe=1)
---
[2026-03-25 15:10:22 UTC] ID:2721599
[Bybit - MUSDT      5MIN Maxy Bud tf 5 differenza 24h:  +41.75% PERFEZIONE](https://bullweb.scalpingthebull.com/chart/?symbol=BYBIT:MUSDT.P&timeframe=5)
---
[2026-03-25 15:10:13 UTC] ID:2721598
[Bybit - MAGMAUSDT  5MIN terzotocco ema60. 24h: -11.42%](https://bullweb.scalpingthebull.com/chart/?symbol=BYBIT:MAGMAUSDT.P&timeframe=5)
---
[2026-03-25 15:09:42 UTC] ID:2721597
[Bybit - EDUUSDT    1GIORNO  viagra sotto ema 10. differenza 24h:  -5.63% PERFEZIONE](https://bullweb.scalpingthebull.com/chart/?symbol=BYBIT:EDUUSDT.P&timeframe=1D)
---
[2026-03-25 15:15:20 UTC] ID:2721602
[Bybit - PEAQUSDT   5MIN emersione incrocio 60/223. 24h: -6.08%](https://bullweb.scalpingthebull.com/chart/?symbol=BYBIT:PEAQUSDT.P&timeframe=5)
---
[2026-03-25 15:15:23 UTC] ID:2721603
[Binance - BFUSDUSDC  è quasi in ATH di 500 giorni 0.04% dal cambio candela](https://bullweb.scalpingthebull.com/chart/?symbol=BINANCE:BFUSDUSDC&timeframe=1D)
---
[2026-03-25 15:15:24 UTC] ID:2721604
[Bybit - ONTUSDT    5MIN Incrocio 60 - 223 differenza 24h:  -5.72% PERFEZIONE](https://bullweb.scalpingthebull.com/chart/?symbol=BYBIT:ONTUSDT.P&timeframe=5)
---
[2026-03-25 15:15:26 UTC] ID:2721605
[Bybit - PEAQUSDT   30MIN terzotocco ema60. 24h: -6.08%](https://bullweb.scalpingthebull.com/chart/?symbol=BYBIT:PEAQUSDT.P&timeframe=30)
---
[2026-03-25 15:15:33 UTC] ID:2721606
[Bybit - SIRENUSDT  5MIN Maxy Bud tf 5 differenza 24h:  +133.16% PERFEZIONE](https://bullweb.scalpingthebull.com/chart/?symbol=BYBIT:SIRENUSDT.P&timeframe=5)
---
[2026-03-25 15:15:34 UTC] ID:2721607
[Bybit - STOUSDT    5MIN emersione incrocio 60/223. 24h: -5.12% PERFEZIONE](https://bullweb.scalpingthebull.com/chart/?symbol=BYBIT:STOUSDT.P&timeframe=5)
---
[2026-03-25 15:15:36 UTC] ID:2721608
[Bybit - CUSDT      5MIN  Tre Cime differenza 24h:  +28.34%](https://bullweb.scalpingthebull.com/chart/?symbol=BYBIT:CUSDT.P&timeframe=5)
---
[2026-03-25 15:15:43 UTC] ID:2721609
[Bybit - XANUSDT    30MIN emersione incrocio 60/223. 24h: +5.19%](https://bullweb.scalpingthebull.com/chart/?symbol=BYBIT:XANUSDT.P&timeframe=30)
---
[2026-03-25 15:16:14 UTC] ID:2721610
[Bybit - 10000QUBIC 1MIN Bomba Sismografo differenza 24h:  -1.86%](https://bullweb.scalpingthebull.com/chart/?symbol=BYBIT:10000QUBICUSDT.P&timeframe=1)
---
[2026-03-25 15:17:16 UTC] ID:2721611
[Bybit - 10000QUBIC 1MIN Bomba differenza 24h:  -1.3%](https://bullweb.scalpingthebull.com/chart/?symbol=BYBIT:10000QUBICUSDT.P&timeframe=1)
---
[2026-03-25 15:17:19 UTC] ID:2721612
[Bybit - NAORISUSDT 30MIN terzotocco ema60. 24h: -12.08% PERFEZIONE](https://bullweb.scalpingthebull.com/chart/?symbol=BYBIT:NAORISUSDT.P&timeframe=30)
---
[2026-03-25 15:20:36 UTC] ID:2721613
[Bybit - CYSUSDT    5MIN  viagra sotto ema 10. differenza 24h:  -28.89% PERFEZIONE](https://bullweb.scalpingthebull.com/chart/?symbol=BYBIT:CYSUSDT.P&timeframe=5)
---
[2026-03-25 15:20:38 UTC] ID:2721614
[Bybit - EDUUSDT    5MIN  viagra sotto ema 10. differenza 24h:  -5.87% PERFEZIONE](https://bullweb.scalpingthebull.com/chart/?symbol=BYBIT:EDUUSDT.P&timeframe=5)
---
[2026-03-25 15:22:39 UTC] ID:2721615
[Binance - TAOUSDC    1MIN Antincrocio tf 1 differenza 24h:  +17.25%](https://bullweb.scalpingthebull.com/chart/?symbol=BINANCE:TAOUSDC&timeframe=1)
---
[2026-03-25 15:25:31 UTC] ID:2721616
[Bybit - BSUUSDT    1MIN SHIMANO differenza 24h:  +7.34% PERFEZIONE](https://bullweb.scalpingthebull.com/chart/?symbol=BYBIT:BSUUSDT.P&timeframe=1)
---
[2026-03-25 15:25:41 UTC] ID:2721617
[Bybit - VFYUSDT    5MIN  viagra sotto ema 10. differenza 24h:  -10.08% PERFEZIONE](https://bullweb.scalpingthebull.com/chart/?symbol=BYBIT:VFYUSDT.P&timeframe=5)
---
[2026-03-25 15:26:45 UTC] ID:2721618
[Bybit - XANUSDT    1GIORNO doppio tocco. 24h: +5.68%](https://bullweb.scalpingthebull.com/chart/?symbol=BYBIT:XANUSDT.P&timeframe=1H)
---
[2026-03-25 15:27:17 UTC] ID:2721619
[Bybit - NTRNUSDT   1MIN emersione incrocio 60/223. 24h: -5.04%](https://bullweb.scalpingthebull.com/chart/?symbol=BYBIT:NTRNUSDT.P&timeframe=1)
---
[2026-03-25 15:27:43 UTC] ID:2721620
[Bybit - UBUSDT     5MIN  viagra sopra ema 10. differenza 24h:  +5.03% PERFEZIONE](https://bullweb.scalpingthebull.com/chart/?symbol=BYBIT:UBUSDT.P&timeframe=5)
---
[2026-03-25 15:30:41 UTC] ID:2721621
[Bybit - DYDXUSDT   30MIN  viagra sopra ema 10. differenza 24h:  +8.7% PERFEZIONE](https://bullweb.scalpingthebull.com/chart/?symbol=BYBIT:DYDXUSDT.P&timeframe=30)
---
[2026-03-25 15:31:37 UTC] ID:2721622
[Bybit - TAOUSDT    1GIORNO doppio tocco. 24h: +19.84% PERFEZIONE](https://bullweb.scalpingthebull.com/chart/?symbol=BYBIT:TAOUSDT.P&timeframe=1H)
---
[2026-03-25 15:31:38 UTC] ID:2721623
[Binance - FUNUSDC    1MIN Bomba differenza 24h:  +0.0%](https://bullweb.scalpingthebull.com/chart/?symbol=BINANCE:FUNUSDC&timeframe=1)
---
[2026-03-25 15:31:43 UTC] ID:2721624
[Binance - FUNUSDC    1MIN Bomba Sismografo differenza 24h:  +0.0%](https://bullweb.scalpingthebull.com/chart/?symbol=BINANCE:FUNUSDC&timeframe=1)
---
[2026-03-25 15:33:25 UTC] ID:2721625
[Bybit - BLESSUSDT  daily10 verso 0.006507 24h: +10.47%](https://bullweb.scalpingthebull.com/chart/?symbol=BYBIT:BLESSUSDT.P&timeframe=1D)
---
[2026-03-25 15:34:42 UTC] ID:2721626
[Binance - IDEXUSDC   1MIN Bomba Sismografo differenza 24h:  +13.33%](https://bullweb.scalpingthebull.com/chart/?symbol=BINANCE:IDEXUSDC&timeframe=1)
---
[2026-03-25 15:37:19 UTC] ID:2721627
[Bybit - NTRNUSDT   5MIN terzotocco ema60. 24h: -6.22% PERFEZIONE](https://bullweb.scalpingthebull.com/chart/?symbol=BYBIT:NTRNUSDT.P&timeframe=5)
---
[2026-03-25 15:38:37 UTC] ID:2721628
[Bybit - TAUSDT     1GIORNO differenza 3% su minimo di ieri. Differenza candela giorno precedente: -10.22% PERFEZIONE](https://bullweb.scalpingthebull.com/chart/?symbol=BYBIT:TAUSDT.P&timeframe=1H)
---
[2026-03-25 15:40:16 UTC] ID:2721629
[Bybit - NAORISUSDT 5MIN emersione incrocio 60/223. 24h: -9.2% PERFEZIONE](https://bullweb.scalpingthebull.com/chart/?symbol=BYBIT:NAORISUSDT.P&timeframe=5)
---
[2026-03-25 15:41:20 UTC] ID:2721630
[Bybit - APRUSDT    1GIORNO Daily to the moon differenza 24h:  -0.87% PERFEZIONE](https://bullweb.scalpingthebull.com/chart/?symbol=BYBIT:APRUSDT.P&timeframe=1D)
---
[2026-03-25 15:41:21 UTC] ID:2721631
[Binance - PHAUSDC    1GIORNO Daily to the moon differenza 24h:  -2.34%](https://bullweb.scalpingthebull.com/chart/?symbol=BINANCE:PHAUSDC&timeframe=1D)
---
[2026-03-25 15:41:22 UTC] ID:2721632
[Bybit - PHAUSDT    1GIORNO Daily to the moon differenza 24h:  -2.6%](https://bullweb.scalpingthebull.com/chart/?symbol=BYBIT:PHAUSDT.P&timeframe=1D)
---
[2026-03-25 15:41:27 UTC] ID:2721633
[Bybit - QUSDT      1GIORNO Daily to the moon differenza 24h:  -0.54% PERFEZIONE](https://bullweb.scalpingthebull.com/chart/?symbol=BYBIT:QUSDT.P&timeframe=1D)
---
[2026-03-25 15:41:43 UTC] ID:2721634
[Bybit - WAXPUSDT   1GIORNO Daily to the moon differenza 24h:  +0.08% PERFEZIONE](https://bullweb.scalpingthebull.com/chart/?symbol=BYBIT:WAXPUSDT.P&timeframe=1D)
---
[2026-03-25 15:41:44 UTC] ID:2721635
[Bybit - HOOKUSDT   1MIN Bomba Sismografo differenza 24h:  +2.48% PERFEZIONE](https://bullweb.scalpingthebull.com/chart/?symbol=BYBIT:HOOKUSDT.P&timeframe=1)
---
[2026-03-25 15:41:46 UTC] ID:2721636
[Bybit - ZETAUSDT   1GIORNO Daily to the moon differenza 24h:  +0.42% PERFEZIONE](https://bullweb.scalpingthebull.com/chart/?symbol=BYBIT:ZETAUSDT.P&timeframe=1D)
---
[2026-03-25 15:43:12 UTC] ID:2721637
[Bybit - MBOXUSDT   1MIN Bomba differenza 24h:  +4.12%](https://bullweb.scalpingthebull.com/chart/?symbol=BYBIT:MBOXUSDT.P&timeframe=1)
---
[2026-03-25 15:43:16 UTC] ID:2721638
[Bybit - MBOXUSDT   1MIN Bomba Sismografo differenza 24h:  +4.12%](https://bullweb.scalpingthebull.com/chart/?symbol=BYBIT:MBOXUSDT.P&timeframe=1)
---
[2026-03-25 15:45:27 UTC] ID:2721639
[Bybit - BLESSUSDT  5MIN Maxy Bud tf 5 differenza 24h:  +9.5% PERFEZIONE](https://bullweb.scalpingthebull.com/chart/?symbol=BYBIT:BLESSUSDT.P&timeframe=5)
---
[2026-03-25 15:45:39 UTC] ID:2721640
[Bybit - DYDXUSDT   5MIN Maxy Bud tf 5 differenza 24h:  +7.81% PERFEZIONE](https://bullweb.scalpingthebull.com/chart/?symbol=BYBIT:DYDXUSDT.P&timeframe=5)
---
[2026-03-25 15:45:44 UTC] ID:2721641
[Bybit - L3USDT     1MIN Bomba Sismografo differenza 24h:  +36.23%](https://bullweb.scalpingthebull.com/chart/?symbol=BYBIT:L3USDT.P&timeframe=1)
---
[2026-03-25 15:45:46 UTC] ID:2721642
[Bybit - L3USDT     5MIN terzotocco ema60. 24h: +36.23%](https://bullweb.scalpingthebull.com/chart/?symbol=BYBIT:L3USDT.P&timeframe=5)
---
[2026-03-25 15:46:36 UTC] ID:2721643
[Bybit - DYDXUSDT   5MIN bud. 24h: +7.87% PERFEZIONE](https://bullweb.scalpingthebull.com/chart/?symbol=BYBIT:DYDXUSDT.P&timeframe=5)
---
[2026-03-25 15:47:39 UTC] ID:2721644
[Bybit - TRIAUSDT   1MIN SHIMANO differenza 24h:  -9.72% PERFEZIONE](https://bullweb.scalpingthebull.com/chart/?symbol=BYBIT:TRIAUSDT.P&timeframe=1)
---
[2026-03-25 15:47:43 UTC] ID:2721645
[Bybit - GRASSUSDT  30MIN emersione incrocio 60/223. 24h: +5.49% PERFEZIONE](https://bullweb.scalpingthebull.com/chart/?symbol=BYBIT:GRASSUSDT.P&timeframe=30)
---
[2026-03-25 15:48:40 UTC] ID:2721646
[Bybit - VFYUSDT    1MIN Bomba Sismografo differenza 24h:  -9.45%](https://bullweb.scalpingthebull.com/chart/?symbol=BYBIT:VFYUSDT.P&timeframe=1)
---
[2026-03-25 15:49:33 UTC] ID:2721647
[Bybit - TAUSDT     1MIN Bomba Sismografo differenza 24h:  -10.18% PERFEZIONE](https://bullweb.scalpingthebull.com/chart/?symbol=BYBIT:TAUSDT.P&timeframe=1)
---
[2026-03-25 15:49:41 UTC] ID:2721648
[Bybit - VVVUSDT    5MIN terzotocco ema60. 24h: +15.85%](https://bullweb.scalpingthebull.com/chart/?symbol=BYBIT:VVVUSDT.P&timeframe=5)
---
[2026-03-25 15:50:23 UTC] ID:2721649
[Bybit - PUMPBTCUSD 1MIN Bomba differenza 24h:  +19.43% PERFEZIONE](https://bullweb.scalpingthebull.com/chart/?symbol=BYBIT:PUMPBTCUSDT.P&timeframe=1)
---
[2026-03-25 15:50:26 UTC] ID:2721650
[Bybit - PTBUSDT    5MIN Maxy Bud tf 5 differenza 24h:  +5.06%](https://bullweb.scalpingthebull.com/chart/?symbol=BYBIT:PTBUSDT.P&timeframe=5)
---
[2026-03-25 15:50:38 UTC] ID:2721651
[Binance - FETUSDC    1MIN SHIMANO differenza 24h:  +9.27%](https://bullweb.scalpingthebull.com/chart/?symbol=BINANCE:FETUSDC&timeframe=1)
---
[2026-03-25 15:51:30 UTC] ID:2721652
[Bybit - SIRENUSDT  5MIN bud. 24h: +133.92%](https://bullweb.scalpingthebull.com/chart/?symbol=BYBIT:SIRENUSDT.P&timeframe=5)
---
[2026-03-25 15:53:27 UTC] ID:2721653
[Bybit - BLUAIUSDT  5MIN terzotocco ema60. 24h: -13.54%](https://bullweb.scalpingthebull.com/chart/?symbol=BYBIT:BLUAIUSDT.P&timeframe=5)
---
[2026-03-25 15:54:27 UTC] ID:2721654
[Bybit - PUMPBTCUSD 1GIORNO doppio tocco. 24h: +20.82% PERFEZIONE](https://bullweb.scalpingthebull.com/chart/?symbol=BYBIT:PUMPBTCUSDT.P&timeframe=1H)
---
[2026-03-25 15:55:31 UTC] ID:2721655
[Bybit - BRUSDT     5MIN Incrocio 60 - 223 differenza 24h:  +19.05% PERFEZIONE](https://bullweb.scalpingthebull.com/chart/?symbol=BYBIT:BRUSDT.P&timeframe=5)
---
[2026-03-25 15:55:32 UTC] ID:2721656
[Bybit - ROAMUSDT   1ORA Antincrocio tf 1H differenza 24h:  +5.07% PERFEZIONE](https://bullweb.scalpingthebull.com/chart/?symbol=BYBIT:ROAMUSDT.P&timeframe=1H)
---
[2026-03-25 15:56:44 UTC] ID:2721657
[Bybit - HANAUSDT   5MIN terzotocco ema60. 24h: -6.2%](https://bullweb.scalpingthebull.com/chart/?symbol=BYBIT:HANAUSDT.P&timeframe=5)
---
[2026-03-25 16:00:14 UTC] ID:2721658
[Bybit - MBOXUSDT   30MIN emersione incrocio 60/223. 24h: +5.13% PERFEZIONE](https://bullweb.scalpingthebull.com/chart/?symbol=BYBIT:MBOXUSDT.P&timeframe=30)
---
[2026-03-25 16:00:19 UTC] ID:2721659
[Bybit - NAORISUSDT 5MIN  viagra sopra ema 10. differenza 24h:  +19.82% PERFEZIONE](https://bullweb.scalpingthebull.com/chart/?symbol=BYBIT:NAORISUSDT.P&timeframe=5)
---
[2026-03-25 16:00:24 UTC] ID:2721660
[Bybit - ATHUSDT    30MIN  viagra sopra ema 10. differenza 24h:  +13.16% PERFEZIONE](https://bullweb.scalpingthebull.com/chart/?symbol=BYBIT:ATHUSDT.P&timeframe=30)
---
[2026-03-25 16:00:27 UTC] ID:2721661
[Bybit - CCUSDT     1MIN Bomba differenza 24h:  +1.29%](https://bullweb.scalpingthebull.com/chart/?symbol=BYBIT:CCUSDT.P&timeframe=1)
---
[2026-03-25 16:00:33 UTC] ID:2721662
[Bybit - CCUSDT     1MIN Bomba Sismografo differenza 24h:  +1.29%](https://bullweb.scalpingthebull.com/chart/?symbol=BYBIT:CCUSDT.P&timeframe=1)
---
[2026-03-25 16:01:44 UTC] ID:2721663
[Bybit - GRASSUSDT  5MIN Maxy Bud tf 5 differenza 24h:  +5.33% PERFEZIONE](https://bullweb.scalpingthebull.com/chart/?symbol=BYBIT:GRASSUSDT.P&timeframe=5)
---
[2026-03-25 16:02:17 UTC] ID:2721664
[Bybit - MUSDT      1MIN SHIMANO differenza 24h:  +28.22%](https://bullweb.scalpingthebull.com/chart/?symbol=BYBIT:MUSDT.P&timeframe=1)
---
[2026-03-25 16:03:44 UTC] ID:2721665
[Bybit - GRIFFAINUS daily10 verso 0.010898 24h: +5.47% PERFEZIONE](https://bullweb.scalpingthebull.com/chart/?symbol=BYBIT:GRIFFAINUSDT.P&timeframe=1D)
---
[2026-03-25 16:04:34 UTC] ID:2721666
[Bybit - CUSDT      5MIN Rottura ema 223 tf 5 differenza 24h:  +22.15%](https://bullweb.scalpingthebull.com/chart/?symbol=BYBIT:CUSDT.P&timeframe=5)
---
[2026-03-25 16:05:25 UTC] ID:2721667
[Bybit - NAORISUSDT 5MIN Incrocio 60 - 223 differenza 24h:  +7.94% PERFEZIONE](https://bullweb.scalpingthebull.com/chart/?symbol=BYBIT:NAORISUSDT.P&timeframe=5)
---
[2026-03-25 16:05:45 UTC] ID:2721668
[Bybit - UBUSDT     5MIN Maxy Bud tf 5 differenza 24h:  +9.43% PERFEZIONE](https://bullweb.scalpingthebull.com/chart/?symbol=BYBIT:UBUSDT.P&timeframe=5)
---
[2026-03-25 16:06:17 UTC] ID:2721669
[Bybit - MONUSDT    5MIN terzotocco ema60. 24h: +11.14%](https://bullweb.scalpingthebull.com/chart/?symbol=BYBIT:MONUSDT.P&timeframe=5)
---
[2026-03-25 16:07:16 UTC] ID:2721670
[Bybit - OLUSDT     1MIN Bomba differenza 24h:  +15.83%](https://bullweb.scalpingthebull.com/chart/?symbol=BYBIT:OLUSDT.P&timeframe=1)
---
[2026-03-25 16:07:16 UTC] ID:2721671
[Bybit - NAORISUSDT 1MIN Bomba differenza 24h:  +10.57% PERFEZIONE](https://bullweb.scalpingthebull.com/chart/?symbol=BYBIT:NAORISUSDT.P&timeframe=1)
---
[2026-03-25 16:07:19 UTC] ID:2721672
[Bybit - OLUSDT     1MIN Bomba Sismografo differenza 24h:  +15.83%](https://bullweb.scalpingthebull.com/chart/?symbol=BYBIT:OLUSDT.P&timeframe=1)
---
[2026-03-25 16:07:21 UTC] ID:2721673
[Bybit - NAORISUSDT 1MIN Bomba Sismografo differenza 24h:  +10.57% PERFEZIONE](https://bullweb.scalpingthebull.com/chart/?symbol=BYBIT:NAORISUSDT.P&timeframe=1)
---
[2026-03-25 16:08:24 UTC] ID:2721674
[Bybit - PIPPINUSDT 1GIORNO differenza 3% su minimo di ieri. Differenza candela giorno precedente: -12.64% PERFEZIONE](https://bullweb.scalpingthebull.com/chart/?symbol=BYBIT:PIPPINUSDT.P&timeframe=1H)
---
[2026-03-25 16:08:34 UTC] ID:2721675
[Bybit - STABLEUSDT 1MIN emersione incrocio 60/223. 24h: +5.09%](https://bullweb.scalpingthebull.com/chart/?symbol=BYBIT:STABLEUSDT.P&timeframe=1)
---
[2026-03-25 16:08:36 UTC] ID:2721676
[Bybit - CUSDT      1MIN Funding del -1.014% alle ore 21:00:00 differenza 24h:  +23.7%](https://bullweb.scalpingthebull.com/chart/?symbol=BYBIT:CUSDT.P&timeframe=1)
---
[2026-03-25 16:10:27 UTC] ID:2721677
[Bybit - BLESSUSDT  5MIN  viagra sopra ema 10. differenza 24h:  +11.44% PERFEZIONE](https://bullweb.scalpingthebull.com/chart/?symbol=BYBIT:BLESSUSDT.P&timeframe=5)
---
[2026-03-25 16:10:32 UTC] ID:2721678
[Bybit - CUSDT      5MIN terzotocco ema60. 24h: +23.33%](https://bullweb.scalpingthebull.com/chart/?symbol=BYBIT:CUSDT.P&timeframe=5)
---
[2026-03-25 16:11:22 UTC] ID:2721679
[Bybit - MUSDT      5MIN Maxy Bud tf 5 differenza 24h:  +30.13% PERFEZIONE](https://bullweb.scalpingthebull.com/chart/?symbol=BYBIT:MUSDT.P&timeframe=5)
---
[2026-03-25 16:12:24 UTC] ID:2721680
[Bybit - PEAQUSDT   5MIN  Tre Cime differenza 24h:  -5.81%](https://bullweb.scalpingthebull.com/chart/?symbol=BYBIT:PEAQUSDT.P&timeframe=5)
---
[2026-03-25 16:12:24 UTC] ID:2721681
[Bybit - PIPPINUSDT 1GIORNO  C'è Fear differenza 24h:  -15.29% PERFEZIONE](https://bullweb.scalpingthebull.com/chart/?symbol=BYBIT:PIPPINUSDT.P&timeframe=1D)
---
[2026-03-25 16:12:41 UTC] ID:2721682
[Bybit - TOWNSUSDT  5MIN Incrocio 60 - 223 differenza 24h:  +5.08%](https://bullweb.scalpingthebull.com/chart/?symbol=BYBIT:TOWNSUSDT.P&timeframe=5)
---
[2026-03-25 16:15:14 UTC] ID:2721683
[Bybit - MONUSDT    martello 2. 24h: +10.57%](https://bullweb.scalpingthebull.com/chart/?symbol=BYBIT:MONUSDT.P&timeframe=5)
---
[2026-03-25 16:18:28 UTC] ID:2721684
[Bybit - SIRENUSDT  1MIN Bomba differenza 24h:  +151.57%](https://bullweb.scalpingthebull.com/chart/?symbol=BYBIT:SIRENUSDT.P&timeframe=1)
---
[2026-03-25 16:18:31 UTC] ID:2721685
[Bybit - SIRENUSDT  1MIN Bomba Sismografo differenza 24h:  +151.57%](https://bullweb.scalpingthebull.com/chart/?symbol=BYBIT:SIRENUSDT.P&timeframe=1)
---
[2026-03-25 16:18:38 UTC] ID:2721686
[Bybit - SIRENUSDT 1GIORNO differenza 3% su massimo di ieri. Differenza candela giorno precedente: +151.72% PERFEZIONE](https://bullweb.scalpingthebull.com/chart/?symbol=BYBIT:SIRENUSDT.P&timeframe=1H)
---
[2026-03-25 16:18:43 UTC] ID:2721687
[Bybit - SIRENUSDT  1GIORNO  C'è Fomo differenza 24h:  +151.57% PERFEZIONE](https://bullweb.scalpingthebull.com/chart/?symbol=BYBIT:SIRENUSDT.P&timeframe=1D)
---
[2026-03-25 16:18:45 UTC] ID:2721688
[Bybit - SIRENUSDT  5MIN Kfc differenza 24h:  +151.57%](https://bullweb.scalpingthebull.com/chart/?symbol=BYBIT:SIRENUSDT.P&timeframe=5)
---
[2026-03-25 16:19:45 UTC] ID:2721689
[Bybit - ICNTUSDT   1GIORNO doppio tocco. 24h: +12.02% PERFEZIONE](https://bullweb.scalpingthebull.com/chart/?symbol=BYBIT:ICNTUSDT.P&timeframe=1H)
---
[2026-03-25 16:21:23 UTC] ID:2721690
[Bybit - PUMPBTCUSD 1MIN Bomba Sismografo differenza 24h:  +16.47%](https://bullweb.scalpingthebull.com/chart/?symbol=BYBIT:PUMPBTCUSDT.P&timeframe=1)
---
[2026-03-25 16:21:41 UTC] ID:2721691
[Bybit - ESPORTSUSD 1GIORNO doppio tocco. 24h: +18.42% PERFEZIONE](https://bullweb.scalpingthebull.com/chart/?symbol=BYBIT:ESPORTSUSDT.P&timeframe=1H)
---
[2026-03-25 16:24:20 UTC] ID:2721692
[Bybit - AKTUSDT    1MIN emersione incrocio 60/223. 24h: +5.54% PERFEZIONE](https://bullweb.scalpingthebull.com/chart/?symbol=BYBIT:AKTUSDT.P&timeframe=1)
---
[2026-03-25 16:25:15 UTC] ID:2721693
[Bybit - MBOXUSDT   5MIN Maxy Bud tf 5 differenza 24h:  +6.08%](https://bullweb.scalpingthebull.com/chart/?symbol=BYBIT:MBOXUSDT.P&timeframe=5)
---
[2026-03-25 16:27:17 UTC] ID:2721694
[Bybit - MUSDT      30MIN bud. 24h: +42.29%](https://bullweb.scalpingthebull.com/chart/?symbol=BYBIT:MUSDT.P&timeframe=30)
---
[2026-03-25 16:27:18 UTC] ID:2721695
[Bybit - 1000BONKUS 5MIN terzotocco ema60. 24h: +5.72% PERFEZIONE](https://bullweb.scalpingthebull.com/chart/?symbol=BYBIT:1000BONKUSDT.P&timeframe=5)
---
[2026-03-25 16:27:25 UTC] ID:2721696
[Bybit - RLUSDUSDT  è quasi in ATH di 500 giorni 0.01% dal cambio candela](https://bullweb.scalpingthebull.com/chart/?symbol=BYBIT:RLUSDUSDT.P&timeframe=1D)
---
[2026-03-25 16:27:27 UTC] ID:2721697
[Bybit - PUMPFUNUSD 5MIN terzotocco ema60. 24h: +5.52% PERFEZIONE](https://bullweb.scalpingthebull.com/chart/?symbol=BYBIT:PUMPFUNUSDT.P&timeframe=5)
---
[2026-03-25 16:27:45 UTC] ID:2721698
[Bybit - HIPPOUSDT  5MIN terzotocco ema60. 24h: +17.05%](https://bullweb.scalpingthebull.com/chart/?symbol=BYBIT:HIPPOUSDT.P&timeframe=5)
---
[2026-03-25 16:27:45 UTC] ID:2721699
[Bybit - VIRTUALUSD 5MIN terzotocco ema60. 24h: +5.27% PERFEZIONE](https://bullweb.scalpingthebull.com/chart/?symbol=BYBIT:VIRTUALUSDT.P&timeframe=5)
---
[2026-03-25 16:28:29 UTC] ID:2721700
[Bybit - RENDERUSDT 1GIORNO doppio tocco. 24h: +11.02% PERFEZIONE](https://bullweb.scalpingthebull.com/chart/?symbol=BYBIT:RENDERUSDT.P&timeframe=1H)
---
[2026-03-25 16:29:21 UTC] ID:2721701
[Bybit - MUSDT      5MIN Kfc differenza 24h:  +46.39% PERFEZIONE](https://bullweb.scalpingthebull.com/chart/?symbol=BYBIT:MUSDT.P&timeframe=5)
---
[2026-03-25 16:29:21 UTC] ID:2721702
[Bybit - ARCUSDT    5MIN terzotocco ema60. 24h: -5.05%](https://bullweb.scalpingthebull.com/chart/?symbol=BYBIT:ARCUSDT.P&timeframe=5)
---
[2026-03-25 16:30:23 UTC] ID:2721703
[Bybit - POLUSDT    daily10 verso 0.10281 24h: +5.13%](https://bullweb.scalpingthebull.com/chart/?symbol=BYBIT:POLUSDT.P&timeframe=1D)
---
[2026-03-25 16:30:25 UTC] ID:2721704
[Bybit - BANANAS31U 30MIN SHIMANO differenza 24h:  -9.13%](https://bullweb.scalpingthebull.com/chart/?symbol=BYBIT:BANANAS31USDT.P&timeframe=30)
---
[2026-03-25 16:30:27 UTC] ID:2721705
[Bybit - BANKUSDT  1GIORNO differenza 3% su massimo di ieri. Differenza candela giorno precedente: +5.16% PERFEZIONE](https://bullweb.scalpingthebull.com/chart/?symbol=BYBIT:BANKUSDT.P&timeframe=1H)
---
[2026-03-25 16:30:34 UTC] ID:2721706
[Bybit - SIRENUSDT  5MIN Maxy Bud tf 5 differenza 24h:  +162.36%](https://bullweb.scalpingthebull.com/chart/?symbol=BYBIT:SIRENUSDT.P&timeframe=5)
---
[2026-03-25 16:31:39 UTC] ID:2721707
[Bybit - STABLEUSDT 5MIN Antincrocio tf 5 differenza 24h:  +6.21% PERFEZIONE](https://bullweb.scalpingthebull.com/chart/?symbol=BYBIT:STABLEUSDT.P&timeframe=5)
---
[2026-03-25 16:31:45 UTC] ID:2721708
[Bybit - VVVUSDT    1GIORNO doppio tocco. 24h: +18.25% PERFEZIONE](https://bullweb.scalpingthebull.com/chart/?symbol=BYBIT:VVVUSDT.P&timeframe=1H)
---
[2026-03-25 16:32:21 UTC] ID:2721709
[Bybit - PROMUSDT   1MIN Bomba differenza 24h:  +0.34%](https://bullweb.scalpingthebull.com/chart/?symbol=BYBIT:PROMUSDT.P&timeframe=1)
---
[2026-03-25 16:32:22 UTC] ID:2721710
[Bybit - OPNUSDT    5MIN terzotocco ema60. 24h: -5.35% PERFEZIONE](https://bullweb.scalpingthebull.com/chart/?symbol=BYBIT:OPNUSDT.P&timeframe=5)
---
[2026-03-25 16:32:25 UTC] ID:2721711
[Bybit - PROMUSDT   1MIN Bomba Sismografo differenza 24h:  +0.34%](https://bullweb.scalpingthebull.com/chart/?symbol=BYBIT:PROMUSDT.P&timeframe=1)
---
[2026-03-25 16:32:30 UTC] ID:2721712
[Bybit - BSUUSDT    5MIN  Tre Cime differenza 24h:  +10.8% PERFEZIONE](https://bullweb.scalpingthebull.com/chart/?symbol=BYBIT:BSUUSDT.P&timeframe=5)
---
[2026-03-25 16:32:35 UTC] ID:2721713
[Bybit - DYDXUSDT   daily10 verso 0.09587 24h: +12.46%](https://bullweb.scalpingthebull.com/chart/?symbol=BYBIT:DYDXUSDT.P&timeframe=1D)
---
[2026-03-25 16:32:44 UTC] ID:2721714
[Bybit - UBUSDT     5MIN  viagra sopra ema 10. differenza 24h:  +11.93% PERFEZIONE](https://bullweb.scalpingthebull.com/chart/?symbol=BYBIT:UBUSDT.P&timeframe=5)
---
[2026-03-25 16:32:45 UTC] ID:2721715
[Bybit - JCTUSDT    1MIN Bomba Sismografo differenza 24h:  -3.96% PERFEZIONE](https://bullweb.scalpingthebull.com/chart/?symbol=BYBIT:JCTUSDT.P&timeframe=1)
---
[2026-03-25 16:33:30 UTC] ID:2721716
[Bybit - BABYUSDT   5MIN Maxy Bud tf 5 differenza 24h:  +5.06%](https://bullweb.scalpingthebull.com/chart/?symbol=BYBIT:BABYUSDT.P&timeframe=5)
---
[2026-03-25 16:35:21 UTC] ID:2721717
[Bybit - AKTUSDT    1MIN SHIMANO differenza 24h:  +5.84% PERFEZIONE](https://bullweb.scalpingthebull.com/chart/?symbol=BYBIT:AKTUSDT.P&timeframe=1)
---
[2026-03-25 16:35:27 UTC] ID:2721718
[Bybit - BRUSDT     1MIN Bomba Sismografo differenza 24h:  +29.57%](https://bullweb.scalpingthebull.com/chart/?symbol=BYBIT:BRUSDT.P&timeframe=1)
---
[2026-03-25 16:35:31 UTC] ID:2721719
[Bybit - CETUSUSDT  daily10 verso 0.025361 24h: +5.84% PERFEZIONE](https://bullweb.scalpingthebull.com/chart/?symbol=BYBIT:CETUSUSDT.P&timeframe=1D)
---
[2026-03-25 16:35:41 UTC] ID:2721720
[Bybit - CETUSUSDT 1GIORNO differenza 3% su massimo di ieri. Differenza candela giorno precedente: +5.84% PERFEZIONE](https://bullweb.scalpingthebull.com/chart/?symbol=BYBIT:CETUSUSDT.P&timeframe=1H)
---
[2026-03-25 16:36:43 UTC] ID:2721721
[Bybit - VFYUSDT    1MIN emersione incrocio 60/223. 24h: -9.62%](https://bullweb.scalpingthebull.com/chart/?symbol=BYBIT:VFYUSDT.P&timeframe=1)
---
[2026-03-25 16:39:47 UTC] ID:2721722
[Bybit - L3USDT     1MIN emersione incrocio 60/223. 24h: +27.03% PERFEZIONE](https://bullweb.scalpingthebull.com/chart/?symbol=BYBIT:L3USDT.P&timeframe=1)
---
[2026-03-25 16:40:30 UTC] ID:2721723
[Bybit - SIRENUSDT  1MIN Panico Pa Panico Pa Panico PAURAAA differenza 24h:  +131.59% PERFEZIONE](https://bullweb.scalpingthebull.com/chart/?symbol=BYBIT:SIRENUSDT.P&timeframe=1)
---
[2026-03-25 16:40:32 UTC] ID:2721724
[Bybit - SKYUSDT    5MIN SHIMANO differenza 24h:  +5.65% PERFEZIONE](https://bullweb.scalpingthebull.com/chart/?symbol=BYBIT:SKYUSDT.P&timeframe=5)
---
[2026-03-25 16:40:42 UTC] ID:2721725
[Bybit - ESPORTSUSD 5MIN Maxy Bud tf 5 differenza 24h:  +18.66% PERFEZIONE](https://bullweb.scalpingthebull.com/chart/?symbol=BYBIT:ESPORTSUSDT.P&timeframe=5)
---
[2026-03-25 16:43:18 UTC] ID:2721726
[Bybit - MBOXUSDT   1MIN Molla tf 1 differenza 24h:  +5.99%](https://bullweb.scalpingthebull.com/chart/?symbol=BYBIT:MBOXUSDT.P&timeframe=1)
---
[2026-03-25 16:45:40 UTC] ID:2721727
[Bybit - ENAUSDT    5MIN Maxy Bud tf 5 differenza 24h:  +9.47% PERFEZIONE](https://bullweb.scalpingthebull.com/chart/?symbol=BYBIT:ENAUSDT.P&timeframe=5)
---
[2026-03-25 16:45:45 UTC] ID:2721728
[Bybit - KATUSDT    5MIN emersione incrocio 60/223. 24h: +5.88%](https://bullweb.scalpingthebull.com/chart/?symbol=BYBIT:KATUSDT.P&timeframe=5)
---
[2026-03-25 16:45:46 UTC] ID:2721729
[Bybit - ZEREBROUSD 5MIN Maxy Bud tf 5 differenza 24h:  +7.19% PERFEZIONE](https://bullweb.scalpingthebull.com/chart/?symbol=BYBIT:ZEREBROUSDT.P&timeframe=5)
---
[2026-03-25 16:47:25 UTC] ID:2721730
[Bybit - BANANAS31U 1GIORNO differenza 3% su minimo di ieri. Differenza candela giorno precedente: -7.57% PERFEZIONE](https://bullweb.scalpingthebull.com/chart/?symbol=BYBIT:BANANAS31USDT.P&timeframe=1H)
---
[2026-03-25 16:47:45 UTC] ID:2721731
[Bybit - L3USDT     5MIN terzotocco ema60. 24h: +27.93%](https://bullweb.scalpingthebull.com/chart/?symbol=BYBIT:L3USDT.P&timeframe=5)
---
[2026-03-25 16:50:44 UTC] ID:2721732
[Bybit - XNYUSDT    5MIN SHIMANO differenza 24h:  +9.7%](https://bullweb.scalpingthebull.com/chart/?symbol=BYBIT:XNYUSDT.P&timeframe=5)
---
[2026-03-25 16:52:31 UTC] ID:2721733
[Bybit - CAMPUSDT   5MIN terzotocco ema60. 24h: +5.2% PERFEZIONE](https://bullweb.scalpingthebull.com/chart/?symbol=BYBIT:CAMPUSDT.P&timeframe=5)
---
[2026-03-25 16:54:38 UTC] ID:2721734
[Bybit - TRIAUSDT   5MIN terzotocco ema60. 24h: -10.12%](https://bullweb.scalpingthebull.com/chart/?symbol=BYBIT:TRIAUSDT.P&timeframe=5)
---
[2026-03-25 16:55:13 UTC] ID:2721735
[Bybit - MBOXUSDT   1MIN SHIMANO differenza 24h:  +5.19%](https://bullweb.scalpingthebull.com/chart/?symbol=BYBIT:MBOXUSDT.P&timeframe=1)
---
[2026-03-25 16:55:22 UTC] ID:2721736
[Bybit - ALLOUSDT   1GIORNO doppio tocco. 24h: +7.02% PERFEZIONE](https://bullweb.scalpingthebull.com/chart/?symbol=BYBIT:ALLOUSDT.P&timeframe=1H)
---
[2026-03-25 16:55:39 UTC] ID:2721737
[Bybit - UBUSDT     5MIN bud. 24h: +11.29% PERFEZIONE](https://bullweb.scalpingthebull.com/chart/?symbol=BYBIT:UBUSDT.P&timeframe=5)
---
[2026-03-25 16:55:47 UTC] ID:2721738
[Bybit - ZAMAUSDT   5MIN  viagra sopra ema 10. differenza 24h:  +6.0% PERFEZIONE](https://bullweb.scalpingthebull.com/chart/?symbol=BYBIT:ZAMAUSDT.P&timeframe=5)
---
[2026-03-25 16:58:39 UTC] ID:2721739
[Bybit - TRIAUSDT   1MIN Bomba Sismografo differenza 24h:  -8.06% PERFEZIONE](https://bullweb.scalpingthebull.com/chart/?symbol=BYBIT:TRIAUSDT.P&timeframe=1)
---
[2026-03-25 17:00:20 UTC] ID:2721740
[Bybit - ASTRUSDT   1MIN Bomba differenza 24h:  +7.69%](https://bullweb.scalpingthebull.com/chart/?symbol=BYBIT:ASTRUSDT.P&timeframe=1)
---
[2026-03-25 17:00:27 UTC] ID:2721741
[Bybit - ASTRUSDT   1MIN Bomba Sismografo differenza 24h:  +7.69%](https://bullweb.scalpingthebull.com/chart/?symbol=BYBIT:ASTRUSDT.P&timeframe=1)
---
[2026-03-25 17:00:36 UTC] ID:2721742
[Bybit - ASTRUSDT   5MIN terzotocco ema60. 24h: +7.54%](https://bullweb.scalpingthebull.com/chart/?symbol=BYBIT:ASTRUSDT.P&timeframe=5)
---
[2026-03-25 17:00:45 UTC] ID:2721743
[Bybit - ICNTUSDT   5MIN Maxy Bud tf 5 differenza 24h:  +13.19% PERFEZIONE](https://bullweb.scalpingthebull.com/chart/?symbol=BYBIT:ICNTUSDT.P&timeframe=5)
---
[2026-03-25 17:01:21 UTC] ID:2721744
[Bybit - OLUSDT     5MIN Rimbalzo ema 60 tf 5 differenza 24h:  +9.68%](https://bullweb.scalpingthebull.com/chart/?symbol=BYBIT:OLUSDT.P&timeframe=5)
---
[2026-03-25 17:01:23 UTC] ID:2721745
[Bybit - AIXBTUSDT  5MIN Maxy Bud tf 5 differenza 24h:  +8.31%](https://bullweb.scalpingthebull.com/chart/?symbol=BYBIT:AIXBTUSDT.P&timeframe=5)
---
[2026-03-25 17:02:31 UTC] ID:2721746
[Bybit - CCUSDT     1GIORNO doppio tocco. 24h: +5.19% PERFEZIONE](https://bullweb.scalpingthebull.com/chart/?symbol=BYBIT:CCUSDT.P&timeframe=1H)
---
[2026-03-25 17:02:41 UTC] ID:2721747
[Bybit - CCUSDT     5MIN Maxy Bud tf 5 differenza 24h:  +5.19% PERFEZIONE](https://bullweb.scalpingthebull.com/chart/?symbol=BYBIT:CCUSDT.P&timeframe=5)
---
[2026-03-25 17:04:46 UTC] ID:2721748
[Bybit - KATUSDT    30MIN terzotocco ema60. 24h: +5.96%](https://bullweb.scalpingthebull.com/chart/?symbol=BYBIT:KATUSDT.P&timeframe=30)
---
[2026-03-25 17:07:31 UTC] ID:2721749
[Bybit - RIVERUSDT  1MIN Funding del -2.0% alle ore 21:00:00 differenza 24h:  -16.72% PERFEZIONE](https://bullweb.scalpingthebull.com/chart/?symbol=BYBIT:RIVERUSDT.P&timeframe=1)
---
[2026-03-25 17:07:36 UTC] ID:2721750
[Bybit - STOUSDT   1GIORNO differenza 3% su massimo di ieri. Differenza candela giorno precedente: +5.24%](https://bullweb.scalpingthebull.com/chart/?symbol=BYBIT:STOUSDT.P&timeframe=1H)
---
[2026-03-25 17:09:18 UTC] ID:2721751
[Bybit - NAORISUSDT 1MIN SHIMANO differenza 24h:  +6.6% PERFEZIONE](https://bullweb.scalpingthebull.com/chart/?symbol=BYBIT:NAORISUSDT.P&timeframe=1)
---
[2026-03-25 17:10:44 UTC] ID:2721752
[Bybit - VELVETUSDT 30MIN SHIMANO differenza 24h:  +6.45% PERFEZIONE](https://bullweb.scalpingthebull.com/chart/?symbol=BYBIT:VELVETUSDT.P&timeframe=30)
---
[2026-03-25 17:12:22 UTC] ID:2721753
[Bybit - MUSDT      5MIN Maxy Bud tf 5 differenza 24h:  +38.17% PERFEZIONE](https://bullweb.scalpingthebull.com/chart/?symbol=BYBIT:MUSDT.P&timeframe=5)
---
[2026-03-25 17:14:26 UTC] ID:2721754
[Bybit - BLUAIUSDT  1MIN Bomba Sismografo differenza 24h:  -4.11% PERFEZIONE](https://bullweb.scalpingthebull.com/chart/?symbol=BYBIT:BLUAIUSDT.P&timeframe=1)
---
[2026-03-25 17:15:23 UTC] ID:2721755
[Bybit - ASTRUSDT   5MIN Maxy Bud tf 5 differenza 24h:  +6.44%](https://bullweb.scalpingthebull.com/chart/?symbol=BYBIT:ASTRUSDT.P&timeframe=5)
---
[2026-03-25 17:15:31 UTC] ID:2721756
[Bybit - BSUUSDT    5MIN Rimbalzo ema 60 tf 5 differenza 24h:  +9.07% PERFEZIONE](https://bullweb.scalpingthebull.com/chart/?symbol=BYBIT:BSUUSDT.P&timeframe=5)
---
[2026-03-25 17:15:44 UTC] ID:2721757
[Bybit - IOUSDT     5MIN bud. 24h: +7.32% PERFEZIONE](https://bullweb.scalpingthebull.com/chart/?symbol=BYBIT:IOUSDT.P&timeframe=5)
---
[2026-03-25 17:15:48 UTC] ID:2721758
[Bybit - IOUSDT     5MIN Maxy Bud tf 5 differenza 24h:  +7.32% PERFEZIONE](https://bullweb.scalpingthebull.com/chart/?symbol=BYBIT:IOUSDT.P&timeframe=5)
---
[2026-03-25 17:16:34 UTC] ID:2721759
[Bybit - SWARMSUSDT 5MIN bud. 24h: +7.87% PERFEZIONE](https://bullweb.scalpingthebull.com/chart/?symbol=BYBIT:SWARMSUSDT.P&timeframe=5)
---
[2026-03-25 17:17:31 UTC] ID:2721760
[Bybit - BSUUSDT    5MIN Rottura ema 60 tf 5 differenza 24h:  +9.07% PERFEZIONE](https://bullweb.scalpingthebull.com/chart/?symbol=BYBIT:BSUUSDT.P&timeframe=5)
---
[2026-03-25 17:18:26 UTC] ID:2721761
[Bybit - PUMPBTCUSD 5MIN Rimbalzo ema 60 tf 5 differenza 24h:  +13.14%](https://bullweb.scalpingthebull.com/chart/?symbol=BYBIT:PUMPBTCUSDT.P&timeframe=5)
---
[2026-03-25 17:18:44 UTC] ID:2721762
[Bybit - GRASSUSDT  1MIN SHIMANO differenza 24h:  +5.08% PERFEZIONE](https://bullweb.scalpingthebull.com/chart/?symbol=BYBIT:GRASSUSDT.P&timeframe=1)
---
[2026-03-25 17:20:18 UTC] ID:2721763
[Bybit - ONTUSDT    1MIN emersione incrocio 60/223. 24h: +5.12%](https://bullweb.scalpingthebull.com/chart/?symbol=BYBIT:ONTUSDT.P&timeframe=1)
---
[2026-03-25 17:20:29 UTC] ID:2721764
[Bybit - BLESSUSDT  5MIN  Tre Cime differenza 24h:  +12.17% PERFEZIONE](https://bullweb.scalpingthebull.com/chart/?symbol=BYBIT:BLESSUSDT.P&timeframe=5)
---
[2026-03-25 17:20:38 UTC] ID:2721765
[Bybit - STOUSDT    5MIN Maxy Bud tf 5 differenza 24h:  +5.36% PERFEZIONE](https://bullweb.scalpingthebull.com/chart/?symbol=BYBIT:STOUSDT.P&timeframe=5)
---
[2026-03-25 17:21:36 UTC] ID:2721766
[Binance - TAOUSDC    muro a 370.0 . 24h: +17.33% PERFEZIONE](https://bullweb.scalpingthebull.com/chart/?symbol=BINANCE:TAOUSDC&timeframe=1)
---
[2026-03-25 17:22:25 UTC] ID:2721767
[Bybit - PIPPINUSDT saldi. 24h: -21.66% PERFEZIONE](https://bullweb.scalpingthebull.com/chart/?symbol=BYBIT:PIPPINUSDT.P&timeframe=1D)
---
[2026-03-25 17:22:42 UTC] ID:2721768
[Bybit - VFYUSDT    1MIN Bomba Sismografo differenza 24h:  -9.03%](https://bullweb.scalpingthebull.com/chart/?symbol=BYBIT:VFYUSDT.P&timeframe=1)
---
[2026-03-25 17:23:24 UTC] ID:2721769
[Bybit - PIPPINUSDT 5MIN Kfc differenza 24h:  -23.77% PERFEZIONE](https://bullweb.scalpingthebull.com/chart/?symbol=BYBIT:PIPPINUSDT.P&timeframe=5)
---
[2026-03-25 17:23:48 UTC] ID:2721770
[Bybit - LIGHTUSDT  saldi. 24h: -18.99% PERFEZIONE](https://bullweb.scalpingthebull.com/chart/?symbol=BYBIT:LIGHTUSDT.P&timeframe=1D)
---
[2026-03-25 17:25:23 UTC] ID:2721771
[Bybit - PIPPINUSDT 5MIN  viagra sotto ema 10. differenza 24h:  -25.52% PERFEZIONE](https://bullweb.scalpingthebull.com/chart/?symbol=BYBIT:PIPPINUSDT.P&timeframe=5)
---
[2026-03-25 17:25:26 UTC] ID:2721772
[Bybit - BLESSUSDT  1MIN SHIMANO differenza 24h:  +11.91% PERFEZIONE](https://bullweb.scalpingthebull.com/chart/?symbol=BYBIT:BLESSUSDT.P&timeframe=1)
---
[2026-03-25 17:25:37 UTC] ID:2721773
[Bybit - CRVUSDT    5MIN Maxy Bud tf 5 differenza 24h:  +7.95% PERFEZIONE](https://bullweb.scalpingthebull.com/chart/?symbol=BYBIT:CRVUSDT.P&timeframe=5)
---
[2026-03-25 17:26:25 UTC] ID:2721774
[Bybit - BLUAIUSDT  1MIN Bomba differenza 24h:  +2.26%](https://bullweb.scalpingthebull.com/chart/?symbol=BYBIT:BLUAIUSDT.P&timeframe=1)
---
[2026-03-25 17:27:30 UTC] ID:2721775
[Bybit - BLUAIUSDT  30MIN terzotocco ema60. 24h: +6.19% PERFEZIONE](https://bullweb.scalpingthebull.com/chart/?symbol=BYBIT:BLUAIUSDT.P&timeframe=30)
---
[2026-03-25 17:27:44 UTC] ID:2721776
[Bybit - BLUAIUSDT  5MIN Kfc differenza 24h:  +6.19%](https://bullweb.scalpingthebull.com/chart/?symbol=BYBIT:BLUAIUSDT.P&timeframe=5)
---
[2026-03-25 17:29:43 UTC] ID:2721777
[Bybit - VFYUSDT    5MIN terzotocco ema60. 24h: -9.29%](https://bullweb.scalpingthebull.com/chart/?symbol=BYBIT:VFYUSDT.P&timeframe=5)
---
[2026-03-25 17:30:35 UTC] ID:2721778
[Bybit - CYSUSDT    30MIN  viagra sotto ema 10. differenza 24h:  -29.82% PERFEZIONE](https://bullweb.scalpingthebull.com/chart/?symbol=BYBIT:CYSUSDT.P&timeframe=30)
---
[2026-03-25 17:30:45 UTC] ID:2721779
[Bybit - JCTUSDT    1MIN emersione incrocio 60/223. 24h: -5.33% PERFEZIONE](https://bullweb.scalpingthebull.com/chart/?symbol=BYBIT:JCTUSDT.P&timeframe=1)
---
[2026-03-25 17:31:23 UTC] ID:2721780
[Bybit - AIXBTUSDT  30MIN  viagra sopra ema 10. differenza 24h:  +9.46% PERFEZIONE](https://bullweb.scalpingthebull.com/chart/?symbol=BYBIT:AIXBTUSDT.P&timeframe=30)
---
[2026-03-25 17:33:24 UTC] ID:2721781
[Bybit - BANKUSDT   1MIN Bomba differenza 24h:  +9.95%](https://bullweb.scalpingthebull.com/chart/?symbol=BYBIT:BANKUSDT.P&timeframe=1)
---
[2026-03-25 17:33:31 UTC] ID:2721782
[Bybit - BANKUSDT   1MIN Bomba Sismografo differenza 24h:  +9.95%](https://bullweb.scalpingthebull.com/chart/?symbol=BYBIT:BANKUSDT.P&timeframe=1)
---
[2026-03-25 17:33:42 UTC] ID:2721783
[Bybit - BANKUSDT   1MIN Antincrocio tf 1 differenza 24h:  +9.95%](https://bullweb.scalpingthebull.com/chart/?symbol=BYBIT:BANKUSDT.P&timeframe=1)
---
[2026-03-25 17:34:27 UTC] ID:2721784
[Bybit - PUMPBTCUSD 5MIN Rottura ema 60 tf 5 differenza 24h:  +13.47%](https://bullweb.scalpingthebull.com/chart/?symbol=BYBIT:PUMPBTCUSDT.P&timeframe=5)
---
[2026-03-25 17:35:37 UTC] ID:2721785
[Binance - TAOUSDC    1GIORNO doppio tocco. 24h: +18.58% PERFEZIONE](https://bullweb.scalpingthebull.com/chart/?symbol=BINANCE:TAOUSDC&timeframe=1H)
---
[2026-03-25 17:37:27 UTC] ID:2721786
[Bybit - BSUUSDT    1MIN Bomba Sismografo differenza 24h:  +5.62%](https://bullweb.scalpingthebull.com/chart/?symbol=BYBIT:BSUUSDT.P&timeframe=1)
---
[2026-03-25 17:37:31 UTC] ID:2721787
[Bybit - SIRENUSDT  5MIN terzotocco ema60. 24h: +120.2%](https://bullweb.scalpingthebull.com/chart/?symbol=BYBIT:SIRENUSDT.P&timeframe=5)
---
[2026-03-25 17:37:41 UTC] ID:2721788
[Bybit - BSUUSDT    5MIN Rimbalzo ema 223 tf 5 differenza 24h:  +5.62% PERFEZIONE](https://bullweb.scalpingthebull.com/chart/?symbol=BYBIT:BSUUSDT.P&timeframe=5)
---
[2026-03-25 17:37:47 UTC] ID:2721789
[Bybit - BSUUSDT    5MIN Rottura ema 223 tf 5 differenza 24h:  +5.62% PERFEZIONE](https://bullweb.scalpingthebull.com/chart/?symbol=BYBIT:BSUUSDT.P&timeframe=5)
---
