[2026-03-25 14:05:20 UTC] ID:2721520
[Bybit - AKTUSDT    5MIN SHIMANO differenza 24h:  +5.44%](https://bullweb.scalpingthebull.com/chart/?symbol=BYBIT:AKTUSDT.P&timeframe=5)
---
[2026-03-25 14:03:21 UTC] ID:2721519
[Bybit - OPNUSDT    sta per fare il cambio colore PERFEZIONE](https://bullweb.scalpingthebull.com/chart/?symbol=BYBIT:OPNUSDT.P&timeframe=1D)
---
[2026-03-25 14:02:44 UTC] ID:2721518
[Bybit - WIFUSDT    1MIN SHIMANO differenza 24h:  +6.07%](https://bullweb.scalpingthebull.com/chart/?symbol=BYBIT:WIFUSDT.P&timeframe=1)
---
[2026-03-25 14:00:32 UTC] ID:2721517
[Bybit - CLUSDT     30MIN Nata EMA60 a timeframe 30 differenza 24h:  -2.97% PERFEZIONE](https://bullweb.scalpingthebull.com/chart/?symbol=BYBIT:CLUSDT.P&timeframe=30)
---
[2026-03-25 14:00:25 UTC] ID:2721516
[Bybit - PTBUSDT    30MIN  viagra sopra ema 10. differenza 24h:  +5.45% PERFEZIONE](https://bullweb.scalpingthebull.com/chart/?symbol=BYBIT:PTBUSDT.P&timeframe=30)
---
[2026-03-25 14:06:17 UTC] ID:2721521
[Bybit - OLUSDT     5MIN bud. 24h: +9.44%](https://bullweb.scalpingthebull.com/chart/?symbol=BYBIT:OLUSDT.P&timeframe=5)
---
[2026-03-25 14:06:43 UTC] ID:2721522
[Bybit - JCTUSDT    1MIN Bomba Sismografo differenza 24h:  -5.88%](https://bullweb.scalpingthebull.com/chart/?symbol=BYBIT:JCTUSDT.P&timeframe=1)
---
[2026-03-25 14:07:29 UTC] ID:2721523
[Bybit - BOBAUSDT   1MIN SHIMANO differenza 24h:  +7.85% PERFEZIONE](https://bullweb.scalpingthebull.com/chart/?symbol=BYBIT:BOBAUSDT.P&timeframe=1)
---
[2026-03-25 14:07:35 UTC] ID:2721524
[Bybit - SXPUSDT    1MIN SHIMANO differenza 24h:  +5.14%](https://bullweb.scalpingthebull.com/chart/?symbol=BYBIT:SXPUSDT.P&timeframe=1)
---
[2026-03-25 14:08:39 UTC] ID:2721525
[Bybit - ENAUSDT    1MIN SHIMANO differenza 24h:  +6.49% PERFEZIONE](https://bullweb.scalpingthebull.com/chart/?symbol=BYBIT:ENAUSDT.P&timeframe=1)
---
[2026-03-25 14:10:23 UTC] ID:2721526
[Bybit - NTRNUSDT   5MIN Incrocio 60 - 223 differenza 24h:  -5.64% PERFEZIONE](https://bullweb.scalpingthebull.com/chart/?symbol=BYBIT:NTRNUSDT.P&timeframe=5)
---
[2026-03-25 14:12:27 UTC] ID:2721527
[Bybit - BSUUSDT    1MIN Bomba differenza 24h:  +7.79%](https://bullweb.scalpingthebull.com/chart/?symbol=BYBIT:BSUUSDT.P&timeframe=1)
---
[2026-03-25 14:12:34 UTC] ID:2721528
[Bybit - BSUUSDT    1MIN Bomba Sismografo differenza 24h:  +7.79%](https://bullweb.scalpingthebull.com/chart/?symbol=BYBIT:BSUUSDT.P&timeframe=1)
---
[2026-03-25 14:13:16 UTC] ID:2721529
[Bybit - LRCUSDT    5MIN  Tre Cime differenza 24h:  -7.92%](https://bullweb.scalpingthebull.com/chart/?symbol=BYBIT:LRCUSDT.P&timeframe=5)
---
[2026-03-25 14:13:20 UTC] ID:2721530
[Bybit - OLUSDT     1GIORNO doppio tocco. 24h: +11.08% PERFEZIONE](https://bullweb.scalpingthebull.com/chart/?symbol=BYBIT:OLUSDT.P&timeframe=1H)
---
[2026-03-25 14:13:32 UTC] ID:2721531
[Bybit - BOBAUSDT   5MIN Rimbalzo ema 60 tf 5 differenza 24h:  +7.77% PERFEZIONE](https://bullweb.scalpingthebull.com/chart/?symbol=BYBIT:BOBAUSDT.P&timeframe=5)
---
[2026-03-25 14:15:29 UTC] ID:2721532
[Bybit - BSUUSDT    5MIN  viagra sopra ema 10. differenza 24h:  +8.02% PERFEZIONE](https://bullweb.scalpingthebull.com/chart/?symbol=BYBIT:BSUUSDT.P&timeframe=5)
---
[2026-03-25 14:15:39 UTC] ID:2721533
[Bybit - ESPORTSUSD 5MIN  viagra sopra ema 10. differenza 24h:  +12.41% PERFEZIONE](https://bullweb.scalpingthebull.com/chart/?symbol=BYBIT:ESPORTSUSDT.P&timeframe=5)
---
[2026-03-25 14:16:12 UTC] ID:2721534
[Bybit - MAGMAUSDT  1MIN emersione incrocio 60/223. 24h: -16.04% PERFEZIONE](https://bullweb.scalpingthebull.com/chart/?symbol=BYBIT:MAGMAUSDT.P&timeframe=1)
---
[2026-03-25 14:17:44 UTC] ID:2721535
[Bybit - HIPPOUSDT  5MIN Rimbalzo ema 60 tf 5 differenza 24h:  +15.86%](https://bullweb.scalpingthebull.com/chart/?symbol=BYBIT:HIPPOUSDT.P&timeframe=5)
---
[2026-03-25 14:18:31 UTC] ID:2721536
[Bybit - BRUSDT     1MIN SHIMANO differenza 24h:  +25.83% PERFEZIONE](https://bullweb.scalpingthebull.com/chart/?symbol=BYBIT:BRUSDT.P&timeframe=1)
---
[2026-03-25 14:20:33 UTC] ID:2721537
[Bybit - CYSUSDT    1MIN Bomba Sismografo differenza 24h:  -23.98% PERFEZIONE](https://bullweb.scalpingthebull.com/chart/?symbol=BYBIT:CYSUSDT.P&timeframe=1)
---
[2026-03-25 14:22:39 UTC] ID:2721538
[Binance - FETUSDC    5MIN terzotocco ema60. 24h: +11.74% PERFEZIONE](https://bullweb.scalpingthebull.com/chart/?symbol=BINANCE:FETUSDC&timeframe=5)
---
[2026-03-25 14:23:44 UTC] ID:2721539
[Bybit - HIPPOUSDT  1MIN SHIMANO differenza 24h:  +16.7% PERFEZIONE](https://bullweb.scalpingthebull.com/chart/?symbol=BYBIT:HIPPOUSDT.P&timeframe=1)
---
[2026-03-25 14:24:36 UTC] ID:2721540
[Bybit - DUSKUSDT   1MIN emersione incrocio 60/223. 24h: -6.84% PERFEZIONE](https://bullweb.scalpingthebull.com/chart/?symbol=BYBIT:DUSKUSDT.P&timeframe=1)
---
[2026-03-25 14:25:24 UTC] ID:2721541
[Bybit - PIPPINUSDT 5MIN terzotocco ema60. 24h: -9.5% PERFEZIONE](https://bullweb.scalpingthebull.com/chart/?symbol=BYBIT:PIPPINUSDT.P&timeframe=5)
---
[2026-03-25 14:25:28 UTC] ID:2721542
[Bybit - BANANAS31U 1GIORNO  viagra sopra ema 10. differenza 24h:  -5.08% PERFEZIONE](https://bullweb.scalpingthebull.com/chart/?symbol=BYBIT:BANANAS31USDT.P&timeframe=1D)
---
[2026-03-25 14:25:30 UTC] ID:2721543
[Bybit - BSUUSDT    5MIN bud. 24h: +9.73% PERFEZIONE](https://bullweb.scalpingthebull.com/chart/?symbol=BYBIT:BSUUSDT.P&timeframe=5)
---
[2026-03-25 14:25:41 UTC] ID:2721544
[Bybit - BSUUSDT    5MIN Maxy Bud tf 5 differenza 24h:  +9.73% PERFEZIONE](https://bullweb.scalpingthebull.com/chart/?symbol=BYBIT:BSUUSDT.P&timeframe=5)
---
[2026-03-25 14:26:44 UTC] ID:2721545
[Bybit - GUNUSDT    5MIN SHIMANO differenza 24h:  -5.14% PERFEZIONE](https://bullweb.scalpingthebull.com/chart/?symbol=BYBIT:GUNUSDT.P&timeframe=5)
---
[2026-03-25 14:27:30 UTC] ID:2721546
[Bybit - BOBAUSDT   5MIN Rottura ema 60 tf 5 differenza 24h:  +6.65% PERFEZIONE](https://bullweb.scalpingthebull.com/chart/?symbol=BYBIT:BOBAUSDT.P&timeframe=5)
---
[2026-03-25 14:29:14 UTC] ID:2721547
[Bybit - MAGMAUSDT  1GIORNO differenza 3% su minimo di ieri. Differenza candela giorno precedente: -17.53% PERFEZIONE](https://bullweb.scalpingthebull.com/chart/?symbol=BYBIT:MAGMAUSDT.P&timeframe=1H)
---
[2026-03-25 14:29:40 UTC] ID:2721548
[Bybit - ENAUSDT    1MIN Molla tf 1 differenza 24h:  +6.96%](https://bullweb.scalpingthebull.com/chart/?symbol=BYBIT:ENAUSDT.P&timeframe=1)
---
[2026-03-25 14:30:14 UTC] ID:2721549
[Bybit - MONUSDT    30MIN bud. 24h: +14.28% PERFEZIONE](https://bullweb.scalpingthebull.com/chart/?symbol=BYBIT:MONUSDT.P&timeframe=30)
---
[2026-03-25 14:30:20 UTC] ID:2721550
[Bybit - OLUSDT     5MIN Maxy Bud tf 5 differenza 24h:  +11.97%](https://bullweb.scalpingthebull.com/chart/?symbol=BYBIT:OLUSDT.P&timeframe=5)
---
[2026-03-25 14:30:25 UTC] ID:2721551
[Bybit - RESOLVUSDT 5MIN emersione incrocio 60/223. 24h: -5.29% PERFEZIONE](https://bullweb.scalpingthebull.com/chart/?symbol=BYBIT:RESOLVUSDT.P&timeframe=5)
---
[2026-03-25 14:30:43 UTC] ID:2721552
[Bybit - GUNUSDT    5MIN emersione incrocio 60/223. 24h: -6.12% PERFEZIONE](https://bullweb.scalpingthebull.com/chart/?symbol=BYBIT:GUNUSDT.P&timeframe=5)
---
[2026-03-25 14:31:32 UTC] ID:2721553
[Bybit - BRUSDT     30MIN terzotocco ema60. 24h: +25.54% PERFEZIONE](https://bullweb.scalpingthebull.com/chart/?symbol=BYBIT:BRUSDT.P&timeframe=30)
---
[2026-03-25 14:32:23 UTC] ID:2721554
[Bybit - ARCUSDT    1MIN Antincrocio tf 1 differenza 24h:  -6.01%](https://bullweb.scalpingthebull.com/chart/?symbol=BYBIT:ARCUSDT.P&timeframe=1)
---
[2026-03-25 14:35:28 UTC] ID:2721555
[Bybit - BRUSDT     1MIN Bomba Sismografo differenza 24h:  +31.16% PERFEZIONE](https://bullweb.scalpingthebull.com/chart/?symbol=BYBIT:BRUSDT.P&timeframe=1)
---
[2026-03-25 14:35:45 UTC] ID:2721556
[Bybit - JCTUSDT    5MIN Incrocio 60 - 223 differenza 24h:  -8.63% PERFEZIONE](https://bullweb.scalpingthebull.com/chart/?symbol=BYBIT:JCTUSDT.P&timeframe=5)
---
[2026-03-25 14:35:47 UTC] ID:2721557
[Bybit - LIGHTUSDT  1MIN SHIMANO differenza 24h:  -21.26% PERFEZIONE](https://bullweb.scalpingthebull.com/chart/?symbol=BYBIT:LIGHTUSDT.P&timeframe=1)
---
[2026-03-25 14:36:30 UTC] ID:2721558
[Bybit - CAMPUSDT   1GIORNO rottura ema 10.  24h: +9.04% PERFEZIONE](https://bullweb.scalpingthebull.com/chart/?symbol=BYBIT:CAMPUSDT.P&timeframe=1D)
---
[2026-03-25 14:38:17 UTC] ID:2721559
[Bybit - MNTUSDT    5MIN terzotocco ema60. 24h: +5.36%](https://bullweb.scalpingthebull.com/chart/?symbol=BYBIT:MNTUSDT.P&timeframe=5)
---
[2026-03-25 14:41:17 UTC] ID:2721560
[Bybit - MUSDT      daily10 verso 2.0373 24h: +11.86%](https://bullweb.scalpingthebull.com/chart/?symbol=BYBIT:MUSDT.P&timeframe=1D)
---
[2026-03-25 14:41:17 UTC] ID:2721561
[Bybit - 4USDT      5MIN Rimbalzo ema 60 tf 5 differenza 24h:  +7.53%](https://bullweb.scalpingthebull.com/chart/?symbol=BYBIT:4USDT.P&timeframe=5)
---
[2026-03-25 14:41:19 UTC] ID:2721562
[Bybit - MONUSDT    5MIN  Tre Cime differenza 24h:  +13.59%](https://bullweb.scalpingthebull.com/chart/?symbol=BYBIT:MONUSDT.P&timeframe=5)
---
[2026-03-25 14:41:44 UTC] ID:2721563
[Bybit - HPOS10IUSD 1MIN Bomba differenza 24h:  +4.41%](https://bullweb.scalpingthebull.com/chart/?symbol=BYBIT:HPOS10IUSDT.P&timeframe=1)
---
[2026-03-25 14:41:45 UTC] ID:2721564
[Bybit - HPOS10IUSD 1MIN Bomba Sismografo differenza 24h:  +4.41%](https://bullweb.scalpingthebull.com/chart/?symbol=BYBIT:HPOS10IUSDT.P&timeframe=1)
---
[2026-03-25 14:42:29 UTC] ID:2721565
[Bybit - BRUSDT     1MIN emersione incrocio 60/223. 24h: +32.55% PERFEZIONE](https://bullweb.scalpingthebull.com/chart/?symbol=BYBIT:BRUSDT.P&timeframe=1)
---
[2026-03-25 14:44:43 UTC] ID:2721566
[Bybit - USELESSUSD 5MIN bud. 24h: +6.39% PERFEZIONE](https://bullweb.scalpingthebull.com/chart/?symbol=BYBIT:USELESSUSDT.P&timeframe=5)
---
[2026-03-25 14:45:43 UTC] ID:2721567
[Bybit - GRIFFAINUS 1MIN SHIMANO differenza 24h:  +5.32%](https://bullweb.scalpingthebull.com/chart/?symbol=BYBIT:GRIFFAINUSDT.P&timeframe=1)
---
[2026-03-25 14:46:27 UTC] ID:2721568
[Bybit - BANANAS31U 1GIORNO differenza 3% su minimo di ieri. Differenza candela giorno precedente: -5.48% PERFEZIONE](https://bullweb.scalpingthebull.com/chart/?symbol=BYBIT:BANANAS31USDT.P&timeframe=1H)
---
[2026-03-25 14:46:45 UTC] ID:2721569
[Bybit - XANUSDT    30MIN terzotocco ema60. 24h: +5.8%](https://bullweb.scalpingthebull.com/chart/?symbol=BYBIT:XANUSDT.P&timeframe=30)
---
[2026-03-25 14:47:26 UTC] ID:2721570
[Bybit - BLUAIUSDT  5MIN terzotocco ema60. 24h: -14.11%](https://bullweb.scalpingthebull.com/chart/?symbol=BYBIT:BLUAIUSDT.P&timeframe=5)
---
[2026-03-25 14:48:17 UTC] ID:2721571
[Bybit - OLUSDT     daily10 verso 0.015822 24h: +14.55%](https://bullweb.scalpingthebull.com/chart/?symbol=BYBIT:OLUSDT.P&timeframe=1D)
---
[2026-03-25 14:48:44 UTC] ID:2721572
[Bybit - VELVETUSDT 1GIORNO doppio tocco. 24h: +5.72% PERFEZIONE](https://bullweb.scalpingthebull.com/chart/?symbol=BYBIT:VELVETUSDT.P&timeframe=1H)
---
[2026-03-25 14:49:29 UTC] ID:2721573
[Bybit - RIVERUSDT  5MIN terzotocco ema60. 24h: -14.13%](https://bullweb.scalpingthebull.com/chart/?symbol=BYBIT:RIVERUSDT.P&timeframe=5)
---
[2026-03-25 14:49:45 UTC] ID:2721574
[Bybit - IOUSDT     1MIN Bomba differenza 24h:  +4.5%](https://bullweb.scalpingthebull.com/chart/?symbol=BYBIT:IOUSDT.P&timeframe=1)
---
[2026-03-25 14:49:47 UTC] ID:2721575
[Bybit - IOUSDT     1MIN Bomba Sismografo differenza 24h:  +4.5%](https://bullweb.scalpingthebull.com/chart/?symbol=BYBIT:IOUSDT.P&timeframe=1)
---
[2026-03-25 14:50:46 UTC] ID:2721576
[Bybit - L3USDT     1MIN Funding del -1.195% alle ore 17:00:00 differenza 24h:  +37.67% PERFEZIONE](https://bullweb.scalpingthebull.com/chart/?symbol=BYBIT:L3USDT.P&timeframe=1)
---
[2026-03-25 14:51:45 UTC] ID:2721577
[Bybit - VVVUSDT    martello 2. 24h: +18.12%](https://bullweb.scalpingthebull.com/chart/?symbol=BYBIT:VVVUSDT.P&timeframe=5)
---
[2026-03-25 14:52:18 UTC] ID:2721578
[Bybit - MONUSDT    1MIN SHIMANO differenza 24h:  +13.49% PERFEZIONE](https://bullweb.scalpingthebull.com/chart/?symbol=BYBIT:MONUSDT.P&timeframe=1)
---
[2026-03-25 14:53:24 UTC] ID:2721579
[Bybit - ARCUSDT    5MIN  Tre Cime differenza 24h:  -6.52% PERFEZIONE](https://bullweb.scalpingthebull.com/chart/?symbol=BYBIT:ARCUSDT.P&timeframe=5)
---
[2026-03-25 14:54:20 UTC] ID:2721580
[Bybit - ATHUSDT    5MIN bud. 24h: +11.69%](https://bullweb.scalpingthebull.com/chart/?symbol=BYBIT:ATHUSDT.P&timeframe=5)
---
[2026-03-25 14:56:28 UTC] ID:2721581
[Bybit - BRUSDT     5MIN emersione incrocio 60/223. 24h: +30.06% PERFEZIONE](https://bullweb.scalpingthebull.com/chart/?symbol=BYBIT:BRUSDT.P&timeframe=5)
---
[2026-03-25 14:57:20 UTC] ID:2721582
[Bybit - MUSDT      5MIN Kfc differenza 24h:  +40.86% PERFEZIONE](https://bullweb.scalpingthebull.com/chart/?symbol=BYBIT:MUSDT.P&timeframe=5)
---
[2026-03-25 14:58:30 UTC] ID:2721583
[Bybit - SAHARAUSDT 5MIN bud. 24h: +6.56%](https://bullweb.scalpingthebull.com/chart/?symbol=BYBIT:SAHARAUSDT.P&timeframe=5)
---
[2026-03-25 14:59:34 UTC] ID:2721584
[Bybit - CUSDT      5MIN terzotocco ema60. 24h: +31.18%](https://bullweb.scalpingthebull.com/chart/?symbol=BYBIT:CUSDT.P&timeframe=5)
---
[2026-03-25 14:59:48 UTC] ID:2721585
[Bybit - HIPPOUSDT  5MIN Rottura ema 60 tf 5 differenza 24h:  +15.95%](https://bullweb.scalpingthebull.com/chart/?symbol=BYBIT:HIPPOUSDT.P&timeframe=5)
---
[2026-03-25 15:00:28 UTC] ID:2721586
[Bybit - BEATUSDT   30MIN  Tre Cime differenza 24h:  -5.38% PERFEZIONE](https://bullweb.scalpingthebull.com/chart/?symbol=BYBIT:BEATUSDT.P&timeframe=30)
---
[2026-03-25 15:01:18 UTC] ID:2721587
[Bybit - MUSDT      1MIN Panico Pa Panico Pa Panico PAURAAA differenza 24h:  +43.57% PERFEZIONE](https://bullweb.scalpingthebull.com/chart/?symbol=BYBIT:MUSDT.P&timeframe=1)
---
[2026-03-25 15:01:22 UTC] ID:2721588
[Bybit - ARCUSDT    5MIN terzotocco ema60. 24h: -6.77% PERFEZIONE](https://bullweb.scalpingthebull.com/chart/?symbol=BYBIT:ARCUSDT.P&timeframe=5)
---
[2026-03-25 15:02:15 UTC] ID:2721589
[Bybit - AIOZUSDT   1MIN Bomba differenza 24h:  +5.15%](https://bullweb.scalpingthebull.com/chart/?symbol=BYBIT:AIOZUSDT.P&timeframe=1)
---
[2026-03-25 15:02:15 UTC] ID:2721590
[Bybit - NTRNUSDT   1MIN Bomba Sismografo differenza 24h:  -4.37%](https://bullweb.scalpingthebull.com/chart/?symbol=BYBIT:NTRNUSDT.P&timeframe=1)
---
[2026-03-25 15:02:22 UTC] ID:2721591
[Bybit - AIOZUSDT   1MIN Bomba Sismografo differenza 24h:  +5.15%](https://bullweb.scalpingthebull.com/chart/?symbol=BYBIT:AIOZUSDT.P&timeframe=1)
---
[2026-03-25 15:04:30 UTC] ID:2721592
[Bybit - SIRENUSDT  1MIN Bomba Sismografo differenza 24h:  +142.07% PERFEZIONE](https://bullweb.scalpingthebull.com/chart/?symbol=BYBIT:SIRENUSDT.P&timeframe=1)
---
[2026-03-25 15:06:21 UTC] ID:2721593
[Bybit - PEAQUSDT   1MIN Bomba Sismografo differenza 24h:  -2.62% PERFEZIONE](https://bullweb.scalpingthebull.com/chart/?symbol=BYBIT:PEAQUSDT.P&timeframe=1)
---
[2026-03-25 15:06:35 UTC] ID:2721594
[Bybit - STOUSDT    5MIN terzotocco ema60. 24h: -5.93% PERFEZIONE](https://bullweb.scalpingthebull.com/chart/?symbol=BYBIT:STOUSDT.P&timeframe=5)
---
[2026-03-25 15:08:20 UTC] ID:2721595
[Bybit - MUSDT      30MIN Hammer tf 30 differenza 24h:  +48.26%](https://bullweb.scalpingthebull.com/chart/?symbol=BYBIT:MUSDT.P&timeframe=30)
---
[2026-03-25 15:09:23 UTC] ID:2721596
[Bybit - PUMPBTCUSD 1MIN Bomba Sismografo differenza 24h:  +11.1%](https://bullweb.scalpingthebull.com/chart/?symbol=BYBIT:PUMPBTCUSDT.P&timeframe=1)
---
[2026-03-25 15:09:42 UTC] ID:2721597
[Bybit - EDUUSDT    1GIORNO  viagra sotto ema 10. differenza 24h:  -5.63% PERFEZIONE](https://bullweb.scalpingthebull.com/chart/?symbol=BYBIT:EDUUSDT.P&timeframe=1D)
---
[2026-03-25 15:10:13 UTC] ID:2721598
[Bybit - MAGMAUSDT  5MIN terzotocco ema60. 24h: -11.42%](https://bullweb.scalpingthebull.com/chart/?symbol=BYBIT:MAGMAUSDT.P&timeframe=5)
---
[2026-03-25 15:10:22 UTC] ID:2721599
[Bybit - MUSDT      5MIN Maxy Bud tf 5 differenza 24h:  +41.75% PERFEZIONE](https://bullweb.scalpingthebull.com/chart/?symbol=BYBIT:MUSDT.P&timeframe=5)
---
