[2026-03-27 18:11:46 UTC] ID:2725322
[Bybit - FLUXUSDT   1GIORNO doppio tocco. 24h: +5.47%](https://bullweb.scalpingthebull.com/chart/?symbol=BYBIT:FLUXUSDT.P&timeframe=1H)
---
[2026-03-27 18:10:29 UTC] ID:2725321
[Bybit - BEATUSDT   1MIN SHIMANO differenza 24h:  -9.61%](https://bullweb.scalpingthebull.com/chart/?symbol=BYBIT:BEATUSDT.P&timeframe=1)
---
[2026-03-27 18:09:50 UTC] ID:2725320
[Bybit - LABUSDT    1MIN Molla tf 1 differenza 24h:  +9.33% PERFEZIONE](https://bullweb.scalpingthebull.com/chart/?symbol=BYBIT:LABUSDT.P&timeframe=1)
---
[2026-03-27 18:09:34 UTC] ID:2725319
[Bybit - CAMPUSDT   1MIN SHIMANO differenza 24h:  -8.89%](https://bullweb.scalpingthebull.com/chart/?symbol=BYBIT:CAMPUSDT.P&timeframe=1)
---
[2026-03-27 18:07:26 UTC] ID:2725318
[Bybit - RIVERUSDT  1MIN Bomba Sismografo differenza 24h:  -20.32%](https://bullweb.scalpingthebull.com/chart/?symbol=BYBIT:RIVERUSDT.P&timeframe=1)
---
[2026-03-27 18:12:29 UTC] ID:2725323
[Bybit - RIVERUSDT  5MIN terzotocco ema60. 24h: -19.24%](https://bullweb.scalpingthebull.com/chart/?symbol=BYBIT:RIVERUSDT.P&timeframe=5)
---
[2026-03-27 18:12:31 UTC] ID:2725324
[Bybit - RAVEUSDT   5MIN Maxy Bud tf 5 differenza 24h:  +10.02% PERFEZIONE](https://bullweb.scalpingthebull.com/chart/?symbol=BYBIT:RAVEUSDT.P&timeframe=5)
---
[2026-03-27 18:13:49 UTC] ID:2725325
[Bybit - KITEUSDT   1MIN SHIMANO differenza 24h:  -9.11%](https://bullweb.scalpingthebull.com/chart/?symbol=BYBIT:KITEUSDT.P&timeframe=1)
---
[2026-03-27 18:14:31 UTC] ID:2725326
[Bybit - BLUAIUSDT  1MIN Bomba Sismografo differenza 24h:  -5.32%](https://bullweb.scalpingthebull.com/chart/?symbol=BYBIT:BLUAIUSDT.P&timeframe=1)
---
[2026-03-27 18:14:38 UTC] ID:2725327
[Bybit - BLUAIUSDT  1MIN Panico Pa Panico Pa Panico PAURAAA differenza 24h:  -5.32%](https://bullweb.scalpingthebull.com/chart/?symbol=BYBIT:BLUAIUSDT.P&timeframe=1)
---
[2026-03-27 18:14:50 UTC] ID:2725328
[Bybit - BLUAIUSDT  5MIN Rimbalzo ema 60 tf 5 differenza 24h:  -5.32%](https://bullweb.scalpingthebull.com/chart/?symbol=BYBIT:BLUAIUSDT.P&timeframe=5)
---
[2026-03-27 18:14:51 UTC] ID:2725329
[Bybit - BLUAIUSDT  5MIN Rimbalzo ema 223 tf 5 differenza 24h:  -5.32%](https://bullweb.scalpingthebull.com/chart/?symbol=BYBIT:BLUAIUSDT.P&timeframe=5)
---
[2026-03-27 18:14:56 UTC] ID:2725330
[Bybit - BLUAIUSDT  5MIN Kfc differenza 24h:  -5.32%](https://bullweb.scalpingthebull.com/chart/?symbol=BYBIT:BLUAIUSDT.P&timeframe=5)
---
[2026-03-27 18:15:20 UTC] ID:2725331
[Bybit - 1000RATSUS 5MIN SHIMANO differenza 24h:  +11.15% PERFEZIONE](https://bullweb.scalpingthebull.com/chart/?symbol=BYBIT:1000RATSUSDT.P&timeframe=5)
---
